#
# There is insufficient memory for the Java Runtime Environment to continue.
# Native memory allocation (malloc) failed to allocate 399456 bytes for Chunk::new
# Possible reasons:
#   The system is out of physical RAM or swap space
#   The process is running with CompressedOops enabled, and the Java Heap may be blocking the growth of the native heap
# Possible solutions:
#   Reduce memory load on the system
#   Increase physical memory or swap space
#   Check if swap backing store is full
#   Decrease Java heap size (-Xmx/-Xms)
#   Decrease number of Java threads
#   Decrease Java thread stack sizes (-Xss)
#   Set larger code cache with -XX:ReservedCodeCacheSize=
#   JVM is running with Unscaled Compressed Oops mode in which the Java heap is
#     placed in the first 4GB address space. The Java Heap base address is the
#     maximum limit for the native heap growth. Please use -XX:HeapBaseMinAddress
#     to set the Java Heap base and to place the Java Heap above 4GB virtual address.
# This output file may be truncated or incomplete.
#
#  Out of Memory Error (arena.cpp:184), pid=16572, tid=9432
#
# JRE version: Java(TM) SE Runtime Environment (18.0.2.1+1) (build 18.0.2.1+1-1)
# Java VM: Java HotSpot(TM) 64-Bit Server VM (18.0.2.1+1-1, mixed mode, sharing, tiered, compressed oops, compressed class ptrs, g1 gc, windows-amd64)
# No core dump will be written. Minidumps are not enabled by default on client versions of Windows
#

---------------  S U M M A R Y ------------

Command Line: --add-opens=java.base/java.lang=ALL-UNNAMED --add-opens=java.base/java.util=ALL-UNNAMED -Dfile.encoding=UTF-8 -XX:+ShowCodeDetailsInExceptionMessages UI.Login_UI

Host: Intel(R) Core(TM) i5-2540M CPU @ 2.60GHz, 4 cores, 5G,  Windows 11 , 64 bit Build 22621 (10.0.22621.2428)
Time: Sat Oct 28 14:11:55 2023 SE Asia Standard Time elapsed time: 0.608299 seconds (0d 0h 0m 0s)

---------------  T H R E A D  ---------------

Current thread (0x0000020dc7f111d0):  JavaThread "C2 CompilerThread0" daemon [_thread_in_native, id=9432, stack(0x000000735b500000,0x000000735b600000)]


Current CompileTask:
C2:    608  613       4       sun.awt.image.PNGImageDecoder::filterRow (460 bytes)

Stack: [0x000000735b500000,0x000000735b600000]
Native frames: (J=compiled Java code, j=interpreted, Vv=VM code, C=native code)
V  [jvm.dll+0x6993aa]
V  [jvm.dll+0x7f46dd]
V  [jvm.dll+0x7f5fee]
V  [jvm.dll+0x7f66a3]
V  [jvm.dll+0x25cf1f]
V  [jvm.dll+0xb8c2f]
V  [jvm.dll+0xb8fa5]
V  [jvm.dll+0x2c7e2f]
V  [jvm.dll+0x5a0d8e]
V  [jvm.dll+0x2388de]
V  [jvm.dll+0x231ea5]
V  [jvm.dll+0x22f3cb]
V  [jvm.dll+0x1ba01c]
V  [jvm.dll+0x23ee0a]
V  [jvm.dll+0x23d0f5]
V  [jvm.dll+0x7a6dd1]
V  [jvm.dll+0x7a120a]
V  [jvm.dll+0x698255]
C  [ucrtbase.dll+0x29363]
C  [KERNEL32.DLL+0x1257d]
C  [ntdll.dll+0x5aa78]


---------------  P R O C E S S  ---------------

Threads class SMR info:
_java_thread_list=0x0000020dcc4b9740, length=17, elements={
0x0000020dabb1c140, 0x0000020dabb1cda0, 0x0000020dc7f019c0, 0x0000020dc7f02360,
0x0000020dc7f0b130, 0x0000020dc7f0bad0, 0x0000020dc7f111d0, 0x0000020dc7f11ac0,
0x0000020dc7f2cb90, 0x0000020dcc1804c0, 0x0000020dcc185ab0, 0x0000020dcc2804f0,
0x0000020dcc280ba0, 0x0000020dcc3dd830, 0x0000020dcc3ed070, 0x0000020da999a780,
0x0000020dcc494510
}

Java Threads: ( => current thread )
  0x0000020dabb1c140 JavaThread "Reference Handler" daemon [_thread_blocked, id=11144, stack(0x000000735af00000,0x000000735b000000)]
  0x0000020dabb1cda0 JavaThread "Finalizer" daemon [_thread_blocked, id=9220, stack(0x000000735b000000,0x000000735b100000)]
  0x0000020dc7f019c0 JavaThread "Signal Dispatcher" daemon [_thread_blocked, id=1944, stack(0x000000735b100000,0x000000735b200000)]
  0x0000020dc7f02360 JavaThread "Attach Listener" daemon [_thread_blocked, id=12308, stack(0x000000735b200000,0x000000735b300000)]
  0x0000020dc7f0b130 JavaThread "Service Thread" daemon [_thread_blocked, id=14540, stack(0x000000735b300000,0x000000735b400000)]
  0x0000020dc7f0bad0 JavaThread "Monitor Deflation Thread" daemon [_thread_blocked, id=10832, stack(0x000000735b400000,0x000000735b500000)]
=>0x0000020dc7f111d0 JavaThread "C2 CompilerThread0" daemon [_thread_in_native, id=9432, stack(0x000000735b500000,0x000000735b600000)]
  0x0000020dc7f11ac0 JavaThread "C1 CompilerThread0" daemon [_thread_blocked, id=1488, stack(0x000000735b600000,0x000000735b700000)]
  0x0000020dc7f2cb90 JavaThread "Sweeper thread" daemon [_thread_blocked, id=7052, stack(0x000000735b700000,0x000000735b800000)]
  0x0000020dcc1804c0 JavaThread "Common-Cleaner" daemon [_thread_blocked, id=14004, stack(0x000000735b800000,0x000000735b900000)]
  0x0000020dcc185ab0 JavaThread "Notification Thread" daemon [_thread_blocked, id=376, stack(0x000000735b900000,0x000000735ba00000)]
  0x0000020dcc2804f0 JavaThread "Java2D Disposer" daemon [_thread_blocked, id=5128, stack(0x000000735bb00000,0x000000735bc00000)]
  0x0000020dcc280ba0 JavaThread "AWT-Shutdown" [_thread_blocked, id=11532, stack(0x000000735bc00000,0x000000735bd00000)]
  0x0000020dcc3dd830 JavaThread "AWT-Windows" daemon [_thread_in_native, id=12340, stack(0x000000735bd00000,0x000000735be00000)]
  0x0000020dcc3ed070 JavaThread "AWT-EventQueue-0" [_thread_in_Java, id=6520, stack(0x000000735be00000,0x000000735bf00000)]
  0x0000020da999a780 JavaThread "DestroyJavaVM" [_thread_blocked, id=1484, stack(0x000000735a800000,0x000000735a900000)]
  0x0000020dcc494510 JavaThread "Image Fetcher 0" daemon [_thread_blocked, id=4524, stack(0x000000735bf00000,0x000000735c000000)]

Other Threads:
  0x0000020dabb13360 VMThread "VM Thread" [stack: 0x000000735ae00000,0x000000735af00000] [id=5436]
  0x0000020dcc187f80 WatcherThread "VM Periodic Task Thread" [stack: 0x000000735ba00000,0x000000735bb00000] [id=14008]
  0x0000020dabaae990 WorkerThread "GC Thread#0" [stack: 0x000000735a900000,0x000000735aa00000] [id=12996]
  0x0000020dababb1c0 ConcurrentGCThread "G1 Main Marker" [stack: 0x000000735aa00000,0x000000735ab00000] [id=14200]
  0x0000020dababc350 WorkerThread "G1 Conc#0" [stack: 0x000000735ab00000,0x000000735ac00000] [id=4540]
  0x0000020dabaede00 ConcurrentGCThread "G1 Refine#0" [stack: 0x000000735ac00000,0x000000735ad00000] [id=5720]
  0x0000020dabaee710 ConcurrentGCThread "G1 Service" [stack: 0x000000735ad00000,0x000000735ae00000] [id=1704]

Threads with active compile tasks:
C2 CompilerThread0      655  613       4       sun.awt.image.PNGImageDecoder::filterRow (460 bytes)

VM state: not at safepoint (normal execution)

VM Mutex/Monitor currently owned by a thread: None

Heap address: 0x00000000a3800000, size: 1480 MB, Compressed Oops mode: 32-bit

CDS archive(s) mapped at: [0x0000000800000000-0x0000000800ba0000-0x0000000800ba0000), size 12189696, SharedBaseAddress: 0x0000000800000000, ArchiveRelocationMode: 0.
Compressed class space mapped at: 0x0000000800c00000-0x0000000840c00000, reserved size: 1073741824
Narrow klass base: 0x0000000800000000, Narrow klass shift: 0, Narrow klass range: 0x100000000

GC Precious Log:
 CardTable entry size: 512
 Card Set container configuration: InlinePtr #cards 5 size 8 Array Of Cards #cards 12 size 40 Howl #buckets 4 coarsen threshold 1843 Howl Bitmap #cards 512 size 80 coarsen threshold 460 Card regions per heap region 1 cards per card region 2048
 CPUs: 4 total, 4 available
 Memory: 5919M
 Large Page Support: Disabled
 NUMA Support: Disabled
 Compressed Oops: Enabled (32-bit)
 Heap Region Size: 1M
 Heap Min Capacity: 8M
 Heap Initial Capacity: 94M
 Heap Max Capacity: 1480M
 Pre-touch: Disabled
 Parallel Workers: 4
 Concurrent Workers: 1
 Concurrent Refinement Workers: 4
 Periodic GC: Disabled

Heap:
 garbage-first heap   total 96256K, used 8192K [0x00000000a3800000, 0x0000000100000000)
  region size 1024K, 8 young (8192K), 0 survivors (0K)
 Metaspace       used 6441K, committed 6656K, reserved 1114112K
  class space    used 720K, committed 832K, reserved 1048576K

Heap Regions: E=young(eden), S=young(survivor), O=old, HS=humongous(starts), HC=humongous(continues), CS=collection set, F=free, OA=open archive, CA=closed archive, TAMS=top-at-mark-start (previous, next)
|   0|0x00000000a3800000, 0x00000000a3900000, 0x00000000a3900000|100%|HS|  |TAMS 0x00000000a3800000, 0x00000000a3800000| Complete 
|   1|0x00000000a3900000, 0x00000000a3900000, 0x00000000a3a00000|  0%| F|  |TAMS 0x00000000a3900000, 0x00000000a3900000| Untracked 
|   2|0x00000000a3a00000, 0x00000000a3a00000, 0x00000000a3b00000|  0%| F|  |TAMS 0x00000000a3a00000, 0x00000000a3a00000| Untracked 
|   3|0x00000000a3b00000, 0x00000000a3b00000, 0x00000000a3c00000|  0%| F|  |TAMS 0x00000000a3b00000, 0x00000000a3b00000| Untracked 
|   4|0x00000000a3c00000, 0x00000000a3c00000, 0x00000000a3d00000|  0%| F|  |TAMS 0x00000000a3c00000, 0x00000000a3c00000| Untracked 
|   5|0x00000000a3d00000, 0x00000000a3d00000, 0x00000000a3e00000|  0%| F|  |TAMS 0x00000000a3d00000, 0x00000000a3d00000| Untracked 
|   6|0x00000000a3e00000, 0x00000000a3e00000, 0x00000000a3f00000|  0%| F|  |TAMS 0x00000000a3e00000, 0x00000000a3e00000| Untracked 
|   7|0x00000000a3f00000, 0x00000000a3f00000, 0x00000000a4000000|  0%| F|  |TAMS 0x00000000a3f00000, 0x00000000a3f00000| Untracked 
|   8|0x00000000a4000000, 0x00000000a4000000, 0x00000000a4100000|  0%| F|  |TAMS 0x00000000a4000000, 0x00000000a4000000| Untracked 
|   9|0x00000000a4100000, 0x00000000a4100000, 0x00000000a4200000|  0%| F|  |TAMS 0x00000000a4100000, 0x00000000a4100000| Untracked 
|  10|0x00000000a4200000, 0x00000000a4200000, 0x00000000a4300000|  0%| F|  |TAMS 0x00000000a4200000, 0x00000000a4200000| Untracked 
|  11|0x00000000a4300000, 0x00000000a4300000, 0x00000000a4400000|  0%| F|  |TAMS 0x00000000a4300000, 0x00000000a4300000| Untracked 
|  12|0x00000000a4400000, 0x00000000a4400000, 0x00000000a4500000|  0%| F|  |TAMS 0x00000000a4400000, 0x00000000a4400000| Untracked 
|  13|0x00000000a4500000, 0x00000000a4500000, 0x00000000a4600000|  0%| F|  |TAMS 0x00000000a4500000, 0x00000000a4500000| Untracked 
|  14|0x00000000a4600000, 0x00000000a4600000, 0x00000000a4700000|  0%| F|  |TAMS 0x00000000a4600000, 0x00000000a4600000| Untracked 
|  15|0x00000000a4700000, 0x00000000a4700000, 0x00000000a4800000|  0%| F|  |TAMS 0x00000000a4700000, 0x00000000a4700000| Untracked 
|  16|0x00000000a4800000, 0x00000000a4800000, 0x00000000a4900000|  0%| F|  |TAMS 0x00000000a4800000, 0x00000000a4800000| Untracked 
|  17|0x00000000a4900000, 0x00000000a4900000, 0x00000000a4a00000|  0%| F|  |TAMS 0x00000000a4900000, 0x00000000a4900000| Untracked 
|  18|0x00000000a4a00000, 0x00000000a4a00000, 0x00000000a4b00000|  0%| F|  |TAMS 0x00000000a4a00000, 0x00000000a4a00000| Untracked 
|  19|0x00000000a4b00000, 0x00000000a4b00000, 0x00000000a4c00000|  0%| F|  |TAMS 0x00000000a4b00000, 0x00000000a4b00000| Untracked 
|  20|0x00000000a4c00000, 0x00000000a4c00000, 0x00000000a4d00000|  0%| F|  |TAMS 0x00000000a4c00000, 0x00000000a4c00000| Untracked 
|  21|0x00000000a4d00000, 0x00000000a4d00000, 0x00000000a4e00000|  0%| F|  |TAMS 0x00000000a4d00000, 0x00000000a4d00000| Untracked 
|  22|0x00000000a4e00000, 0x00000000a4e00000, 0x00000000a4f00000|  0%| F|  |TAMS 0x00000000a4e00000, 0x00000000a4e00000| Untracked 
|  23|0x00000000a4f00000, 0x00000000a4f00000, 0x00000000a5000000|  0%| F|  |TAMS 0x00000000a4f00000, 0x00000000a4f00000| Untracked 
|  24|0x00000000a5000000, 0x00000000a5000000, 0x00000000a5100000|  0%| F|  |TAMS 0x00000000a5000000, 0x00000000a5000000| Untracked 
|  25|0x00000000a5100000, 0x00000000a5100000, 0x00000000a5200000|  0%| F|  |TAMS 0x00000000a5100000, 0x00000000a5100000| Untracked 
|  26|0x00000000a5200000, 0x00000000a5200000, 0x00000000a5300000|  0%| F|  |TAMS 0x00000000a5200000, 0x00000000a5200000| Untracked 
|  27|0x00000000a5300000, 0x00000000a5300000, 0x00000000a5400000|  0%| F|  |TAMS 0x00000000a5300000, 0x00000000a5300000| Untracked 
|  28|0x00000000a5400000, 0x00000000a5400000, 0x00000000a5500000|  0%| F|  |TAMS 0x00000000a5400000, 0x00000000a5400000| Untracked 
|  29|0x00000000a5500000, 0x00000000a5500000, 0x00000000a5600000|  0%| F|  |TAMS 0x00000000a5500000, 0x00000000a5500000| Untracked 
|  30|0x00000000a5600000, 0x00000000a5600000, 0x00000000a5700000|  0%| F|  |TAMS 0x00000000a5600000, 0x00000000a5600000| Untracked 
|  31|0x00000000a5700000, 0x00000000a5700000, 0x00000000a5800000|  0%| F|  |TAMS 0x00000000a5700000, 0x00000000a5700000| Untracked 
|  32|0x00000000a5800000, 0x00000000a5800000, 0x00000000a5900000|  0%| F|  |TAMS 0x00000000a5800000, 0x00000000a5800000| Untracked 
|  33|0x00000000a5900000, 0x00000000a5900000, 0x00000000a5a00000|  0%| F|  |TAMS 0x00000000a5900000, 0x00000000a5900000| Untracked 
|  34|0x00000000a5a00000, 0x00000000a5a00000, 0x00000000a5b00000|  0%| F|  |TAMS 0x00000000a5a00000, 0x00000000a5a00000| Untracked 
|  35|0x00000000a5b00000, 0x00000000a5b00000, 0x00000000a5c00000|  0%| F|  |TAMS 0x00000000a5b00000, 0x00000000a5b00000| Untracked 
|  36|0x00000000a5c00000, 0x00000000a5c00000, 0x00000000a5d00000|  0%| F|  |TAMS 0x00000000a5c00000, 0x00000000a5c00000| Untracked 
|  37|0x00000000a5d00000, 0x00000000a5d00000, 0x00000000a5e00000|  0%| F|  |TAMS 0x00000000a5d00000, 0x00000000a5d00000| Untracked 
|  38|0x00000000a5e00000, 0x00000000a5e00000, 0x00000000a5f00000|  0%| F|  |TAMS 0x00000000a5e00000, 0x00000000a5e00000| Untracked 
|  39|0x00000000a5f00000, 0x00000000a5f00000, 0x00000000a6000000|  0%| F|  |TAMS 0x00000000a5f00000, 0x00000000a5f00000| Untracked 
|  40|0x00000000a6000000, 0x00000000a6000000, 0x00000000a6100000|  0%| F|  |TAMS 0x00000000a6000000, 0x00000000a6000000| Untracked 
|  41|0x00000000a6100000, 0x00000000a6100000, 0x00000000a6200000|  0%| F|  |TAMS 0x00000000a6100000, 0x00000000a6100000| Untracked 
|  42|0x00000000a6200000, 0x00000000a6200000, 0x00000000a6300000|  0%| F|  |TAMS 0x00000000a6200000, 0x00000000a6200000| Untracked 
|  43|0x00000000a6300000, 0x00000000a6300000, 0x00000000a6400000|  0%| F|  |TAMS 0x00000000a6300000, 0x00000000a6300000| Untracked 
|  44|0x00000000a6400000, 0x00000000a6400000, 0x00000000a6500000|  0%| F|  |TAMS 0x00000000a6400000, 0x00000000a6400000| Untracked 
|  45|0x00000000a6500000, 0x00000000a6500000, 0x00000000a6600000|  0%| F|  |TAMS 0x00000000a6500000, 0x00000000a6500000| Untracked 
|  46|0x00000000a6600000, 0x00000000a6600000, 0x00000000a6700000|  0%| F|  |TAMS 0x00000000a6600000, 0x00000000a6600000| Untracked 
|  47|0x00000000a6700000, 0x00000000a6700000, 0x00000000a6800000|  0%| F|  |TAMS 0x00000000a6700000, 0x00000000a6700000| Untracked 
|  48|0x00000000a6800000, 0x00000000a6800000, 0x00000000a6900000|  0%| F|  |TAMS 0x00000000a6800000, 0x00000000a6800000| Untracked 
|  49|0x00000000a6900000, 0x00000000a6900000, 0x00000000a6a00000|  0%| F|  |TAMS 0x00000000a6900000, 0x00000000a6900000| Untracked 
|  50|0x00000000a6a00000, 0x00000000a6a00000, 0x00000000a6b00000|  0%| F|  |TAMS 0x00000000a6a00000, 0x00000000a6a00000| Untracked 
|  51|0x00000000a6b00000, 0x00000000a6b00000, 0x00000000a6c00000|  0%| F|  |TAMS 0x00000000a6b00000, 0x00000000a6b00000| Untracked 
|  52|0x00000000a6c00000, 0x00000000a6c00000, 0x00000000a6d00000|  0%| F|  |TAMS 0x00000000a6c00000, 0x00000000a6c00000| Untracked 
|  53|0x00000000a6d00000, 0x00000000a6d00000, 0x00000000a6e00000|  0%| F|  |TAMS 0x00000000a6d00000, 0x00000000a6d00000| Untracked 
|  54|0x00000000a6e00000, 0x00000000a6e00000, 0x00000000a6f00000|  0%| F|  |TAMS 0x00000000a6e00000, 0x00000000a6e00000| Untracked 
|  55|0x00000000a6f00000, 0x00000000a6f00000, 0x00000000a7000000|  0%| F|  |TAMS 0x00000000a6f00000, 0x00000000a6f00000| Untracked 
|  56|0x00000000a7000000, 0x00000000a7000000, 0x00000000a7100000|  0%| F|  |TAMS 0x00000000a7000000, 0x00000000a7000000| Untracked 
|  57|0x00000000a7100000, 0x00000000a7100000, 0x00000000a7200000|  0%| F|  |TAMS 0x00000000a7100000, 0x00000000a7100000| Untracked 
|  58|0x00000000a7200000, 0x00000000a7200000, 0x00000000a7300000|  0%| F|  |TAMS 0x00000000a7200000, 0x00000000a7200000| Untracked 
|  59|0x00000000a7300000, 0x00000000a7300000, 0x00000000a7400000|  0%| F|  |TAMS 0x00000000a7300000, 0x00000000a7300000| Untracked 
|  60|0x00000000a7400000, 0x00000000a7400000, 0x00000000a7500000|  0%| F|  |TAMS 0x00000000a7400000, 0x00000000a7400000| Untracked 
|  61|0x00000000a7500000, 0x00000000a7500000, 0x00000000a7600000|  0%| F|  |TAMS 0x00000000a7500000, 0x00000000a7500000| Untracked 
|  62|0x00000000a7600000, 0x00000000a7600000, 0x00000000a7700000|  0%| F|  |TAMS 0x00000000a7600000, 0x00000000a7600000| Untracked 
|  63|0x00000000a7700000, 0x00000000a7700000, 0x00000000a7800000|  0%| F|  |TAMS 0x00000000a7700000, 0x00000000a7700000| Untracked 
|  64|0x00000000a7800000, 0x00000000a7800000, 0x00000000a7900000|  0%| F|  |TAMS 0x00000000a7800000, 0x00000000a7800000| Untracked 
|  65|0x00000000a7900000, 0x00000000a7900000, 0x00000000a7a00000|  0%| F|  |TAMS 0x00000000a7900000, 0x00000000a7900000| Untracked 
|  66|0x00000000a7a00000, 0x00000000a7a00000, 0x00000000a7b00000|  0%| F|  |TAMS 0x00000000a7a00000, 0x00000000a7a00000| Untracked 
|  67|0x00000000a7b00000, 0x00000000a7b00000, 0x00000000a7c00000|  0%| F|  |TAMS 0x00000000a7b00000, 0x00000000a7b00000| Untracked 
|  68|0x00000000a7c00000, 0x00000000a7c00000, 0x00000000a7d00000|  0%| F|  |TAMS 0x00000000a7c00000, 0x00000000a7c00000| Untracked 
|  69|0x00000000a7d00000, 0x00000000a7d00000, 0x00000000a7e00000|  0%| F|  |TAMS 0x00000000a7d00000, 0x00000000a7d00000| Untracked 
|  70|0x00000000a7e00000, 0x00000000a7e00000, 0x00000000a7f00000|  0%| F|  |TAMS 0x00000000a7e00000, 0x00000000a7e00000| Untracked 
|  71|0x00000000a7f00000, 0x00000000a7f00000, 0x00000000a8000000|  0%| F|  |TAMS 0x00000000a7f00000, 0x00000000a7f00000| Untracked 
|  72|0x00000000a8000000, 0x00000000a8000000, 0x00000000a8100000|  0%| F|  |TAMS 0x00000000a8000000, 0x00000000a8000000| Untracked 
|  73|0x00000000a8100000, 0x00000000a8100000, 0x00000000a8200000|  0%| F|  |TAMS 0x00000000a8100000, 0x00000000a8100000| Untracked 
|  74|0x00000000a8200000, 0x00000000a8200000, 0x00000000a8300000|  0%| F|  |TAMS 0x00000000a8200000, 0x00000000a8200000| Untracked 
|  75|0x00000000a8300000, 0x00000000a8300000, 0x00000000a8400000|  0%| F|  |TAMS 0x00000000a8300000, 0x00000000a8300000| Untracked 
|  76|0x00000000a8400000, 0x00000000a8400000, 0x00000000a8500000|  0%| F|  |TAMS 0x00000000a8400000, 0x00000000a8400000| Untracked 
|  77|0x00000000a8500000, 0x00000000a8500000, 0x00000000a8600000|  0%| F|  |TAMS 0x00000000a8500000, 0x00000000a8500000| Untracked 
|  78|0x00000000a8600000, 0x00000000a8600000, 0x00000000a8700000|  0%| F|  |TAMS 0x00000000a8600000, 0x00000000a8600000| Untracked 
|  79|0x00000000a8700000, 0x00000000a8700000, 0x00000000a8800000|  0%| F|  |TAMS 0x00000000a8700000, 0x00000000a8700000| Untracked 
|  80|0x00000000a8800000, 0x00000000a8800000, 0x00000000a8900000|  0%| F|  |TAMS 0x00000000a8800000, 0x00000000a8800000| Untracked 
|  81|0x00000000a8900000, 0x00000000a8900000, 0x00000000a8a00000|  0%| F|  |TAMS 0x00000000a8900000, 0x00000000a8900000| Untracked 
|  82|0x00000000a8a00000, 0x00000000a8a00000, 0x00000000a8b00000|  0%| F|  |TAMS 0x00000000a8a00000, 0x00000000a8a00000| Untracked 
|  83|0x00000000a8b00000, 0x00000000a8b00000, 0x00000000a8c00000|  0%| F|  |TAMS 0x00000000a8b00000, 0x00000000a8b00000| Untracked 
|  84|0x00000000a8c00000, 0x00000000a8c00000, 0x00000000a8d00000|  0%| F|  |TAMS 0x00000000a8c00000, 0x00000000a8c00000| Untracked 
|  85|0x00000000a8d00000, 0x00000000a8d00000, 0x00000000a8e00000|  0%| F|  |TAMS 0x00000000a8d00000, 0x00000000a8d00000| Untracked 
|  86|0x00000000a8e00000, 0x00000000a8e43210, 0x00000000a8f00000| 26%| E|  |TAMS 0x00000000a8e00000, 0x00000000a8e00000| Complete 
|  87|0x00000000a8f00000, 0x00000000a9000000, 0x00000000a9000000|100%| E|CS|TAMS 0x00000000a8f00000, 0x00000000a8f00000| Complete 
|  88|0x00000000a9000000, 0x00000000a9100000, 0x00000000a9100000|100%| E|CS|TAMS 0x00000000a9000000, 0x00000000a9000000| Complete 
|  89|0x00000000a9100000, 0x00000000a9200000, 0x00000000a9200000|100%| E|CS|TAMS 0x00000000a9100000, 0x00000000a9100000| Complete 
|  90|0x00000000a9200000, 0x00000000a9300000, 0x00000000a9300000|100%| E|CS|TAMS 0x00000000a9200000, 0x00000000a9200000| Complete 
|  91|0x00000000a9300000, 0x00000000a9400000, 0x00000000a9400000|100%| E|CS|TAMS 0x00000000a9300000, 0x00000000a9300000| Complete 
|  92|0x00000000a9400000, 0x00000000a9500000, 0x00000000a9500000|100%| E|CS|TAMS 0x00000000a9400000, 0x00000000a9400000| Complete 
|  93|0x00000000a9500000, 0x00000000a9600000, 0x00000000a9600000|100%| E|CS|TAMS 0x00000000a9500000, 0x00000000a9500000| Complete 

Card table byte_map: [0x0000020dc2680000,0x0000020dc2970000] _byte_map_base: 0x0000020dc2164000

Marking Bits (Prev, Next): (CMBitMap*) 0x0000020dabaaef90, (CMBitMap*) 0x0000020dabaaefd0
 Prev Bits: [0x0000020dc2c60000, 0x0000020dc4380000)
 Next Bits: [0x0000020dc4380000, 0x0000020dc5aa0000)

Polling page: 0x0000020dab220000

Metaspace:

Usage:
  Non-class:      5.70 MB used.
      Class:    733.55 KB used.
       Both:      6.42 MB used.

Virtual space:
  Non-class space:       64.00 MB reserved,       5.81 MB (  9%) committed,  1 nodes.
      Class space:        1.00 GB reserved,     832.00 KB ( <1%) committed,  1 nodes.
             Both:        1.06 GB reserved,       6.62 MB ( <1%) committed. 

Chunk freelists:
   Non-Class:  2.12 MB
       Class:  3.24 MB
        Both:  5.36 MB

MaxMetaspaceSize: unlimited
CompressedClassSpaceSize: 1.00 GB
Initial GC threshold: 21.00 MB
Current GC threshold: 21.00 MB
CDS: on
MetaspaceReclaimPolicy: balanced
 - commit_granule_bytes: 65536.
 - commit_granule_words: 8192.
 - virtual_space_node_default_size: 8388608.
 - enlarge_chunks_in_place: 1.
 - new_chunks_are_fully_committed: 0.
 - uncommit_free_chunks: 1.
 - use_allocation_guard: 0.


Internal statistics:

num_allocs_failed_limit: 0.
num_arena_births: 120.
num_arena_deaths: 0.
num_vsnodes_births: 2.
num_vsnodes_deaths: 0.
num_space_committed: 106.
num_space_uncommitted: 0.
num_chunks_returned_to_freelist: 0.
num_chunks_taken_from_freelist: 166.
num_chunk_merges: 0.
num_chunk_splits: 92.
num_chunks_enlarged: 26.
num_inconsistent_stats: 0.

CodeHeap 'non-profiled nmethods': size=120000Kb used=179Kb max_used=179Kb free=119820Kb
 bounds [0x0000020dbae60000, 0x0000020dbb0d0000, 0x0000020dc2390000]
CodeHeap 'profiled nmethods': size=120000Kb used=1013Kb max_used=1013Kb free=118987Kb
 bounds [0x0000020db3930000, 0x0000020db3ba0000, 0x0000020dbae60000]
CodeHeap 'non-nmethods': size=5760Kb used=1249Kb max_used=1259Kb free=4511Kb
 bounds [0x0000020db3390000, 0x0000020db3600000, 0x0000020db3930000]
 total_blobs=1211 nmethods=654 adapters=470
 compilation: enabled
              stopped_count=0, restarted_count=0
 full_count=0

Compilation events (20 events):
Event: 0.591 Thread 0x0000020dc7f11ac0  609       3       java.security.AccessController::executePrivileged (65 bytes)
Event: 0.591 Thread 0x0000020dc7f11ac0 nmethod 609 0x0000020db3a10f10 code [0x0000020db3a110e0, 0x0000020db3a113d8]
Event: 0.591 Thread 0x0000020dc7f11ac0  610       1       sun.awt.image.FileImageSource::checkSecurity (2 bytes)
Event: 0.592 Thread 0x0000020dc7f11ac0 nmethod 610 0x0000020dbae8a990 code [0x0000020dbae8ab20, 0x0000020dbae8abf8]
Event: 0.592 Thread 0x0000020dc7f11ac0  614   !   3       sun.awt.image.PNGImageDecoder::produceImage (1917 bytes)
Event: 0.601 Thread 0x0000020dc7f11ac0 nmethod 614 0x0000020db3a11510 code [0x0000020db3a11cc0, 0x0000020db3a16fc8]
Event: 0.601 Thread 0x0000020dc7f11ac0  615   !   3       sun.awt.image.ImageDecoder::nextConsumer (69 bytes)
Event: 0.601 Thread 0x0000020dc7f11ac0 nmethod 615 0x0000020db3a1b310 code [0x0000020db3a1b4e0, 0x0000020db3a1b918]
Event: 0.601 Thread 0x0000020dc7f11ac0  612       1       sun.awt.image.ImageWatched$Link::newInfo (2 bytes)
Event: 0.601 Thread 0x0000020dc7f11ac0 nmethod 612 0x0000020dbae8ac90 code [0x0000020dbae8ae20, 0x0000020dbae8aef8]
Event: 0.601 Thread 0x0000020dc7f11ac0  617  s    3       java.io.BufferedInputStream::read (113 bytes)
Event: 0.602 Thread 0x0000020dc7f11ac0 nmethod 617 0x0000020db3a1ba90 code [0x0000020db3a1bcc0, 0x0000020db3a1c538]
Event: 0.602 Thread 0x0000020dc7f11ac0  611       1       java.util.zip.Inflater$InflaterZStreamRef::address (5 bytes)
Event: 0.602 Thread 0x0000020dc7f11ac0 nmethod 611 0x0000020dbae8af90 code [0x0000020dbae8b120, 0x0000020dbae8b1f8]
Event: 0.602 Thread 0x0000020dc7f11ac0  620       3       java.lang.Boolean::valueOf (14 bytes)
Event: 0.602 Thread 0x0000020dc7f11ac0 nmethod 620 0x0000020db3a1c790 code [0x0000020db3a1c920, 0x0000020db3a1ca98]
Event: 0.602 Thread 0x0000020dc7f11ac0  618       3       java.security.AccessController::doPrivileged (17 bytes)
Event: 0.602 Thread 0x0000020dc7f11ac0 nmethod 618 0x0000020db3a1cb10 code [0x0000020db3a1cd00, 0x0000020db3a1d0b8]
Event: 0.602 Thread 0x0000020dc7f11ac0  619       3       java.awt.ImageMediaEntry::parseflags (31 bytes)
Event: 0.603 Thread 0x0000020dc7f11ac0 nmethod 619 0x0000020db3a1d290 code [0x0000020db3a1d440, 0x0000020db3a1d698]

GC Heap History (0 events):
No events

Deoptimization events (20 events):
Event: 0.601 Thread 0x0000020dcc494510 DEOPT PACKING pc=0x0000020db3a03e6d sp=0x000000735bffeea0
Event: 0.601 Thread 0x0000020dcc494510 DEOPT UNPACKING pc=0x0000020db33e2b43 sp=0x000000735bffe310 mode 0
Event: 0.602 Thread 0x0000020dcc494510 DEOPT PACKING pc=0x0000020db3a03e6d sp=0x000000735bffeea0
Event: 0.602 Thread 0x0000020dcc494510 DEOPT UNPACKING pc=0x0000020db33e2b43 sp=0x000000735bffe310 mode 0
Event: 0.603 Thread 0x0000020dcc494510 DEOPT PACKING pc=0x0000020db3a03e6d sp=0x000000735bffeea0
Event: 0.603 Thread 0x0000020dcc494510 DEOPT UNPACKING pc=0x0000020db33e2b43 sp=0x000000735bffe310 mode 0
Event: 0.603 Thread 0x0000020dcc494510 DEOPT PACKING pc=0x0000020db3a03e6d sp=0x000000735bffeea0
Event: 0.603 Thread 0x0000020dcc494510 DEOPT UNPACKING pc=0x0000020db33e2b43 sp=0x000000735bffe310 mode 0
Event: 0.603 Thread 0x0000020dcc494510 DEOPT PACKING pc=0x0000020db3a03e6d sp=0x000000735bffeea0
Event: 0.603 Thread 0x0000020dcc494510 DEOPT UNPACKING pc=0x0000020db33e2b43 sp=0x000000735bffe310 mode 0
Event: 0.603 Thread 0x0000020dcc494510 DEOPT PACKING pc=0x0000020db3a03e6d sp=0x000000735bffeea0
Event: 0.604 Thread 0x0000020dcc494510 DEOPT UNPACKING pc=0x0000020db33e2b43 sp=0x000000735bffe310 mode 0
Event: 0.604 Thread 0x0000020dcc494510 DEOPT PACKING pc=0x0000020db3a03e6d sp=0x000000735bffeea0
Event: 0.604 Thread 0x0000020dcc494510 DEOPT UNPACKING pc=0x0000020db33e2b43 sp=0x000000735bffe310 mode 0
Event: 0.604 Thread 0x0000020dcc494510 DEOPT PACKING pc=0x0000020db3a03e6d sp=0x000000735bffeea0
Event: 0.604 Thread 0x0000020dcc494510 DEOPT UNPACKING pc=0x0000020db33e2b43 sp=0x000000735bffe310 mode 0
Event: 0.604 Thread 0x0000020dcc494510 DEOPT PACKING pc=0x0000020db3a03e6d sp=0x000000735bffeea0
Event: 0.604 Thread 0x0000020dcc494510 DEOPT UNPACKING pc=0x0000020db33e2b43 sp=0x000000735bffe310 mode 0
Event: 0.604 Thread 0x0000020dcc494510 DEOPT PACKING pc=0x0000020db3a03e6d sp=0x000000735bffeea0
Event: 0.605 Thread 0x0000020dcc494510 DEOPT UNPACKING pc=0x0000020db33e2b43 sp=0x000000735bffe310 mode 0

Classes loaded (20 events):
Event: 0.554 Loading class sun/awt/image/SunWritableRaster
Event: 0.554 Loading class java/awt/image/WritableRaster
Event: 0.554 Loading class java/awt/image/WritableRaster done
Event: 0.554 Loading class sun/awt/image/SunWritableRaster done
Event: 0.556 Loading class java/awt/image/SinglePixelPackedSampleModel
Event: 0.557 Loading class java/awt/image/SampleModel
Event: 0.557 Loading class java/awt/image/SampleModel done
Event: 0.557 Loading class java/awt/image/SinglePixelPackedSampleModel done
Event: 0.557 Loading class sun/awt/image/IntegerInterleavedRaster
Event: 0.558 Loading class sun/awt/image/IntegerComponentRaster
Event: 0.558 Loading class sun/awt/image/IntegerComponentRaster done
Event: 0.558 Loading class sun/awt/image/IntegerInterleavedRaster done
Event: 0.559 Loading class java/awt/image/BufferedImage
Event: 0.559 Loading class java/awt/image/WritableRenderedImage
Event: 0.559 Loading class java/awt/image/RenderedImage
Event: 0.560 Loading class java/awt/image/RenderedImage done
Event: 0.560 Loading class java/awt/image/WritableRenderedImage done
Event: 0.560 Loading class java/awt/image/BufferedImage done
Event: 0.561 Loading class java/awt/image/BufferedImage$1
Event: 0.561 Loading class java/awt/image/BufferedImage$1 done

Classes unloaded (0 events):
No events

Classes redefined (0 events):
No events

Internal exceptions (12 events):
Event: 0.195 Thread 0x0000020da999a780 Exception <a 'java/lang/ClassNotFoundException'{0x00000000a938b440}: sun/awt/resources/spi/awtProvider> (0x00000000a938b440) 
thrown [s\open\src\hotspot\share\classfile\systemDictionary.cpp, line 255]
Event: 0.230 Thread 0x0000020da999a780 Exception <a 'java/io/FileNotFoundException'{0x00000000a93dfb48}> (0x00000000a93dfb48) 
thrown [s\open\src\hotspot\share\prims\jni.cpp, line 516]
Event: 0.239 Thread 0x0000020da999a780 Exception <a 'java/io/FileNotFoundException'{0x00000000a920d5e8}> (0x00000000a920d5e8) 
thrown [s\open\src\hotspot\share\prims\jni.cpp, line 516]
Event: 0.281 Thread 0x0000020da999a780 Exception <a 'java/lang/NoSuchMethodError'{0x00000000a923eff8}: 'java.lang.Object java.lang.invoke.DirectMethodHandle$Holder.invokeStaticInit(java.lang.Object)'> (0x00000000a923eff8) 
thrown [s\open\src\hotspot\share\interpreter\linkResolver.cpp, line 759]
Event: 0.355 Thread 0x0000020dcc3ed070 Exception <a 'java/lang/NoSuchMethodError'{0x00000000a9116380}: 'void java.lang.invoke.DirectMethodHandle$Holder.invokeSpecial(java.lang.Object, java.lang.Object, java.lang.Object)'> (0x00000000a9116380) 
thrown [s\open\src\hotspot\share\interpreter\linkResolver.cpp, line 759]
Event: 0.367 Thread 0x0000020dcc3ed070 Exception <a 'java/lang/NoSuchMethodError'{0x00000000a9141278}: 'java.lang.Object java.lang.invoke.DirectMethodHandle$Holder.newInvokeSpecial(java.lang.Object, java.lang.Object, java.lang.Object, java.lang.Object, java.lang.Object)'> (0x00000000a9141278) 
thrown [s\open\src\hotspot\share\interpreter\linkResolver.cpp, line 759]
Event: 0.376 Thread 0x0000020dcc3ed070 Exception <a 'java/lang/NoSuchMethodError'{0x00000000a91730b8}: 'java.lang.Object java.lang.invoke.DirectMethodHandle$Holder.invokeStatic(java.lang.Object, int, java.lang.Object)'> (0x00000000a91730b8) 
thrown [s\open\src\hotspot\share\interpreter\linkResolver.cpp, line 759]
Event: 0.413 Thread 0x0000020dcc3ed070 Exception <a 'java/lang/ClassNotFoundException'{0x00000000a9030428}: com/sun/swing/internal/plaf/metal/resources/spi/metalProvider> (0x00000000a9030428) 
thrown [s\open\src\hotspot\share\classfile\systemDictionary.cpp, line 255]
Event: 0.414 Thread 0x0000020dcc3ed070 Exception <a 'java/lang/ClassNotFoundException'{0x00000000a9034440}: com/sun/swing/internal/plaf/basic/resources/spi/basicProvider> (0x00000000a9034440) 
thrown [s\open\src\hotspot\share\classfile\systemDictionary.cpp, line 255]
Event: 0.425 Thread 0x0000020dcc3ed070 Exception <a 'java/lang/NoSuchMethodError'{0x00000000a9055020}: 'int java.lang.invoke.Invokers$Holder.invokeExact_MT(java.lang.Object, java.lang.Object)'> (0x00000000a9055020) 
thrown [s\open\src\hotspot\share\interpreter\linkResolver.cpp, line 759]
Event: 0.451 Thread 0x0000020dcc3ed070 Exception <a 'java/lang/NoSuchMethodError'{0x00000000a907ba88}: 'void java.lang.invoke.DirectMethodHandle$Holder.invokeStaticInit(java.lang.Object)'> (0x00000000a907ba88) 
thrown [s\open\src\hotspot\share\interpreter\linkResolver.cpp, line 759]
Event: 0.550 Thread 0x0000020dcc494510 Exception <a 'java/lang/NoSuchMethodError'{0x00000000a8f120a0}: 'java.lang.Object java.lang.invoke.DirectMethodHandle$Holder.newInvokeSpecial(java.lang.Object, java.lang.Object, java.lang.Object, int, int, int, int, int)'> (0x00000000a8f120a0) 
thrown [s\open\src\hotspot\share\interpreter\linkResolver.cpp, line 759]

VM Operations (4 events):
Event: 0.412 Executing VM operation: HandshakeAllThreads
Event: 0.412 Executing VM operation: HandshakeAllThreads done
Event: 0.440 Executing VM operation: HandshakeAllThreads
Event: 0.440 Executing VM operation: HandshakeAllThreads done

Events (20 events):
Event: 0.056 Thread 0x0000020dc7f0bad0 Thread added: 0x0000020dc7f0bad0
Event: 0.056 Thread 0x0000020dc7f111d0 Thread added: 0x0000020dc7f111d0
Event: 0.056 Thread 0x0000020dc7f11ac0 Thread added: 0x0000020dc7f11ac0
Event: 0.056 Thread 0x0000020dc7f2cb90 Thread added: 0x0000020dc7f2cb90
Event: 0.117 Thread 0x0000020dcc1804c0 Thread added: 0x0000020dcc1804c0
Event: 0.122 Thread 0x0000020dcc185ab0 Thread added: 0x0000020dcc185ab0
Event: 0.148 Loaded shared library C:\Program Files\Java\jdk-18.0.2.1\bin\jimage.dll
Event: 0.157 Loaded shared library C:\Program Files\Java\jdk-18.0.2.1\bin\net.dll
Event: 0.160 Loaded shared library C:\Program Files\Java\jdk-18.0.2.1\bin\nio.dll
Event: 0.167 Loaded shared library C:\Program Files\Java\jdk-18.0.2.1\bin\zip.dll
Event: 0.210 Loaded shared library C:\Program Files\Java\jdk-18.0.2.1\bin\awt.dll
Event: 0.282 Thread 0x0000020dcc2804f0 Thread added: 0x0000020dcc2804f0
Event: 0.284 Thread 0x0000020dcc280ba0 Thread added: 0x0000020dcc280ba0
Event: 0.286 Thread 0x0000020dcc3dd830 Thread added: 0x0000020dcc3dd830
Event: 0.308 Thread 0x0000020dcc3ed070 Thread added: 0x0000020dcc3ed070
Event: 0.308 Thread 0x0000020da999a780 Thread exited: 0x0000020da999a780
Event: 0.308 Thread 0x0000020da999a780 Thread added: 0x0000020da999a780
Event: 0.456 Loaded shared library C:\Program Files\Java\jdk-18.0.2.1\bin\freetype.dll
Event: 0.458 Loaded shared library C:\Program Files\Java\jdk-18.0.2.1\bin\fontmanager.dll
Event: 0.545 Thread 0x0000020dcc494510 Thread added: 0x0000020dcc494510


Dynamic libraries:
0x00007ff744db0000 - 0x00007ff744dc0000 	C:\Program Files\Java\jdk-18.0.2.1\bin\javaw.exe
0x00007ffd87dd0000 - 0x00007ffd87fe7000 	C:\Windows\SYSTEM32\ntdll.dll
0x00007ffd86cb0000 - 0x00007ffd86d74000 	C:\Windows\System32\KERNEL32.DLL
0x00007ffd85780000 - 0x00007ffd85b26000 	C:\Windows\System32\KERNELBASE.dll
0x00007ffd85660000 - 0x00007ffd85771000 	C:\Windows\System32\ucrtbase.dll
0x00007ffd72ad0000 - 0x00007ffd72ae8000 	C:\Program Files\Java\jdk-18.0.2.1\bin\jli.dll
0x00007ffd7e940000 - 0x00007ffd7e95a000 	C:\Program Files\Java\jdk-18.0.2.1\bin\VCRUNTIME140.dll
0x00007ffd866b0000 - 0x00007ffd86760000 	C:\Windows\System32\ADVAPI32.dll
0x00007ffd87420000 - 0x00007ffd874c7000 	C:\Windows\System32\msvcrt.dll
0x00007ffd86a70000 - 0x00007ffd86b16000 	C:\Windows\System32\sechost.dll
0x00007ffd86590000 - 0x00007ffd866a7000 	C:\Windows\System32\RPCRT4.dll
0x00007ffd868c0000 - 0x00007ffd86a6d000 	C:\Windows\System32\USER32.dll
0x00007ffd85520000 - 0x00007ffd85546000 	C:\Windows\System32\win32u.dll
0x00007ffd863b0000 - 0x00007ffd863d9000 	C:\Windows\System32\GDI32.dll
0x00007ffd6a420000 - 0x00007ffd6a6b3000 	C:\Windows\WinSxS\amd64_microsoft.windows.common-controls_6595b64144ccf1df_6.0.22621.2361_none_2712ced57382f843\COMCTL32.dll
0x00007ffd851d0000 - 0x00007ffd852e8000 	C:\Windows\System32\gdi32full.dll
0x00007ffd855c0000 - 0x00007ffd8565a000 	C:\Windows\System32\msvcp_win.dll
0x00007ffd77280000 - 0x00007ffd7728a000 	C:\Windows\SYSTEM32\VERSION.dll
0x00007ffd85fb0000 - 0x00007ffd85fe1000 	C:\Windows\System32\IMM32.DLL
0x00007ffd805a0000 - 0x00007ffd805ac000 	C:\Program Files\Java\jdk-18.0.2.1\bin\vcruntime140_1.dll
0x00007ffd43e30000 - 0x00007ffd43ebd000 	C:\Program Files\Java\jdk-18.0.2.1\bin\msvcp140.dll
0x00007ffd13b50000 - 0x00007ffd14761000 	C:\Program Files\Java\jdk-18.0.2.1\bin\server\jvm.dll
0x00007ffd86c40000 - 0x00007ffd86c48000 	C:\Windows\System32\PSAPI.DLL
0x00007ffd76ff0000 - 0x00007ffd76ff9000 	C:\Windows\SYSTEM32\WSOCK32.dll
0x00007ffd86070000 - 0x00007ffd860e1000 	C:\Windows\System32\WS2_32.dll
0x00007ffd7e7d0000 - 0x00007ffd7e804000 	C:\Windows\SYSTEM32\WINMM.dll
0x00007ffd84220000 - 0x00007ffd84238000 	C:\Windows\SYSTEM32\kernel.appcore.dll
0x00007ffd7fa30000 - 0x00007ffd7fa3a000 	C:\Program Files\Java\jdk-18.0.2.1\bin\jimage.dll
0x00007ffd82820000 - 0x00007ffd82a4e000 	C:\Windows\SYSTEM32\DBGHELP.DLL
0x00007ffd87090000 - 0x00007ffd8741a000 	C:\Windows\System32\combase.dll
0x00007ffd862d0000 - 0x00007ffd863a7000 	C:\Windows\System32\OLEAUT32.dll
0x00007ffd75dc0000 - 0x00007ffd75df2000 	C:\Windows\SYSTEM32\dbgcore.DLL
0x00007ffd85150000 - 0x00007ffd851ca000 	C:\Windows\System32\bcryptPrimitives.dll
0x00007ffd68200000 - 0x00007ffd68225000 	C:\Program Files\Java\jdk-18.0.2.1\bin\java.dll
0x00007ffd3dff0000 - 0x00007ffd3e0c6000 	C:\Program Files\Java\jdk-18.0.2.1\bin\jsvml.dll
0x00007ffd87530000 - 0x00007ffd87d88000 	C:\Windows\System32\SHELL32.dll
0x00007ffd830c0000 - 0x00007ffd839b2000 	C:\Windows\SYSTEM32\windows.storage.dll
0x00007ffd82f80000 - 0x00007ffd830be000 	C:\Windows\SYSTEM32\wintypes.dll
0x00007ffd86b40000 - 0x00007ffd86c33000 	C:\Windows\System32\SHCORE.dll
0x00007ffd86c50000 - 0x00007ffd86cae000 	C:\Windows\System32\shlwapi.dll
0x00007ffd85080000 - 0x00007ffd850a6000 	C:\Windows\SYSTEM32\profapi.dll
0x00007ffd6e990000 - 0x00007ffd6e9a3000 	C:\Program Files\Java\jdk-18.0.2.1\bin\net.dll
0x00007ffd7e690000 - 0x00007ffd7e7c7000 	C:\Windows\SYSTEM32\WINHTTP.dll
0x00007ffd84700000 - 0x00007ffd84769000 	C:\Windows\system32\mswsock.dll
0x00007ffd6d750000 - 0x00007ffd6d766000 	C:\Program Files\Java\jdk-18.0.2.1\bin\nio.dll
0x00007ffd67e60000 - 0x00007ffd67e78000 	C:\Program Files\Java\jdk-18.0.2.1\bin\zip.dll
0x00007ffd3a4f0000 - 0x00007ffd3a67f000 	C:\Program Files\Java\jdk-18.0.2.1\bin\awt.dll
0x00007ffd82130000 - 0x00007ffd821c7000 	C:\Windows\SYSTEM32\apphelp.dll
0x00007ffd822f0000 - 0x00007ffd8239b000 	C:\Windows\system32\uxtheme.dll
0x00007ffd86770000 - 0x00007ffd868bc000 	C:\Windows\System32\MSCTF.dll
0x00007ffd863e0000 - 0x00007ffd8657f000 	C:\Windows\System32\ole32.dll
0x00007ffd827e0000 - 0x00007ffd8280b000 	C:\Windows\system32\DWMAPI.DLL
0x00007ffd5fc40000 - 0x00007ffd5fd40000 	C:\Windows\system32\opengl32.dll
0x00007ffd764d0000 - 0x00007ffd764fd000 	C:\Windows\SYSTEM32\GLU32.dll
0x00007ffd82400000 - 0x00007ffd82436000 	C:\Windows\SYSTEM32\dxcore.dll
0x00007ffd403f0000 - 0x00007ffd40476000 	C:\Program Files\Java\jdk-18.0.2.1\bin\freetype.dll
0x00007ffd3e590000 - 0x00007ffd3e638000 	C:\Program Files\Java\jdk-18.0.2.1\bin\fontmanager.dll
0x00007ffd79630000 - 0x00007ffd7977a000 	C:\Windows\SYSTEM32\textinputframework.dll

dbghelp: loaded successfully - version: 4.0.5 - missing functions: none
symbol engine: initialized successfully - sym options: 0x614 - pdb path: .;C:\Program Files\Java\jdk-18.0.2.1\bin;C:\Windows\SYSTEM32;C:\Windows\WinSxS\amd64_microsoft.windows.common-controls_6595b64144ccf1df_6.0.22621.2361_none_2712ced57382f843;C:\Program Files\Java\jdk-18.0.2.1\bin\server

VM Arguments:
jvm_args: --add-opens=java.base/java.lang=ALL-UNNAMED --add-opens=java.base/java.util=ALL-UNNAMED -Dfile.encoding=UTF-8 -XX:+ShowCodeDetailsInExceptionMessages 
java_command: UI.Login_UI
java_class_path (initial): C:\Users\cupho\Documents\HK5\PHAT_TRIEN_UNG_DUNG\nhom_PTUD\project\QuanLyLuongSanPham_Nhom12\SourceCode\QuanLyLuongSanPham_Nhom12\bin;C:\Users\cupho\Documents\HK5\PHAT_TRIEN_UNG_DUNG\nhom_PTUD\project\QuanLyLuongSanPham_Nhom12\SourceCode\QuanLyLuongSanPham_Nhom12\lib\jasper_report_lib\commons-beanutils-1.8.3.jar;C:\Users\cupho\Documents\HK5\PHAT_TRIEN_UNG_DUNG\nhom_PTUD\project\QuanLyLuongSanPham_Nhom12\SourceCode\QuanLyLuongSanPham_Nhom12\lib\jasper_report_lib\commons-collections-3.2.1-1.0.0.jar;C:\Users\cupho\Documents\HK5\PHAT_TRIEN_UNG_DUNG\nhom_PTUD\project\QuanLyLuongSanPham_Nhom12\SourceCode\QuanLyLuongSanPham_Nhom12\lib\jasper_report_lib\commons-digester-2.1.jar;C:\Users\cupho\Documents\HK5\PHAT_TRIEN_UNG_DUNG\nhom_PTUD\project\QuanLyLuongSanPham_Nhom12\SourceCode\QuanLyLuongSanPham_Nhom12\lib\jasper_report_lib\commons-logging-api-1.1.jar;C:\Users\cupho\Documents\HK5\PHAT_TRIEN_UNG_DUNG\nhom_PTUD\project\QuanLyLuongSanPham_Nhom12\SourceCode\QuanLyLuongSanPham_Nhom12\lib\jasper_report_lib\groovy-all-2.0.1.jar;C:\Users\cupho\Documents\HK5\PHAT_TRIEN_UNG_DUNG\nhom_PTUD\project\QuanLyLuongSanPham_Nhom12\SourceCode\QuanLyLuongSanPham_Nhom12\lib\jasper_report_lib\itext-2.1.7.jar;C:\Users\cupho\Documents\HK5\PHAT_TRIEN_UNG_DUNG\nhom_PTUD\project\QuanLyLuongSanPham_Nhom12\SourceCode\QuanLyLuongSanPham_Nhom12\lib\jasper_report_lib\jasperreports-5.6.0.jar;C:\Users\cupho\Documents\HK5\PHAT_TRIEN_UNG_DUNG\nhom_PTUD\project\QuanLyLuongSanPham_Nhom12\SourceCode\QuanLyLuongSanPham_Nhom12\lib\jasper_report_lib\jasperreports-fonts-5.6.0.jar;C:\Users\cupho\Documents\HK5\PHAT_TRIEN_UNG_DUNG\nhom_PTUD\project\QuanLyLuongSanPham_Nhom12\SourceCode\QuanLyLuongSanPham_Nhom12\lib\swingx-1.6.1.jar
Launcher Type: SUN_STANDARD

[Global flags]
     intx CICompilerCount                          = 3                                         {product} {ergonomic}
     uint ConcGCThreads                            = 1                                         {product} {ergonomic}
     uint G1ConcRefinementThreads                  = 4                                         {product} {ergonomic}
   size_t G1HeapRegionSize                         = 1048576                                   {product} {ergonomic}
    uintx GCDrainStackTargetSize                   = 64                                        {product} {ergonomic}
   size_t InitialHeapSize                          = 98566144                                  {product} {ergonomic}
   size_t MarkStackSize                            = 4194304                                   {product} {ergonomic}
   size_t MaxHeapSize                              = 1551892480                                {product} {ergonomic}
   size_t MaxNewSize                               = 931135488                                 {product} {ergonomic}
   size_t MinHeapDeltaBytes                        = 1048576                                   {product} {ergonomic}
   size_t MinHeapSize                              = 8388608                                   {product} {ergonomic}
    uintx NonNMethodCodeHeapSize                   = 5832780                                {pd product} {ergonomic}
    uintx NonProfiledCodeHeapSize                  = 122912730                              {pd product} {ergonomic}
    uintx ProfiledCodeHeapSize                     = 122912730                              {pd product} {ergonomic}
    uintx ReservedCodeCacheSize                    = 251658240                              {pd product} {ergonomic}
     bool SegmentedCodeCache                       = true                                      {product} {ergonomic}
     bool ShowCodeDetailsInExceptionMessages       = true                                   {manageable} {command line}
   size_t SoftMaxHeapSize                          = 1551892480                             {manageable} {ergonomic}
     bool UseCompressedClassPointers               = true                           {product lp64_product} {ergonomic}
     bool UseCompressedOops                        = true                           {product lp64_product} {ergonomic}
     bool UseG1GC                                  = true                                      {product} {ergonomic}
     bool UseLargePagesIndividualAllocation        = false                                  {pd product} {ergonomic}

Logging:
Log output configuration:
 #0: stdout all=warning uptime,level,tags foldmultilines=false
 #1: stderr all=off uptime,level,tags foldmultilines=false

Environment Variables:
PATH=C:/Program Files/Java/jdk-17.0.4.1/bin/server;C:/Program Files/Java/jdk-17.0.4.1/bin;C:\Program Files\Common Files\Oracle\Java\javapath;C:\Windows\system32;C:\Windows;C:\Windows\System32\Wbem;C:\Windows\System32\WindowsPowerShell\v1.0\;C:\Windows\System32\OpenSSH\;C:\Program Files\nodejs\;C:\Program Files\Git\cmd;D:\mongosh-1.6.1-win32-x64\mongosh-1.6.1-win32-x64\bin;C:\Program Files\Azure Data Studio\bin;C:\Program Files\Microsoft SQL Server\Client SDK\ODBC\170\Tools\Binn\;C:\Program Files (x86)\Microsoft SQL Server\150\Tools\Binn\;C:\Program Files\Microsoft SQL Server\150\Tools\Binn\;C:\Program Files\Microsoft SQL Server\150\DTS\Binn\;C:\Program Files (x86)\Microsoft SQL Server\160\DTS\Binn\;C:\Program Files\Git LFS;C:\Program Files\MongoDB\Server\6.0\bin;C:\Users\cupho\AppData\Local\Microsoft\WindowsApps;C:\Users\cupho\AppData\Local\Programs\Microsoft VS Code\bin;C:\Users\cupho\AppData\Roaming\npm;C:\Program Files\Azure Data Studio\bin;C:\Program Files\JetBrains\IntelliJ IDEA 2023.2\bin;;C:\Program Files\Java\jdk-18.0.2.1\bin;;C:\Users\cupho\eclipse\java-2022-09\eclipse;
USERNAME=cupho
OS=Windows_NT
PROCESSOR_IDENTIFIER=Intel64 Family 6 Model 42 Stepping 7, GenuineIntel



---------------  S Y S T E M  ---------------

OS:
 Windows 11 , 64 bit Build 22621 (10.0.22621.2428)
OS uptime: 3 days 18:38 hours

CPU: total 4 (initial active 4) (2 cores per cpu, 2 threads per core) family 6 model 42 stepping 7 microcode 0x2f, cx8, cmov, fxsr, ht, mmx, sse, sse2, sse3, ssse3, sse4.1, sse4.2, popcnt, tsc, tscinvbit, avx, aes, clmul, vzeroupper, clflush

Memory: 4k page, system-wide physical 5919M (307M free)
TotalPageFile size 9919M (AvailPageFile size 1M)
current process WorkingSet (physical memory assigned to process): 56M, peak: 56M
current process commit charge ("private bytes"): 179M, peak: 179M

vm_info: Java HotSpot(TM) 64-Bit Server VM (18.0.2.1+1-1) for windows-amd64 JRE (18.0.2.1+1-1), built on Aug 16 2022 01:46:33 by "mach5one" with MS VC++ 16.8 / 16.9 (VS2019)

END.
