#
# There is insufficient memory for the Java Runtime Environment to continue.
# Native memory allocation (malloc) failed to allocate 2221296 bytes for Chunk::new
# Possible reasons:
#   The system is out of physical RAM or swap space
#   The process is running with CompressedOops enabled, and the Java Heap may be blocking the growth of the native heap
# Possible solutions:
#   Reduce memory load on the system
#   Increase physical memory or swap space
#   Check if swap backing store is full
#   Decrease Java heap size (-Xmx/-Xms)
#   Decrease number of Java threads
#   Decrease Java thread stack sizes (-Xss)
#   Set larger code cache with -XX:ReservedCodeCacheSize=
#   JVM is running with Unscaled Compressed Oops mode in which the Java heap is
#     placed in the first 4GB address space. The Java Heap base address is the
#     maximum limit for the native heap growth. Please use -XX:HeapBaseMinAddress
#     to set the Java Heap base and to place the Java Heap above 4GB virtual address.
# This output file may be truncated or incomplete.
#
#  Out of Memory Error (arena.cpp:184), pid=384, tid=10028
#
# JRE version: Java(TM) SE Runtime Environment (18.0.2.1+1) (build 18.0.2.1+1-1)
# Java VM: Java HotSpot(TM) 64-Bit Server VM (18.0.2.1+1-1, mixed mode, sharing, tiered, compressed oops, compressed class ptrs, g1 gc, windows-amd64)
# No core dump will be written. Minidumps are not enabled by default on client versions of Windows
#

---------------  S U M M A R Y ------------

Command Line: --add-opens=java.base/java.lang=ALL-UNNAMED --add-opens=java.base/java.util=ALL-UNNAMED -Dfile.encoding=UTF-8 -XX:+ShowCodeDetailsInExceptionMessages UI.Login_UI

Host: Intel(R) Core(TM) i5-2540M CPU @ 2.60GHz, 4 cores, 5G,  Windows 11 , 64 bit Build 22621 (10.0.22621.2428)
Time: Sat Oct 28 14:24:41 2023 SE Asia Standard Time elapsed time: 6.705568 seconds (0d 0h 0m 6s)

---------------  T H R E A D  ---------------

Current thread (0x000001c8feb7c760):  JavaThread "C2 CompilerThread0" daemon [_thread_in_native, id=10028, stack(0x0000000101200000,0x0000000101300000)]


Current CompileTask:
C2:   6705 1769   !   4       sun.awt.image.PNGImageDecoder::produceImage (1917 bytes)

Stack: [0x0000000101200000,0x0000000101300000]
Native frames: (J=compiled Java code, j=interpreted, Vv=VM code, C=native code)
V  [jvm.dll+0x6993aa]
V  [jvm.dll+0x7f46dd]
V  [jvm.dll+0x7f5fee]
V  [jvm.dll+0x7f66a3]
V  [jvm.dll+0x25cf1f]
V  [jvm.dll+0xb8c2f]
V  [jvm.dll+0xb8fa5]
V  [jvm.dll+0x386091]
V  [jvm.dll+0x1d2d58]
V  [jvm.dll+0x230259]
V  [jvm.dll+0x22f4d1]
V  [jvm.dll+0x1ba01c]
V  [jvm.dll+0x23ee0a]
V  [jvm.dll+0x23d0f5]
V  [jvm.dll+0x7a6dd1]
V  [jvm.dll+0x7a120a]
V  [jvm.dll+0x698255]
C  [ucrtbase.dll+0x29363]
C  [KERNEL32.DLL+0x1257d]
C  [ntdll.dll+0x5aa78]


---------------  P R O C E S S  ---------------

Threads class SMR info:
_java_thread_list=0x000001c89bacf420, length=22, elements={
0x000001c8f709cd80, 0x000001c8f709d9e0, 0x000001c8feb73e80, 0x000001c8feb78740,
0x000001c8feb7b0f0, 0x000001c8feb7ba90, 0x000001c8feb7c760, 0x000001c8febdf970,
0x000001c8fec04360, 0x000001c89ac79a80, 0x000001c89ac8ebd0, 0x000001c89af0e9c0,
0x000001c89af06a80, 0x000001c89af07590, 0x000001c89af0ca40, 0x000001c8f6fdfa90,
0x000001c89afbff60, 0x000001c89bdb5be0, 0x000001c89bdb60a0, 0x000001c89bcd0e70,
0x000001c89bcd1340, 0x000001c89bcd1810
}

Java Threads: ( => current thread )
  0x000001c8f709cd80 JavaThread "Reference Handler" daemon [_thread_blocked, id=15072, stack(0x0000000100c00000,0x0000000100d00000)]
  0x000001c8f709d9e0 JavaThread "Finalizer" daemon [_thread_blocked, id=4076, stack(0x0000000100d00000,0x0000000100e00000)]
  0x000001c8feb73e80 JavaThread "Signal Dispatcher" daemon [_thread_blocked, id=11992, stack(0x0000000100e00000,0x0000000100f00000)]
  0x000001c8feb78740 JavaThread "Attach Listener" daemon [_thread_blocked, id=16860, stack(0x0000000100f00000,0x0000000101000000)]
  0x000001c8feb7b0f0 JavaThread "Service Thread" daemon [_thread_blocked, id=4620, stack(0x0000000101000000,0x0000000101100000)]
  0x000001c8feb7ba90 JavaThread "Monitor Deflation Thread" daemon [_thread_blocked, id=4052, stack(0x0000000101100000,0x0000000101200000)]
=>0x000001c8feb7c760 JavaThread "C2 CompilerThread0" daemon [_thread_in_native, id=10028, stack(0x0000000101200000,0x0000000101300000)]
  0x000001c8febdf970 JavaThread "C1 CompilerThread0" daemon [_thread_blocked, id=1136, stack(0x0000000101300000,0x0000000101400000)]
  0x000001c8fec04360 JavaThread "Sweeper thread" daemon [_thread_blocked, id=15116, stack(0x0000000101400000,0x0000000101500000)]
  0x000001c89ac79a80 JavaThread "Common-Cleaner" daemon [_thread_blocked, id=15560, stack(0x0000000101500000,0x0000000101600000)]
  0x000001c89ac8ebd0 JavaThread "Notification Thread" daemon [_thread_blocked, id=11544, stack(0x0000000101600000,0x0000000101700000)]
  0x000001c89af0e9c0 JavaThread "Java2D Disposer" daemon [_thread_blocked, id=13388, stack(0x0000000101800000,0x0000000101900000)]
  0x000001c89af06a80 JavaThread "AWT-Shutdown" [_thread_blocked, id=13976, stack(0x0000000101900000,0x0000000101a00000)]
  0x000001c89af07590 JavaThread "AWT-Windows" daemon [_thread_in_native, id=12508, stack(0x0000000101a00000,0x0000000101b00000)]
  0x000001c89af0ca40 JavaThread "AWT-EventQueue-0" [_thread_blocked, id=13072, stack(0x0000000101b00000,0x0000000101c00000)]
  0x000001c8f6fdfa90 JavaThread "DestroyJavaVM" [_thread_blocked, id=13500, stack(0x0000000100500000,0x0000000100600000)]
  0x000001c89afbff60 JavaThread "Image Fetcher 0" daemon [_thread_blocked, id=12296, stack(0x0000000101d00000,0x0000000101e00000)]
  0x000001c89bdb5be0 JavaThread "Image Fetcher 1" daemon [_thread_blocked, id=10176, stack(0x0000000102600000,0x0000000102700000)]
  0x000001c89bdb60a0 JavaThread "Thread-0" [_thread_blocked, id=7340, stack(0x0000000102700000,0x0000000102800000)]
  0x000001c89bcd0e70 JavaThread "Java Sound Event Dispatcher" daemon [_thread_blocked, id=4980, stack(0x0000000102a00000,0x0000000102b00000)]
  0x000001c89bcd1340 JavaThread "Direct Clip" daemon [_thread_blocked, id=344, stack(0x0000000102d00000,0x0000000102e00000)]
  0x000001c89bcd1810 JavaThread "Thread-1" [_thread_blocked, id=11108, stack(0x0000000102f00000,0x0000000103000000)]

Other Threads:
  0x000001c8f70963b0 VMThread "VM Thread" [stack: 0x0000000100b00000,0x0000000100c00000] [id=6644]
  0x000001c89ac8f8a0 WatcherThread "VM Periodic Task Thread" [stack: 0x0000000101700000,0x0000000101800000] [id=6864]
  0x000001c8f7031250 WorkerThread "GC Thread#0" [stack: 0x0000000100600000,0x0000000100700000] [id=4580]
  0x000001c89b9787a0 WorkerThread "GC Thread#1" [stack: 0x0000000102100000,0x0000000102200000] [id=4656]
  0x000001c89b978a40 WorkerThread "GC Thread#2" [stack: 0x0000000102200000,0x0000000102300000] [id=16988]
  0x000001c89b978ce0 WorkerThread "GC Thread#3" [stack: 0x0000000102300000,0x0000000102400000] [id=15404]
  0x000001c8f703da80 ConcurrentGCThread "G1 Main Marker" [stack: 0x0000000100700000,0x0000000100800000] [id=720]
  0x000001c8f703ec10 WorkerThread "G1 Conc#0" [stack: 0x0000000100800000,0x0000000100900000] [id=5952]
  0x000001c8f706fe20 ConcurrentGCThread "G1 Refine#0" [stack: 0x0000000100900000,0x0000000100a00000] [id=708]
  0x000001c89ad851b0 ConcurrentGCThread "G1 Refine#1" [stack: 0x0000000102400000,0x0000000102500000] [id=2832]
  0x000001c89ba4de00 ConcurrentGCThread "G1 Refine#2" [stack: 0x0000000102500000,0x0000000102600000] [id=15968]
  0x000001c8f7070ed0 ConcurrentGCThread "G1 Service" [stack: 0x0000000100a00000,0x0000000100b00000] [id=9152]

Threads with active compile tasks:
C2 CompilerThread0     6753 1769   !   4       sun.awt.image.PNGImageDecoder::produceImage (1917 bytes)

VM state: not at safepoint (normal execution)

VM Mutex/Monitor currently owned by a thread: None

Heap address: 0x00000000a3800000, size: 1480 MB, Compressed Oops mode: 32-bit

CDS archive(s) mapped at: [0x0000000800000000-0x0000000800ba0000-0x0000000800ba0000), size 12189696, SharedBaseAddress: 0x0000000800000000, ArchiveRelocationMode: 0.
Compressed class space mapped at: 0x0000000800c00000-0x0000000840c00000, reserved size: 1073741824
Narrow klass base: 0x0000000800000000, Narrow klass shift: 0, Narrow klass range: 0x100000000

GC Precious Log:
 CardTable entry size: 512
 Card Set container configuration: InlinePtr #cards 5 size 8 Array Of Cards #cards 12 size 40 Howl #buckets 4 coarsen threshold 1843 Howl Bitmap #cards 512 size 80 coarsen threshold 460 Card regions per heap region 1 cards per card region 2048
 CPUs: 4 total, 4 available
 Memory: 5919M
 Large Page Support: Disabled
 NUMA Support: Disabled
 Compressed Oops: Enabled (32-bit)
 Heap Region Size: 1M
 Heap Min Capacity: 8M
 Heap Initial Capacity: 94M
 Heap Max Capacity: 1480M
 Pre-touch: Disabled
 Parallel Workers: 4
 Concurrent Workers: 1
 Concurrent Refinement Workers: 4
 Periodic GC: Disabled

Heap:
 garbage-first heap   total 96256K, used 40078K [0x00000000a3800000, 0x0000000100000000)
  region size 1024K, 15 young (15360K), 1 survivors (1024K)
 Metaspace       used 12127K, committed 12416K, reserved 1114112K
  class space    used 1397K, committed 1536K, reserved 1048576K

Heap Regions: E=young(eden), S=young(survivor), O=old, HS=humongous(starts), HC=humongous(continues), CS=collection set, F=free, OA=open archive, CA=closed archive, TAMS=top-at-mark-start (previous, next)
|   0|0x00000000a3800000, 0x00000000a3900000, 0x00000000a3900000|100%|HS|  |TAMS 0x00000000a3800000, 0x00000000a3800000| Complete 
|   1|0x00000000a3900000, 0x00000000a3a00000, 0x00000000a3a00000|100%|HS|  |TAMS 0x00000000a3900000, 0x00000000a3900000| Complete 
|   2|0x00000000a3a00000, 0x00000000a3b00000, 0x00000000a3b00000|100%|HC|  |TAMS 0x00000000a3a00000, 0x00000000a3a00000| Complete 
|   3|0x00000000a3b00000, 0x00000000a3c00000, 0x00000000a3c00000|100%|HS|  |TAMS 0x00000000a3b00000, 0x00000000a3b00000| Complete 
|   4|0x00000000a3c00000, 0x00000000a3d00000, 0x00000000a3d00000|100%|HC|  |TAMS 0x00000000a3c00000, 0x00000000a3c00000| Complete 
|   5|0x00000000a3d00000, 0x00000000a3e00000, 0x00000000a3e00000|100%|HC|  |TAMS 0x00000000a3d00000, 0x00000000a3d00000| Complete 
|   6|0x00000000a3e00000, 0x00000000a3f00000, 0x00000000a3f00000|100%|HC|  |TAMS 0x00000000a3e00000, 0x00000000a3e00000| Complete 
|   7|0x00000000a3f00000, 0x00000000a4000000, 0x00000000a4000000|100%| O|  |TAMS 0x00000000a3f00000, 0x00000000a3f00000| Untracked 
|   8|0x00000000a4000000, 0x00000000a4100000, 0x00000000a4100000|100%| O|  |TAMS 0x00000000a4000000, 0x00000000a4000000| Untracked 
|   9|0x00000000a4100000, 0x00000000a4200000, 0x00000000a4200000|100%| O|  |TAMS 0x00000000a4100000, 0x00000000a4100000| Untracked 
|  10|0x00000000a4200000, 0x00000000a4300000, 0x00000000a4300000|100%|HS|  |TAMS 0x00000000a4200000, 0x00000000a4200000| Complete 
|  11|0x00000000a4300000, 0x00000000a4400000, 0x00000000a4400000|100%|HC|  |TAMS 0x00000000a4300000, 0x00000000a4300000| Complete 
|  12|0x00000000a4400000, 0x00000000a4500000, 0x00000000a4500000|100%|HC|  |TAMS 0x00000000a4400000, 0x00000000a4400000| Complete 
|  13|0x00000000a4500000, 0x00000000a4600000, 0x00000000a4600000|100%|HC|  |TAMS 0x00000000a4500000, 0x00000000a4500000| Complete 
|  14|0x00000000a4600000, 0x00000000a4700000, 0x00000000a4700000|100%| O|  |TAMS 0x00000000a4600000, 0x00000000a4600000| Untracked 
|  15|0x00000000a4700000, 0x00000000a477ee00, 0x00000000a4800000| 49%| O|  |TAMS 0x00000000a4700000, 0x00000000a4700000| Untracked 
|  16|0x00000000a4800000, 0x00000000a4900000, 0x00000000a4900000|100%|HS|  |TAMS 0x00000000a4800000, 0x00000000a4800000| Complete 
|  17|0x00000000a4900000, 0x00000000a4a00000, 0x00000000a4a00000|100%|HC|  |TAMS 0x00000000a4900000, 0x00000000a4900000| Complete 
|  18|0x00000000a4a00000, 0x00000000a4b00000, 0x00000000a4b00000|100%|HC|  |TAMS 0x00000000a4a00000, 0x00000000a4a00000| Complete 
|  19|0x00000000a4b00000, 0x00000000a4c00000, 0x00000000a4c00000|100%|HC|  |TAMS 0x00000000a4b00000, 0x00000000a4b00000| Complete 
|  20|0x00000000a4c00000, 0x00000000a4d00000, 0x00000000a4d00000|100%|HS|  |TAMS 0x00000000a4c00000, 0x00000000a4c00000| Complete 
|  21|0x00000000a4d00000, 0x00000000a4e00000, 0x00000000a4e00000|100%|HC|  |TAMS 0x00000000a4d00000, 0x00000000a4d00000| Complete 
|  22|0x00000000a4e00000, 0x00000000a4f00000, 0x00000000a4f00000|100%|HC|  |TAMS 0x00000000a4e00000, 0x00000000a4e00000| Complete 
|  23|0x00000000a4f00000, 0x00000000a5000000, 0x00000000a5000000|100%|HS|  |TAMS 0x00000000a4f00000, 0x00000000a4f00000| Complete 
|  24|0x00000000a5000000, 0x00000000a5100000, 0x00000000a5100000|100%|HC|  |TAMS 0x00000000a5000000, 0x00000000a5000000| Complete 
|  25|0x00000000a5100000, 0x00000000a5200000, 0x00000000a5200000|100%|HC|  |TAMS 0x00000000a5100000, 0x00000000a5100000| Complete 
|  26|0x00000000a5200000, 0x00000000a5300000, 0x00000000a5300000|100%|HC|  |TAMS 0x00000000a5200000, 0x00000000a5200000| Complete 
|  27|0x00000000a5300000, 0x00000000a5300000, 0x00000000a5400000|  0%| F|  |TAMS 0x00000000a5300000, 0x00000000a5300000| Untracked 
|  28|0x00000000a5400000, 0x00000000a5400000, 0x00000000a5500000|  0%| F|  |TAMS 0x00000000a5400000, 0x00000000a5400000| Untracked 
|  29|0x00000000a5500000, 0x00000000a5500000, 0x00000000a5600000|  0%| F|  |TAMS 0x00000000a5500000, 0x00000000a5500000| Untracked 
|  30|0x00000000a5600000, 0x00000000a5600000, 0x00000000a5700000|  0%| F|  |TAMS 0x00000000a5600000, 0x00000000a5600000| Untracked 
|  31|0x00000000a5700000, 0x00000000a5700000, 0x00000000a5800000|  0%| F|  |TAMS 0x00000000a5700000, 0x00000000a5700000| Untracked 
|  32|0x00000000a5800000, 0x00000000a5800000, 0x00000000a5900000|  0%| F|  |TAMS 0x00000000a5800000, 0x00000000a5800000| Untracked 
|  33|0x00000000a5900000, 0x00000000a5900000, 0x00000000a5a00000|  0%| F|  |TAMS 0x00000000a5900000, 0x00000000a5900000| Untracked 
|  34|0x00000000a5a00000, 0x00000000a5a00000, 0x00000000a5b00000|  0%| F|  |TAMS 0x00000000a5a00000, 0x00000000a5a00000| Untracked 
|  35|0x00000000a5b00000, 0x00000000a5b00000, 0x00000000a5c00000|  0%| F|  |TAMS 0x00000000a5b00000, 0x00000000a5b00000| Untracked 
|  36|0x00000000a5c00000, 0x00000000a5c00000, 0x00000000a5d00000|  0%| F|  |TAMS 0x00000000a5c00000, 0x00000000a5c00000| Untracked 
|  37|0x00000000a5d00000, 0x00000000a5d00000, 0x00000000a5e00000|  0%| F|  |TAMS 0x00000000a5d00000, 0x00000000a5d00000| Untracked 
|  38|0x00000000a5e00000, 0x00000000a5e00000, 0x00000000a5f00000|  0%| F|  |TAMS 0x00000000a5e00000, 0x00000000a5e00000| Untracked 
|  39|0x00000000a5f00000, 0x00000000a5f00000, 0x00000000a6000000|  0%| F|  |TAMS 0x00000000a5f00000, 0x00000000a5f00000| Untracked 
|  40|0x00000000a6000000, 0x00000000a6000000, 0x00000000a6100000|  0%| F|  |TAMS 0x00000000a6000000, 0x00000000a6000000| Untracked 
|  41|0x00000000a6100000, 0x00000000a6100000, 0x00000000a6200000|  0%| F|  |TAMS 0x00000000a6100000, 0x00000000a6100000| Untracked 
|  42|0x00000000a6200000, 0x00000000a6200000, 0x00000000a6300000|  0%| F|  |TAMS 0x00000000a6200000, 0x00000000a6200000| Untracked 
|  43|0x00000000a6300000, 0x00000000a6300000, 0x00000000a6400000|  0%| F|  |TAMS 0x00000000a6300000, 0x00000000a6300000| Untracked 
|  44|0x00000000a6400000, 0x00000000a6400000, 0x00000000a6500000|  0%| F|  |TAMS 0x00000000a6400000, 0x00000000a6400000| Untracked 
|  45|0x00000000a6500000, 0x00000000a6500000, 0x00000000a6600000|  0%| F|  |TAMS 0x00000000a6500000, 0x00000000a6500000| Untracked 
|  46|0x00000000a6600000, 0x00000000a6600000, 0x00000000a6700000|  0%| F|  |TAMS 0x00000000a6600000, 0x00000000a6600000| Untracked 
|  47|0x00000000a6700000, 0x00000000a6700000, 0x00000000a6800000|  0%| F|  |TAMS 0x00000000a6700000, 0x00000000a6700000| Untracked 
|  48|0x00000000a6800000, 0x00000000a6800000, 0x00000000a6900000|  0%| F|  |TAMS 0x00000000a6800000, 0x00000000a6800000| Untracked 
|  49|0x00000000a6900000, 0x00000000a6900000, 0x00000000a6a00000|  0%| F|  |TAMS 0x00000000a6900000, 0x00000000a6900000| Untracked 
|  50|0x00000000a6a00000, 0x00000000a6a00000, 0x00000000a6b00000|  0%| F|  |TAMS 0x00000000a6a00000, 0x00000000a6a00000| Untracked 
|  51|0x00000000a6b00000, 0x00000000a6b00000, 0x00000000a6c00000|  0%| F|  |TAMS 0x00000000a6b00000, 0x00000000a6b00000| Untracked 
|  52|0x00000000a6c00000, 0x00000000a6c00000, 0x00000000a6d00000|  0%| F|  |TAMS 0x00000000a6c00000, 0x00000000a6c00000| Untracked 
|  53|0x00000000a6d00000, 0x00000000a6d00000, 0x00000000a6e00000|  0%| F|  |TAMS 0x00000000a6d00000, 0x00000000a6d00000| Untracked 
|  54|0x00000000a6e00000, 0x00000000a6e00000, 0x00000000a6f00000|  0%| F|  |TAMS 0x00000000a6e00000, 0x00000000a6e00000| Untracked 
|  55|0x00000000a6f00000, 0x00000000a6f00000, 0x00000000a7000000|  0%| F|  |TAMS 0x00000000a6f00000, 0x00000000a6f00000| Untracked 
|  56|0x00000000a7000000, 0x00000000a7000000, 0x00000000a7100000|  0%| F|  |TAMS 0x00000000a7000000, 0x00000000a7000000| Untracked 
|  57|0x00000000a7100000, 0x00000000a7100000, 0x00000000a7200000|  0%| F|  |TAMS 0x00000000a7100000, 0x00000000a7100000| Untracked 
|  58|0x00000000a7200000, 0x00000000a7200000, 0x00000000a7300000|  0%| F|  |TAMS 0x00000000a7200000, 0x00000000a7200000| Untracked 
|  59|0x00000000a7300000, 0x00000000a7300000, 0x00000000a7400000|  0%| F|  |TAMS 0x00000000a7300000, 0x00000000a7300000| Untracked 
|  60|0x00000000a7400000, 0x00000000a7400000, 0x00000000a7500000|  0%| F|  |TAMS 0x00000000a7400000, 0x00000000a7400000| Untracked 
|  61|0x00000000a7500000, 0x00000000a7500000, 0x00000000a7600000|  0%| F|  |TAMS 0x00000000a7500000, 0x00000000a7500000| Untracked 
|  62|0x00000000a7600000, 0x00000000a7600000, 0x00000000a7700000|  0%| F|  |TAMS 0x00000000a7600000, 0x00000000a7600000| Untracked 
|  63|0x00000000a7700000, 0x00000000a7700000, 0x00000000a7800000|  0%| F|  |TAMS 0x00000000a7700000, 0x00000000a7700000| Untracked 
|  64|0x00000000a7800000, 0x00000000a7800000, 0x00000000a7900000|  0%| F|  |TAMS 0x00000000a7800000, 0x00000000a7800000| Untracked 
|  65|0x00000000a7900000, 0x00000000a7900000, 0x00000000a7a00000|  0%| F|  |TAMS 0x00000000a7900000, 0x00000000a7900000| Untracked 
|  66|0x00000000a7a00000, 0x00000000a7a00000, 0x00000000a7b00000|  0%| F|  |TAMS 0x00000000a7a00000, 0x00000000a7a00000| Untracked 
|  67|0x00000000a7b00000, 0x00000000a7b00000, 0x00000000a7c00000|  0%| F|  |TAMS 0x00000000a7b00000, 0x00000000a7b00000| Untracked 
|  68|0x00000000a7c00000, 0x00000000a7c00000, 0x00000000a7d00000|  0%| F|  |TAMS 0x00000000a7c00000, 0x00000000a7c00000| Untracked 
|  69|0x00000000a7d00000, 0x00000000a7d00000, 0x00000000a7e00000|  0%| F|  |TAMS 0x00000000a7d00000, 0x00000000a7d00000| Untracked 
|  70|0x00000000a7e00000, 0x00000000a7e00000, 0x00000000a7f00000|  0%| F|  |TAMS 0x00000000a7e00000, 0x00000000a7e00000| Untracked 
|  71|0x00000000a7f00000, 0x00000000a7f00000, 0x00000000a8000000|  0%| F|  |TAMS 0x00000000a7f00000, 0x00000000a7f00000| Untracked 
|  72|0x00000000a8000000, 0x00000000a8000000, 0x00000000a8100000|  0%| F|  |TAMS 0x00000000a8000000, 0x00000000a8000000| Untracked 
|  73|0x00000000a8100000, 0x00000000a8100000, 0x00000000a8200000|  0%| F|  |TAMS 0x00000000a8100000, 0x00000000a8100000| Untracked 
|  74|0x00000000a8200000, 0x00000000a8200000, 0x00000000a8300000|  0%| F|  |TAMS 0x00000000a8200000, 0x00000000a8200000| Untracked 
|  75|0x00000000a8300000, 0x00000000a8300000, 0x00000000a8400000|  0%| F|  |TAMS 0x00000000a8300000, 0x00000000a8300000| Untracked 
|  76|0x00000000a8400000, 0x00000000a8400000, 0x00000000a8500000|  0%| F|  |TAMS 0x00000000a8400000, 0x00000000a8400000| Untracked 
|  77|0x00000000a8500000, 0x00000000a8500000, 0x00000000a8600000|  0%| F|  |TAMS 0x00000000a8500000, 0x00000000a8500000| Untracked 
|  78|0x00000000a8600000, 0x00000000a8600000, 0x00000000a8700000|  0%| F|  |TAMS 0x00000000a8600000, 0x00000000a8600000| Untracked 
|  79|0x00000000a8700000, 0x00000000a87b3998, 0x00000000a8800000| 70%| E|  |TAMS 0x00000000a8700000, 0x00000000a8700000| Complete 
|  80|0x00000000a8800000, 0x00000000a8900000, 0x00000000a8900000|100%| E|CS|TAMS 0x00000000a8800000, 0x00000000a8800000| Complete 
|  81|0x00000000a8900000, 0x00000000a8a00000, 0x00000000a8a00000|100%| E|CS|TAMS 0x00000000a8900000, 0x00000000a8900000| Complete 
|  82|0x00000000a8a00000, 0x00000000a8b00000, 0x00000000a8b00000|100%| E|  |TAMS 0x00000000a8a00000, 0x00000000a8a00000| Complete 
|  83|0x00000000a8b00000, 0x00000000a8c00000, 0x00000000a8c00000|100%| E|CS|TAMS 0x00000000a8b00000, 0x00000000a8b00000| Complete 
|  84|0x00000000a8c00000, 0x00000000a8d00000, 0x00000000a8d00000|100%| E|CS|TAMS 0x00000000a8c00000, 0x00000000a8c00000| Complete 
|  85|0x00000000a8d00000, 0x00000000a8e00000, 0x00000000a8e00000|100%| E|CS|TAMS 0x00000000a8d00000, 0x00000000a8d00000| Complete 
|  86|0x00000000a8e00000, 0x00000000a8ea4df8, 0x00000000a8f00000| 64%| S|CS|TAMS 0x00000000a8e00000, 0x00000000a8e00000| Complete 
|  87|0x00000000a8f00000, 0x00000000a9000000, 0x00000000a9000000|100%| E|CS|TAMS 0x00000000a8f00000, 0x00000000a8f00000| Complete 
|  88|0x00000000a9000000, 0x00000000a9100000, 0x00000000a9100000|100%| E|CS|TAMS 0x00000000a9000000, 0x00000000a9000000| Complete 
|  89|0x00000000a9100000, 0x00000000a9200000, 0x00000000a9200000|100%| E|CS|TAMS 0x00000000a9100000, 0x00000000a9100000| Complete 
|  90|0x00000000a9200000, 0x00000000a9300000, 0x00000000a9300000|100%| E|CS|TAMS 0x00000000a9200000, 0x00000000a9200000| Complete 
|  91|0x00000000a9300000, 0x00000000a9400000, 0x00000000a9400000|100%| E|CS|TAMS 0x00000000a9300000, 0x00000000a9300000| Complete 
|  92|0x00000000a9400000, 0x00000000a9500000, 0x00000000a9500000|100%| E|CS|TAMS 0x00000000a9400000, 0x00000000a9400000| Complete 
|  93|0x00000000a9500000, 0x00000000a9600000, 0x00000000a9600000|100%| E|CS|TAMS 0x00000000a9500000, 0x00000000a9500000| Complete 

Card table byte_map: [0x000001c8f91e0000,0x000001c8f94d0000] _byte_map_base: 0x000001c8f8cc4000

Marking Bits (Prev, Next): (CMBitMap*) 0x000001c8f7031850, (CMBitMap*) 0x000001c8f7031890
 Prev Bits: [0x000001c8f97c0000, 0x000001c8faee0000)
 Next Bits: [0x000001c8faee0000, 0x000001c8fc600000)

Polling page: 0x000001c8f70a0000

Metaspace:

Usage:
  Non-class:     10.48 MB used.
      Class:      1.37 MB used.
       Both:     11.84 MB used.

Virtual space:
  Non-class space:       64.00 MB reserved,      10.62 MB ( 17%) committed,  1 nodes.
      Class space:        1.00 GB reserved,       1.50 MB ( <1%) committed,  1 nodes.
             Both:        1.06 GB reserved,      12.12 MB (  1%) committed. 

Chunk freelists:
   Non-Class:  1000.00 KB
       Class:  2.56 MB
        Both:  3.53 MB

MaxMetaspaceSize: unlimited
CompressedClassSpaceSize: 1.00 GB
Initial GC threshold: 21.00 MB
Current GC threshold: 21.00 MB
CDS: on
MetaspaceReclaimPolicy: balanced
 - commit_granule_bytes: 65536.
 - commit_granule_words: 8192.
 - virtual_space_node_default_size: 8388608.
 - enlarge_chunks_in_place: 1.
 - new_chunks_are_fully_committed: 0.
 - uncommit_free_chunks: 1.
 - use_allocation_guard: 0.


Internal statistics:

num_allocs_failed_limit: 0.
num_arena_births: 150.
num_arena_deaths: 0.
num_vsnodes_births: 2.
num_vsnodes_deaths: 0.
num_space_committed: 194.
num_space_uncommitted: 0.
num_chunks_returned_to_freelist: 0.
num_chunks_taken_from_freelist: 227.
num_chunk_merges: 0.
num_chunk_splits: 123.
num_chunks_enlarged: 45.
num_inconsistent_stats: 0.

CodeHeap 'non-profiled nmethods': size=120000Kb used=671Kb max_used=671Kb free=119328Kb
 bounds [0x000001c88f340000, 0x000001c88f5b0000, 0x000001c896870000]
CodeHeap 'profiled nmethods': size=120000Kb used=3385Kb max_used=3385Kb free=116614Kb
 bounds [0x000001c887e10000, 0x000001c888160000, 0x000001c88f340000]
CodeHeap 'non-nmethods': size=5760Kb used=1344Kb max_used=1394Kb free=4415Kb
 bounds [0x000001c887870000, 0x000001c887ae0000, 0x000001c887e10000]
 total_blobs=2488 nmethods=1808 adapters=592
 compilation: enabled
              stopped_count=0, restarted_count=0
 full_count=0

Compilation events (20 events):
Event: 6.538 Thread 0x000001c8febdf970 1825       3       java.text.DateFormatSymbols::initializeData (341 bytes)
Event: 6.541 Thread 0x000001c8febdf970 nmethod 1825 0x000001c888154310 code [0x000001c8881548e0, 0x000001c888157dd8]
Event: 6.541 Thread 0x000001c8febdf970 1826       3       java.util.Hashtable::<init> (9 bytes)
Event: 6.541 Thread 0x000001c8febdf970 nmethod 1826 0x000001c888158c10 code [0x000001c888158de0, 0x000001c888158f28]
Event: 6.542 Thread 0x000001c8febdf970 1827   !   3       java.text.SimpleDateFormat::zeroPaddingNumber (270 bytes)
Event: 6.544 Thread 0x000001c8febdf970 nmethod 1827 0x000001c888159010 code [0x000001c8881593c0, 0x000001c88815af58]
Event: 6.544 Thread 0x000001c8febdf970 1828       3       sun.util.calendar.BaseCalendar$Date::setCache (20 bytes)
Event: 6.545 Thread 0x000001c8febdf970 nmethod 1828 0x000001c88815bc90 code [0x000001c88815be20, 0x000001c88815bf38]
Event: 6.545 Thread 0x000001c8febdf970 1829  s    3       java.awt.MediaEntry::getStatus (36 bytes)
Event: 6.546 Thread 0x000001c8febdf970 nmethod 1829 0x000001c88815c010 code [0x000001c88815c1c0, 0x000001c88815c4c8]
Event: 6.546 Thread 0x000001c8febdf970 1830   !   3       java.awt.KeyboardFocusManager::getFocusOwner (42 bytes)
Event: 6.546 Thread 0x000001c8febdf970 nmethod 1830 0x000001c88815c590 code [0x000001c88815c760, 0x000001c88815cac8]
Event: 6.556 Thread 0x000001c8febdf970 1831       3       java.awt.KeyboardFocusManager::checkKFMSecurity (11 bytes)
Event: 6.556 Thread 0x000001c8febdf970 nmethod 1831 0x000001c88815cc10 code [0x000001c88815cde0, 0x000001c88815d118]
Event: 6.568 Thread 0x000001c8febdf970 1832       3       sun.util.locale.InternalLocaleBuilder::getLocaleExtensions (65 bytes)
Event: 6.569 Thread 0x000001c8febdf970 nmethod 1832 0x000001c88815d290 code [0x000001c88815d4c0, 0x000001c88815dd28]
Event: 6.572 Thread 0x000001c8febdf970 1833       3       javax.swing.JComponent::reshape (10 bytes)
Event: 6.572 Thread 0x000001c8febdf970 nmethod 1833 0x000001c88815df10 code [0x000001c88815e0a0, 0x000001c88815e1e8]
Event: 6.572 Thread 0x000001c8febdf970 1834       3       sun.java2d.pipe.Region::getInstanceXYXY (12 bytes)
Event: 6.572 Thread 0x000001c8febdf970 nmethod 1834 0x000001c88815e290 code [0x000001c88815e440, 0x000001c88815e658]

GC Heap History (4 events):
Event: 2.511 GC heap before
{Heap before GC invocations=0 (full 0):
 garbage-first heap   total 96256K, used 20480K [0x00000000a3800000, 0x0000000100000000)
  region size 1024K, 13 young (13312K), 0 survivors (0K)
 Metaspace       used 10135K, committed 10368K, reserved 1114112K
  class space    used 1214K, committed 1280K, reserved 1048576K
}
Event: 2.518 GC heap after
{Heap after GC invocations=1 (full 0):
 garbage-first heap   total 96256K, used 11432K [0x00000000a3800000, 0x0000000100000000)
  region size 1024K, 2 young (2048K), 2 survivors (2048K)
 Metaspace       used 10135K, committed 10368K, reserved 1114112K
  class space    used 1214K, committed 1280K, reserved 1048576K
}
Event: 3.035 GC heap before
{Heap before GC invocations=1 (full 0):
 garbage-first heap   total 96256K, used 21672K [0x00000000a3800000, 0x0000000100000000)
  region size 1024K, 9 young (9216K), 2 survivors (2048K)
 Metaspace       used 10323K, committed 10560K, reserved 1114112K
  class space    used 1243K, committed 1344K, reserved 1048576K
}
Event: 3.039 GC heap after
{Heap after GC invocations=2 (full 0):
 garbage-first heap   total 96256K, used 16526K [0x00000000a3800000, 0x0000000100000000)
  region size 1024K, 1 young (1024K), 1 survivors (1024K)
 Metaspace       used 10323K, committed 10560K, reserved 1114112K
  class space    used 1243K, committed 1344K, reserved 1048576K
}

Deoptimization events (20 events):
Event: 6.505 Thread 0x000001c89bdb5be0 DEOPT PACKING pc=0x000001c888130bed sp=0x00000001026fed40
Event: 6.505 Thread 0x000001c89bdb5be0 DEOPT UNPACKING pc=0x000001c8878c2b43 sp=0x00000001026fe1e0 mode 0
Event: 6.508 Thread 0x000001c89bdb5be0 DEOPT PACKING pc=0x000001c888031514 sp=0x00000001026feb10
Event: 6.508 Thread 0x000001c89bdb5be0 DEOPT UNPACKING pc=0x000001c8878c2b43 sp=0x00000001026fdf88 mode 0
Event: 6.515 Thread 0x000001c89afbff60 DEOPT PACKING pc=0x000001c888031514 sp=0x0000000101dfebb0
Event: 6.515 Thread 0x000001c89afbff60 DEOPT UNPACKING pc=0x000001c8878c2b43 sp=0x0000000101dfe028 mode 0
Event: 6.521 Thread 0x000001c89bdb5be0 DEOPT PACKING pc=0x000001c888031514 sp=0x00000001026feb10
Event: 6.521 Thread 0x000001c89bdb5be0 DEOPT UNPACKING pc=0x000001c8878c2b43 sp=0x00000001026fdf88 mode 0
Event: 6.523 Thread 0x000001c89afbff60 DEOPT PACKING pc=0x000001c888130bed sp=0x0000000101dfede0
Event: 6.523 Thread 0x000001c89afbff60 DEOPT UNPACKING pc=0x000001c8878c2b43 sp=0x0000000101dfe280 mode 0
Event: 6.525 Thread 0x000001c89bdb5be0 DEOPT PACKING pc=0x000001c888031514 sp=0x00000001026feb10
Event: 6.525 Thread 0x000001c89bdb5be0 DEOPT UNPACKING pc=0x000001c8878c2b43 sp=0x00000001026fdf88 mode 0
Event: 6.531 Thread 0x000001c89afbff60 DEOPT PACKING pc=0x000001c888031514 sp=0x0000000101dfebb0
Event: 6.531 Thread 0x000001c89afbff60 DEOPT UNPACKING pc=0x000001c8878c2b43 sp=0x0000000101dfe028 mode 0
Event: 6.537 Thread 0x000001c89bdb5be0 DEOPT PACKING pc=0x000001c888031514 sp=0x00000001026feb10
Event: 6.537 Thread 0x000001c89bdb5be0 DEOPT UNPACKING pc=0x000001c8878c2b43 sp=0x00000001026fdf88 mode 0
Event: 6.541 Thread 0x000001c89bdb5be0 DEOPT PACKING pc=0x000001c888130bed sp=0x00000001026fed40
Event: 6.541 Thread 0x000001c89bdb5be0 DEOPT UNPACKING pc=0x000001c8878c2b43 sp=0x00000001026fe1e0 mode 0
Event: 6.542 Thread 0x000001c89afbff60 DEOPT PACKING pc=0x000001c88803144c sp=0x0000000101dfebb0
Event: 6.542 Thread 0x000001c89afbff60 DEOPT UNPACKING pc=0x000001c8878c2b43 sp=0x0000000101dfe028 mode 0

Classes loaded (20 events):
Event: 5.222 Loading class java/awt/ModalEventFilter$ApplicationModalEventFilter
Event: 5.222 Loading class java/awt/ModalEventFilter$ApplicationModalEventFilter done
Event: 5.222 Loading class sun/awt/ModalityEvent
Event: 5.222 Loading class sun/awt/ModalityEvent done
Event: 5.222 Loading class java/util/Vector$Itr
Event: 5.222 Loading class java/util/Vector$Itr done
Event: 5.224 Loading class java/awt/WaitDispatchSupport
Event: 5.225 Loading class java/awt/SecondaryLoop
Event: 5.225 Loading class java/awt/SecondaryLoop done
Event: 5.225 Loading class java/awt/WaitDispatchSupport done
Event: 5.225 Loading class java/awt/WaitDispatchSupport$5
Event: 5.225 Loading class java/awt/WaitDispatchSupport$5 done
Event: 5.225 Loading class java/awt/WaitDispatchSupport$1
Event: 5.225 Loading class java/awt/WaitDispatchSupport$1 done
Event: 5.225 Loading class java/awt/WaitDispatchSupport$2
Event: 5.225 Loading class java/awt/WaitDispatchSupport$2 done
Event: 5.225 Loading class java/awt/WaitDispatchSupport$4
Event: 5.225 Loading class java/awt/WaitDispatchSupport$4 done
Event: 5.861 Loading class sun/awt/ModalExclude
Event: 5.861 Loading class sun/awt/ModalExclude done

Classes unloaded (0 events):
No events

Classes redefined (0 events):
No events

Internal exceptions (20 events):
Event: 0.254 Thread 0x000001c8f6fdfa90 Exception <a 'java/lang/ClassNotFoundException'{0x00000000a938b440}: sun/awt/resources/spi/awtProvider> (0x00000000a938b440) 
thrown [s\open\src\hotspot\share\classfile\systemDictionary.cpp, line 255]
Event: 0.296 Thread 0x000001c8f6fdfa90 Exception <a 'java/io/FileNotFoundException'{0x00000000a93dfb48}> (0x00000000a93dfb48) 
thrown [s\open\src\hotspot\share\prims\jni.cpp, line 516]
Event: 0.310 Thread 0x000001c8f6fdfa90 Exception <a 'java/io/FileNotFoundException'{0x00000000a920d5e8}> (0x00000000a920d5e8) 
thrown [s\open\src\hotspot\share\prims\jni.cpp, line 516]
Event: 0.356 Thread 0x000001c8f6fdfa90 Exception <a 'java/lang/NoSuchMethodError'{0x00000000a923eff8}: 'java.lang.Object java.lang.invoke.DirectMethodHandle$Holder.invokeStaticInit(java.lang.Object)'> (0x00000000a923eff8) 
thrown [s\open\src\hotspot\share\interpreter\linkResolver.cpp, line 759]
Event: 0.438 Thread 0x000001c89af0ca40 Exception <a 'java/lang/NoSuchMethodError'{0x00000000a9116380}: 'void java.lang.invoke.DirectMethodHandle$Holder.invokeSpecial(java.lang.Object, java.lang.Object, java.lang.Object)'> (0x00000000a9116380) 
thrown [s\open\src\hotspot\share\interpreter\linkResolver.cpp, line 759]
Event: 0.453 Thread 0x000001c89af0ca40 Exception <a 'java/lang/NoSuchMethodError'{0x00000000a9141278}: 'java.lang.Object java.lang.invoke.DirectMethodHandle$Holder.newInvokeSpecial(java.lang.Object, java.lang.Object, java.lang.Object, java.lang.Object, java.lang.Object)'> (0x00000000a9141278) 
thrown [s\open\src\hotspot\share\interpreter\linkResolver.cpp, line 759]
Event: 0.468 Thread 0x000001c89af0ca40 Exception <a 'java/lang/NoSuchMethodError'{0x00000000a9172fc8}: 'java.lang.Object java.lang.invoke.DirectMethodHandle$Holder.invokeStatic(java.lang.Object, int, java.lang.Object)'> (0x00000000a9172fc8) 
thrown [s\open\src\hotspot\share\interpreter\linkResolver.cpp, line 759]
Event: 0.513 Thread 0x000001c89af0ca40 Exception <a 'java/lang/ClassNotFoundException'{0x00000000a90306b8}: com/sun/swing/internal/plaf/metal/resources/spi/metalProvider> (0x00000000a90306b8) 
thrown [s\open\src\hotspot\share\classfile\systemDictionary.cpp, line 255]
Event: 0.515 Thread 0x000001c89af0ca40 Exception <a 'java/lang/ClassNotFoundException'{0x00000000a90346d0}: com/sun/swing/internal/plaf/basic/resources/spi/basicProvider> (0x00000000a90346d0) 
thrown [s\open\src\hotspot\share\classfile\systemDictionary.cpp, line 255]
Event: 0.531 Thread 0x000001c89af0ca40 Exception <a 'java/lang/NoSuchMethodError'{0x00000000a90552a8}: 'int java.lang.invoke.Invokers$Holder.invokeExact_MT(java.lang.Object, java.lang.Object)'> (0x00000000a90552a8) 
thrown [s\open\src\hotspot\share\interpreter\linkResolver.cpp, line 759]
Event: 0.563 Thread 0x000001c89af0ca40 Exception <a 'java/lang/NoSuchMethodError'{0x00000000a907bd10}: 'void java.lang.invoke.DirectMethodHandle$Holder.invokeStaticInit(java.lang.Object)'> (0x00000000a907bd10) 
thrown [s\open\src\hotspot\share\interpreter\linkResolver.cpp, line 759]
Event: 0.670 Thread 0x000001c89afbff60 Exception <a 'java/lang/NoSuchMethodError'{0x00000000a8f120a0}: 'java.lang.Object java.lang.invoke.DirectMethodHandle$Holder.newInvokeSpecial(java.lang.Object, java.lang.Object, java.lang.Object, int, int, int, int, int)'> (0x00000000a8f120a0) 
thrown [s\open\src\hotspot\share\interpreter\linkResolver.cpp, line 759]
Event: 2.233 Thread 0x000001c89af0ca40 Exception <a 'java/lang/NoSuchMethodError'{0x00000000a8d22750}: 'java.lang.Object java.lang.invoke.DirectMethodHandle$Holder.invokeInterface(java.lang.Object, java.lang.Object)'> (0x00000000a8d22750) 
thrown [s\open\src\hotspot\share\interpreter\linkResolver.cpp, line 759]
Event: 2.299 Thread 0x000001c89af0ca40 Exception <a 'java/lang/NoSuchMethodError'{0x00000000a8d97828}: 'java.lang.Object java.lang.invoke.DirectMethodHandle$Holder.invokeStaticInit(java.lang.Object, int, int, int, int)'> (0x00000000a8d97828) 
thrown [s\open\src\hotspot\share\interpreter\linkResolver.cpp, line 759]
Event: 2.387 Thread 0x000001c89af0ca40 Exception <a 'java/lang/NoSuchMethodError'{0x00000000a8c02940}: 'java.lang.Object java.lang.invoke.DirectMethodHandle$Holder.invokeStaticInit(java.lang.Object, java.lang.Object, int, int, int, int)'> (0x00000000a8c02940) 
thrown [s\open\src\hotspot\share\interpreter\linkResolver.cpp, line 759]
Event: 3.132 Thread 0x000001c89af07590 Exception <a 'java/lang/NoSuchMethodError'{0x00000000a94ab750}: 'void java.lang.invoke.DirectMethodHandle$Holder.invokeVirtual(java.lang.Object, java.lang.Object)'> (0x00000000a94ab750) 
thrown [s\open\src\hotspot\share\interpreter\linkResolver.cpp, line 759]
Event: 4.331 Thread 0x000001c89af0ca40 Exception <a 'java/lang/NoSuchMethodError'{0x00000000a93d1b50}: 'void java.lang.invoke.DirectMethodHandle$Holder.invokeStatic(java.lang.Object, java.lang.Object, java.lang.Object)'> (0x00000000a93d1b50) 
thrown [s\open\src\hotspot\share\interpreter\linkResolver.cpp, line 759]
Event: 4.333 Thread 0x000001c89af0ca40 Exception <a 'java/lang/NoSuchMethodError'{0x00000000a92a7ea0}: 'void java.lang.invoke.DirectMethodHandle$Holder.invokeStatic(java.lang.Object, java.lang.Object)'> (0x00000000a92a7ea0) 
thrown [s\open\src\hotspot\share\interpreter\linkResolver.cpp, line 759]
Event: 5.163 Thread 0x000001c89afbff60 Implicit null exception at 0x000001c88f3bbd01 to 0x000001c88f3bc2a4
Event: 5.223 Thread 0x000001c89af0ca40 Exception <a 'java/lang/NoSuchMethodError'{0x00000000a8c2f888}: 'int java.lang.invoke.DirectMethodHandle$Holder.invokeStatic(java.lang.Object)'> (0x00000000a8c2f888) 
thrown [s\open\src\hotspot\share\interpreter\linkResolver.cpp, line 759]

VM Operations (20 events):
Event: 2.322 Executing VM operation: HandshakeAllThreads
Event: 2.322 Executing VM operation: HandshakeAllThreads done
Event: 2.415 Executing VM operation: HandshakeAllThreads
Event: 2.415 Executing VM operation: HandshakeAllThreads done
Event: 2.511 Executing VM operation: G1CollectForAllocation
Event: 2.518 Executing VM operation: G1CollectForAllocation done
Event: 2.550 Executing VM operation: HandshakeAllThreads
Event: 2.551 Executing VM operation: HandshakeAllThreads done
Event: 3.024 Executing VM operation: G1CollectForAllocation
Event: 3.040 Executing VM operation: G1CollectForAllocation done
Event: 4.049 Executing VM operation: Cleanup
Event: 4.050 Executing VM operation: Cleanup done
Event: 4.336 Executing VM operation: HandshakeAllThreads
Event: 4.336 Executing VM operation: HandshakeAllThreads done
Event: 5.173 Executing VM operation: HandshakeAllThreads
Event: 5.173 Executing VM operation: HandshakeAllThreads done
Event: 5.173 Executing VM operation: Cleanup
Event: 5.173 Executing VM operation: Cleanup done
Event: 6.178 Executing VM operation: Cleanup
Event: 6.178 Executing VM operation: Cleanup done

Events (20 events):
Event: 0.204 Loaded shared library C:\Program Files\Java\jdk-18.0.2.1\bin\net.dll
Event: 0.207 Loaded shared library C:\Program Files\Java\jdk-18.0.2.1\bin\nio.dll
Event: 0.213 Loaded shared library C:\Program Files\Java\jdk-18.0.2.1\bin\zip.dll
Event: 0.274 Loaded shared library C:\Program Files\Java\jdk-18.0.2.1\bin\awt.dll
Event: 0.358 Thread 0x000001c89af0e9c0 Thread added: 0x000001c89af0e9c0
Event: 0.360 Thread 0x000001c89af06a80 Thread added: 0x000001c89af06a80
Event: 0.362 Thread 0x000001c89af07590 Thread added: 0x000001c89af07590
Event: 0.384 Thread 0x000001c89af0ca40 Thread added: 0x000001c89af0ca40
Event: 0.385 Thread 0x000001c8f6fdfa90 Thread exited: 0x000001c8f6fdfa90
Event: 0.385 Thread 0x000001c8f6fdfa90 Thread added: 0x000001c8f6fdfa90
Event: 0.570 Loaded shared library C:\Program Files\Java\jdk-18.0.2.1\bin\freetype.dll
Event: 0.572 Loaded shared library C:\Program Files\Java\jdk-18.0.2.1\bin\fontmanager.dll
Event: 0.664 Thread 0x000001c89afbff60 Thread added: 0x000001c89afbff60
Event: 2.991 Thread 0x000001c89bdb5be0 Thread added: 0x000001c89bdb5be0
Event: 3.013 Thread 0x000001c89bdb60a0 Thread added: 0x000001c89bdb60a0
Event: 4.185 Loaded shared library C:\Program Files\Java\jdk-18.0.2.1\bin\jsound.dll
Event: 4.248 Thread 0x000001c89bcd0e70 Thread added: 0x000001c89bcd0e70
Event: 4.266 Thread 0x000001c89bcd1340 Thread added: 0x000001c89bcd1340
Event: 4.338 Loaded shared library C:\Program Files\Java\jdk-18.0.2.1\bin\javajpeg.dll
Event: 6.491 Thread 0x000001c89bcd1810 Thread added: 0x000001c89bcd1810


Dynamic libraries:
0x00007ff744db0000 - 0x00007ff744dc0000 	C:\Program Files\Java\jdk-18.0.2.1\bin\javaw.exe
0x00007ffd87dd0000 - 0x00007ffd87fe7000 	C:\Windows\SYSTEM32\ntdll.dll
0x00007ffd86cb0000 - 0x00007ffd86d74000 	C:\Windows\System32\KERNEL32.DLL
0x00007ffd85780000 - 0x00007ffd85b26000 	C:\Windows\System32\KERNELBASE.dll
0x00007ffd85660000 - 0x00007ffd85771000 	C:\Windows\System32\ucrtbase.dll
0x00007ffd6d750000 - 0x00007ffd6d768000 	C:\Program Files\Java\jdk-18.0.2.1\bin\jli.dll
0x00007ffd866b0000 - 0x00007ffd86760000 	C:\Windows\System32\ADVAPI32.dll
0x00007ffd87420000 - 0x00007ffd874c7000 	C:\Windows\System32\msvcrt.dll
0x00007ffd86a70000 - 0x00007ffd86b16000 	C:\Windows\System32\sechost.dll
0x00007ffd86590000 - 0x00007ffd866a7000 	C:\Windows\System32\RPCRT4.dll
0x00007ffd868c0000 - 0x00007ffd86a6d000 	C:\Windows\System32\USER32.dll
0x00007ffd85520000 - 0x00007ffd85546000 	C:\Windows\System32\win32u.dll
0x00007ffd863b0000 - 0x00007ffd863d9000 	C:\Windows\System32\GDI32.dll
0x00007ffd851d0000 - 0x00007ffd852e8000 	C:\Windows\System32\gdi32full.dll
0x00007ffd855c0000 - 0x00007ffd8565a000 	C:\Windows\System32\msvcp_win.dll
0x00007ffd6e990000 - 0x00007ffd6e9aa000 	C:\Program Files\Java\jdk-18.0.2.1\bin\VCRUNTIME140.dll
0x00007ffd6a420000 - 0x00007ffd6a6b3000 	C:\Windows\WinSxS\amd64_microsoft.windows.common-controls_6595b64144ccf1df_6.0.22621.2361_none_2712ced57382f843\COMCTL32.dll
0x00007ffd77280000 - 0x00007ffd7728a000 	C:\Windows\SYSTEM32\VERSION.dll
0x00007ffd85fb0000 - 0x00007ffd85fe1000 	C:\Windows\System32\IMM32.DLL
0x00007ffd805a0000 - 0x00007ffd805ac000 	C:\Program Files\Java\jdk-18.0.2.1\bin\vcruntime140_1.dll
0x00007ffd43e30000 - 0x00007ffd43ebd000 	C:\Program Files\Java\jdk-18.0.2.1\bin\msvcp140.dll
0x00007ffd13b50000 - 0x00007ffd14761000 	C:\Program Files\Java\jdk-18.0.2.1\bin\server\jvm.dll
0x00007ffd86c40000 - 0x00007ffd86c48000 	C:\Windows\System32\PSAPI.DLL
0x00007ffd76ff0000 - 0x00007ffd76ff9000 	C:\Windows\SYSTEM32\WSOCK32.dll
0x00007ffd86070000 - 0x00007ffd860e1000 	C:\Windows\System32\WS2_32.dll
0x00007ffd7e7d0000 - 0x00007ffd7e804000 	C:\Windows\SYSTEM32\WINMM.dll
0x00007ffd84220000 - 0x00007ffd84238000 	C:\Windows\SYSTEM32\kernel.appcore.dll
0x00007ffd7fa30000 - 0x00007ffd7fa3a000 	C:\Program Files\Java\jdk-18.0.2.1\bin\jimage.dll
0x00007ffd82820000 - 0x00007ffd82a4e000 	C:\Windows\SYSTEM32\DBGHELP.DLL
0x00007ffd87090000 - 0x00007ffd8741a000 	C:\Windows\System32\combase.dll
0x00007ffd862d0000 - 0x00007ffd863a7000 	C:\Windows\System32\OLEAUT32.dll
0x00007ffd75dc0000 - 0x00007ffd75df2000 	C:\Windows\SYSTEM32\dbgcore.DLL
0x00007ffd85150000 - 0x00007ffd851ca000 	C:\Windows\System32\bcryptPrimitives.dll
0x00007ffd67e50000 - 0x00007ffd67e75000 	C:\Program Files\Java\jdk-18.0.2.1\bin\java.dll
0x00007ffd3dff0000 - 0x00007ffd3e0c6000 	C:\Program Files\Java\jdk-18.0.2.1\bin\jsvml.dll
0x00007ffd87530000 - 0x00007ffd87d88000 	C:\Windows\System32\SHELL32.dll
0x00007ffd830c0000 - 0x00007ffd839b2000 	C:\Windows\SYSTEM32\windows.storage.dll
0x00007ffd82f80000 - 0x00007ffd830be000 	C:\Windows\SYSTEM32\wintypes.dll
0x00007ffd86b40000 - 0x00007ffd86c33000 	C:\Windows\System32\SHCORE.dll
0x00007ffd86c50000 - 0x00007ffd86cae000 	C:\Windows\System32\shlwapi.dll
0x00007ffd85080000 - 0x00007ffd850a6000 	C:\Windows\SYSTEM32\profapi.dll
0x00007ffd67c00000 - 0x00007ffd67c13000 	C:\Program Files\Java\jdk-18.0.2.1\bin\net.dll
0x00007ffd7e690000 - 0x00007ffd7e7c7000 	C:\Windows\SYSTEM32\WINHTTP.dll
0x00007ffd84700000 - 0x00007ffd84769000 	C:\Windows\system32\mswsock.dll
0x00007ffd67b60000 - 0x00007ffd67b76000 	C:\Program Files\Java\jdk-18.0.2.1\bin\nio.dll
0x00007ffd67b40000 - 0x00007ffd67b58000 	C:\Program Files\Java\jdk-18.0.2.1\bin\zip.dll
0x00007ffd3a4f0000 - 0x00007ffd3a67f000 	C:\Program Files\Java\jdk-18.0.2.1\bin\awt.dll
0x00007ffd82130000 - 0x00007ffd821c7000 	C:\Windows\SYSTEM32\apphelp.dll
0x00007ffd822f0000 - 0x00007ffd8239b000 	C:\Windows\system32\uxtheme.dll
0x00007ffd86770000 - 0x00007ffd868bc000 	C:\Windows\System32\MSCTF.dll
0x00007ffd863e0000 - 0x00007ffd8657f000 	C:\Windows\System32\ole32.dll
0x00007ffd827e0000 - 0x00007ffd8280b000 	C:\Windows\system32\DWMAPI.DLL
0x00007ffd5fc40000 - 0x00007ffd5fd40000 	C:\Windows\system32\opengl32.dll
0x00007ffd764d0000 - 0x00007ffd764fd000 	C:\Windows\SYSTEM32\GLU32.dll
0x00007ffd82400000 - 0x00007ffd82436000 	C:\Windows\SYSTEM32\dxcore.dll
0x00007ffd403f0000 - 0x00007ffd40476000 	C:\Program Files\Java\jdk-18.0.2.1\bin\freetype.dll
0x00007ffd3e890000 - 0x00007ffd3e938000 	C:\Program Files\Java\jdk-18.0.2.1\bin\fontmanager.dll
0x00007ffd79630000 - 0x00007ffd7977a000 	C:\Windows\SYSTEM32\textinputframework.dll
0x00007ffd860f0000 - 0x00007ffd861a0000 	C:\Windows\System32\clbcatq.dll
0x00007ffd803b0000 - 0x00007ffd80560000 	C:\Windows\SYSTEM32\WindowsCodecs.dll
0x00007ffd63f40000 - 0x00007ffd63f9e000 	C:\Windows\system32\dataexchange.dll
0x00007ffd7bba0000 - 0x00007ffd7be25000 	C:\Windows\system32\twinapi.appcore.dll
0x00007ffd81d40000 - 0x00007ffd81e73000 	C:\Windows\SYSTEM32\CoreMessaging.dll
0x00007ffd7d130000 - 0x00007ffd7d49c000 	C:\Windows\SYSTEM32\CoreUIComponents.dll
0x00007ffd84970000 - 0x00007ffd8497c000 	C:\Windows\SYSTEM32\CRYPTBASE.DLL
0x00007ffd84950000 - 0x00007ffd8496b000 	C:\Windows\SYSTEM32\CRYPTSP.dll
0x00007ffd841e0000 - 0x00007ffd84215000 	C:\Windows\system32\rsaenh.dll
0x00007ffd847f0000 - 0x00007ffd8481c000 	C:\Windows\SYSTEM32\USERENV.dll
0x00007ffd84b10000 - 0x00007ffd84b38000 	C:\Windows\SYSTEM32\bcrypt.dll
0x00007ffd83c90000 - 0x00007ffd83cbd000 	C:\Windows\SYSTEM32\IPHLPAPI.DLL
0x00007ffd86580000 - 0x00007ffd86589000 	C:\Windows\System32\NSI.dll
0x00007ffd7e440000 - 0x00007ffd7e459000 	C:\Windows\SYSTEM32\dhcpcsvc6.DLL
0x00007ffd7e420000 - 0x00007ffd7e43f000 	C:\Windows\SYSTEM32\dhcpcsvc.DLL
0x00007ffd83d00000 - 0x00007ffd83df9000 	C:\Windows\SYSTEM32\DNSAPI.dll
0x00007ffd678d0000 - 0x00007ffd678e1000 	C:\Program Files\Java\jdk-18.0.2.1\bin\jsound.dll
0x00007ffd3e590000 - 0x00007ffd3e632000 	C:\Windows\SYSTEM32\DSOUND.dll
0x00007ffd3c050000 - 0x00007ffd3c101000 	C:\Windows\SYSTEM32\ResampleDmo.DLL
0x00007ffd83fe0000 - 0x00007ffd8402d000 	C:\Windows\SYSTEM32\powrprof.dll
0x00007ffd80570000 - 0x00007ffd80599000 	C:\Windows\SYSTEM32\winmmbase.dll
0x00007ffd80560000 - 0x00007ffd8056b000 	C:\Windows\SYSTEM32\msdmo.dll
0x00007ffd83fc0000 - 0x00007ffd83fd3000 	C:\Windows\SYSTEM32\UMPDC.dll
0x00007ffd7dc00000 - 0x00007ffd7dc9d000 	C:\Windows\System32\MMDevApi.dll
0x00007ffd84e10000 - 0x00007ffd84e3c000 	C:\Windows\System32\DEVOBJ.dll
0x00007ffd84e40000 - 0x00007ffd84e8e000 	C:\Windows\SYSTEM32\cfgmgr32.dll
0x00007ffd72c70000 - 0x00007ffd72cb6000 	C:\Windows\SYSTEM32\wdmaud.drv
0x00007ffd7fd30000 - 0x00007ffd7fd39000 	C:\Windows\SYSTEM32\ksuser.dll
0x00007ffd7ed30000 - 0x00007ffd7ed3b000 	C:\Windows\SYSTEM32\AVRT.dll
0x00007ffd799a0000 - 0x00007ffd79b8c000 	C:\Windows\SYSTEM32\AUDIOSES.DLL
0x00007ffd7f9f0000 - 0x00007ffd7f9fe000 	C:\Windows\SYSTEM32\msacm32.drv
0x00007ffd77fe0000 - 0x00007ffd77ffe000 	C:\Windows\SYSTEM32\MSACM32.dll
0x00007ffd79bf0000 - 0x00007ffd79bfb000 	C:\Windows\SYSTEM32\midimap.dll
0x00007ffd82b80000 - 0x00007ffd82b95000 	C:\Windows\SYSTEM32\resourcepolicyclient.dll
0x00007ffd75ab0000 - 0x00007ffd75c24000 	C:\Windows\System32\Windows.UI.dll
0x00007ffd67110000 - 0x00007ffd6713d000 	C:\Program Files\Java\jdk-18.0.2.1\bin\javajpeg.dll

dbghelp: loaded successfully - version: 4.0.5 - missing functions: none
symbol engine: initialized successfully - sym options: 0x614 - pdb path: .;C:\Program Files\Java\jdk-18.0.2.1\bin;C:\Windows\SYSTEM32;C:\Windows\WinSxS\amd64_microsoft.windows.common-controls_6595b64144ccf1df_6.0.22621.2361_none_2712ced57382f843;C:\Program Files\Java\jdk-18.0.2.1\bin\server

VM Arguments:
jvm_args: --add-opens=java.base/java.lang=ALL-UNNAMED --add-opens=java.base/java.util=ALL-UNNAMED -Dfile.encoding=UTF-8 -XX:+ShowCodeDetailsInExceptionMessages 
java_command: UI.Login_UI
java_class_path (initial): C:\Users\cupho\Documents\HK5\PHAT_TRIEN_UNG_DUNG\nhom_PTUD\project\QuanLyLuongSanPham_Nhom12\SourceCode\QuanLyLuongSanPham_Nhom12\bin;C:\Users\cupho\Documents\HK5\PHAT_TRIEN_UNG_DUNG\nhom_PTUD\project\QuanLyLuongSanPham_Nhom12\SourceCode\QuanLyLuongSanPham_Nhom12\lib\jasper_report_lib\commons-beanutils-1.8.3.jar;C:\Users\cupho\Documents\HK5\PHAT_TRIEN_UNG_DUNG\nhom_PTUD\project\QuanLyLuongSanPham_Nhom12\SourceCode\QuanLyLuongSanPham_Nhom12\lib\jasper_report_lib\commons-collections-3.2.1-1.0.0.jar;C:\Users\cupho\Documents\HK5\PHAT_TRIEN_UNG_DUNG\nhom_PTUD\project\QuanLyLuongSanPham_Nhom12\SourceCode\QuanLyLuongSanPham_Nhom12\lib\jasper_report_lib\commons-digester-2.1.jar;C:\Users\cupho\Documents\HK5\PHAT_TRIEN_UNG_DUNG\nhom_PTUD\project\QuanLyLuongSanPham_Nhom12\SourceCode\QuanLyLuongSanPham_Nhom12\lib\jasper_report_lib\commons-logging-api-1.1.jar;C:\Users\cupho\Documents\HK5\PHAT_TRIEN_UNG_DUNG\nhom_PTUD\project\QuanLyLuongSanPham_Nhom12\SourceCode\QuanLyLuongSanPham_Nhom12\lib\jasper_report_lib\groovy-all-2.0.1.jar;C:\Users\cupho\Documents\HK5\PHAT_TRIEN_UNG_DUNG\nhom_PTUD\project\QuanLyLuongSanPham_Nhom12\SourceCode\QuanLyLuongSanPham_Nhom12\lib\jasper_report_lib\itext-2.1.7.jar;C:\Users\cupho\Documents\HK5\PHAT_TRIEN_UNG_DUNG\nhom_PTUD\project\QuanLyLuongSanPham_Nhom12\SourceCode\QuanLyLuongSanPham_Nhom12\lib\jasper_report_lib\jasperreports-5.6.0.jar;C:\Users\cupho\Documents\HK5\PHAT_TRIEN_UNG_DUNG\nhom_PTUD\project\QuanLyLuongSanPham_Nhom12\SourceCode\QuanLyLuongSanPham_Nhom12\lib\jasper_report_lib\jasperreports-fonts-5.6.0.jar;C:\Users\cupho\Documents\HK5\PHAT_TRIEN_UNG_DUNG\nhom_PTUD\project\QuanLyLuongSanPham_Nhom12\SourceCode\QuanLyLuongSanPham_Nhom12\lib\swingx-1.6.1.jar
Launcher Type: SUN_STANDARD

[Global flags]
     intx CICompilerCount                          = 3                                         {product} {ergonomic}
     uint ConcGCThreads                            = 1                                         {product} {ergonomic}
     uint G1ConcRefinementThreads                  = 4                                         {product} {ergonomic}
   size_t G1HeapRegionSize                         = 1048576                                   {product} {ergonomic}
    uintx GCDrainStackTargetSize                   = 64                                        {product} {ergonomic}
   size_t InitialHeapSize                          = 98566144                                  {product} {ergonomic}
   size_t MarkStackSize                            = 4194304                                   {product} {ergonomic}
   size_t MaxHeapSize                              = 1551892480                                {product} {ergonomic}
   size_t MaxNewSize                               = 931135488                                 {product} {ergonomic}
   size_t MinHeapDeltaBytes                        = 1048576                                   {product} {ergonomic}
   size_t MinHeapSize                              = 8388608                                   {product} {ergonomic}
    uintx NonNMethodCodeHeapSize                   = 5832780                                {pd product} {ergonomic}
    uintx NonProfiledCodeHeapSize                  = 122912730                              {pd product} {ergonomic}
    uintx ProfiledCodeHeapSize                     = 122912730                              {pd product} {ergonomic}
    uintx ReservedCodeCacheSize                    = 251658240                              {pd product} {ergonomic}
     bool SegmentedCodeCache                       = true                                      {product} {ergonomic}
     bool ShowCodeDetailsInExceptionMessages       = true                                   {manageable} {command line}
   size_t SoftMaxHeapSize                          = 1551892480                             {manageable} {ergonomic}
     bool UseCompressedClassPointers               = true                           {product lp64_product} {ergonomic}
     bool UseCompressedOops                        = true                           {product lp64_product} {ergonomic}
     bool UseG1GC                                  = true                                      {product} {ergonomic}
     bool UseLargePagesIndividualAllocation        = false                                  {pd product} {ergonomic}

Logging:
Log output configuration:
 #0: stdout all=warning uptime,level,tags foldmultilines=false
 #1: stderr all=off uptime,level,tags foldmultilines=false

Environment Variables:
PATH=C:/Program Files/Java/jdk-17.0.4.1/bin/server;C:/Program Files/Java/jdk-17.0.4.1/bin;C:\Program Files\Common Files\Oracle\Java\javapath;C:\Windows\system32;C:\Windows;C:\Windows\System32\Wbem;C:\Windows\System32\WindowsPowerShell\v1.0\;C:\Windows\System32\OpenSSH\;C:\Program Files\nodejs\;C:\Program Files\Git\cmd;D:\mongosh-1.6.1-win32-x64\mongosh-1.6.1-win32-x64\bin;C:\Program Files\Azure Data Studio\bin;C:\Program Files\Microsoft SQL Server\Client SDK\ODBC\170\Tools\Binn\;C:\Program Files (x86)\Microsoft SQL Server\150\Tools\Binn\;C:\Program Files\Microsoft SQL Server\150\Tools\Binn\;C:\Program Files\Microsoft SQL Server\150\DTS\Binn\;C:\Program Files (x86)\Microsoft SQL Server\160\DTS\Binn\;C:\Program Files\Git LFS;C:\Program Files\MongoDB\Server\6.0\bin;C:\Users\cupho\AppData\Local\Microsoft\WindowsApps;C:\Users\cupho\AppData\Local\Programs\Microsoft VS Code\bin;C:\Users\cupho\AppData\Roaming\npm;C:\Program Files\Azure Data Studio\bin;C:\Program Files\JetBrains\IntelliJ IDEA 2023.2\bin;;C:\Program Files\Java\jdk-18.0.2.1\bin;;C:\Users\cupho\eclipse\java-2022-09\eclipse;
USERNAME=cupho
OS=Windows_NT
PROCESSOR_IDENTIFIER=Intel64 Family 6 Model 42 Stepping 7, GenuineIntel



---------------  S Y S T E M  ---------------

OS:
 Windows 11 , 64 bit Build 22621 (10.0.22621.2428)
OS uptime: 3 days 18:51 hours

CPU: total 4 (initial active 4) (2 cores per cpu, 2 threads per core) family 6 model 42 stepping 7 microcode 0x2f, cx8, cmov, fxsr, ht, mmx, sse, sse2, sse3, ssse3, sse4.1, sse4.2, popcnt, tsc, tscinvbit, avx, aes, clmul, vzeroupper, clflush

Memory: 4k page, system-wide physical 5919M (358M free)
TotalPageFile size 9919M (AvailPageFile size 8M)
current process WorkingSet (physical memory assigned to process): 133M, peak: 136M
current process commit charge ("private bytes"): 214M, peak: 222M

vm_info: Java HotSpot(TM) 64-Bit Server VM (18.0.2.1+1-1) for windows-amd64 JRE (18.0.2.1+1-1), built on Aug 16 2022 01:46:33 by "mach5one" with MS VC++ 16.8 / 16.9 (VS2019)

END.
