#
# There is insufficient memory for the Java Runtime Environment to continue.
# Native memory allocation (malloc) failed to allocate 151728 bytes for Chunk::new
# Possible reasons:
#   The system is out of physical RAM or swap space
#   The process is running with CompressedOops enabled, and the Java Heap may be blocking the growth of the native heap
# Possible solutions:
#   Reduce memory load on the system
#   Increase physical memory or swap space
#   Check if swap backing store is full
#   Decrease Java heap size (-Xmx/-Xms)
#   Decrease number of Java threads
#   Decrease Java thread stack sizes (-Xss)
#   Set larger code cache with -XX:ReservedCodeCacheSize=
#   JVM is running with Unscaled Compressed Oops mode in which the Java heap is
#     placed in the first 4GB address space. The Java Heap base address is the
#     maximum limit for the native heap growth. Please use -XX:HeapBaseMinAddress
#     to set the Java Heap base and to place the Java Heap above 4GB virtual address.
# This output file may be truncated or incomplete.
#
#  Out of Memory Error (arena.cpp:184), pid=1824, tid=9508
#
# JRE version: Java(TM) SE Runtime Environment (18.0.2.1+1) (build 18.0.2.1+1-1)
# Java VM: Java HotSpot(TM) 64-Bit Server VM (18.0.2.1+1-1, mixed mode, sharing, tiered, compressed oops, compressed class ptrs, g1 gc, windows-amd64)
# No core dump will be written. Minidumps are not enabled by default on client versions of Windows
#

---------------  S U M M A R Y ------------

Command Line: --add-opens=java.base/java.lang=ALL-UNNAMED --add-opens=java.base/java.util=ALL-UNNAMED -Dfile.encoding=UTF-8 -XX:+ShowCodeDetailsInExceptionMessages UI.Login_UI

Host: Intel(R) Core(TM) i5-2540M CPU @ 2.60GHz, 4 cores, 5G,  Windows 11 , 64 bit Build 22621 (10.0.22621.2428)
Time: Sat Oct 28 14:26:03 2023 SE Asia Standard Time elapsed time: 0.671551 seconds (0d 0h 0m 0s)

---------------  T H R E A D  ---------------

Current thread (0x0000021a7d10af20):  JavaThread "C2 CompilerThread0" daemon [_thread_in_native, id=9508, stack(0x000000ff2e700000,0x000000ff2e800000)]


Current CompileTask:
C2:    671  624 % !   4       sun.awt.image.PNGImageDecoder::produceImage @ 960 (1917 bytes)

Stack: [0x000000ff2e700000,0x000000ff2e800000]
Native frames: (J=compiled Java code, j=interpreted, Vv=VM code, C=native code)
V  [jvm.dll+0x6993aa]
V  [jvm.dll+0x7f46dd]
V  [jvm.dll+0x7f5fee]
V  [jvm.dll+0x7f66a3]
V  [jvm.dll+0x25cf1f]
V  [jvm.dll+0xb8c2f]
V  [jvm.dll+0xb8fa5]
V  [jvm.dll+0x3860cb]
V  [jvm.dll+0x1d2805]
V  [jvm.dll+0x230259]
V  [jvm.dll+0x22f4d1]
V  [jvm.dll+0x1ba01c]
V  [jvm.dll+0x23ee0a]
V  [jvm.dll+0x23d0f5]
V  [jvm.dll+0x7a6dd1]
V  [jvm.dll+0x7a120a]
V  [jvm.dll+0x698255]
C  [ucrtbase.dll+0x29363]
C  [KERNEL32.DLL+0x1257d]
C  [ntdll.dll+0x5aa78]


---------------  P R O C E S S  ---------------

Threads class SMR info:
_java_thread_list=0x0000021a7de85d70, length=18, elements={
0x0000021a7d0e0f70, 0x0000021a7d0e1980, 0x0000021a7d0f34f0, 0x0000021a7d0f3e90,
0x0000021a7d0fcc60, 0x0000021a7d100b00, 0x0000021a7d10af20, 0x0000021a7d10b810,
0x0000021a7d11e8d0, 0x0000021a7d33d200, 0x0000021a7d345910, 0x0000021a7d463900,
0x0000021a7d568600, 0x0000021a7d568ac0, 0x0000021a7d59c760, 0x0000021a60c52420,
0x0000021a7d65abc0, 0x0000021a7df2ef60
}

Java Threads: ( => current thread )
  0x0000021a7d0e0f70 JavaThread "Reference Handler" daemon [_thread_blocked, id=13344, stack(0x000000ff2e100000,0x000000ff2e200000)]
  0x0000021a7d0e1980 JavaThread "Finalizer" daemon [_thread_blocked, id=11536, stack(0x000000ff2e200000,0x000000ff2e300000)]
  0x0000021a7d0f34f0 JavaThread "Signal Dispatcher" daemon [_thread_blocked, id=12652, stack(0x000000ff2e300000,0x000000ff2e400000)]
  0x0000021a7d0f3e90 JavaThread "Attach Listener" daemon [_thread_blocked, id=16848, stack(0x000000ff2e400000,0x000000ff2e500000)]
  0x0000021a7d0fcc60 JavaThread "Service Thread" daemon [_thread_blocked, id=17312, stack(0x000000ff2e500000,0x000000ff2e600000)]
  0x0000021a7d100b00 JavaThread "Monitor Deflation Thread" daemon [_thread_blocked, id=13176, stack(0x000000ff2e600000,0x000000ff2e700000)]
=>0x0000021a7d10af20 JavaThread "C2 CompilerThread0" daemon [_thread_in_native, id=9508, stack(0x000000ff2e700000,0x000000ff2e800000)]
  0x0000021a7d10b810 JavaThread "C1 CompilerThread0" daemon [_thread_blocked, id=1292, stack(0x000000ff2e800000,0x000000ff2e900000)]
  0x0000021a7d11e8d0 JavaThread "Sweeper thread" daemon [_thread_blocked, id=10628, stack(0x000000ff2e900000,0x000000ff2ea00000)]
  0x0000021a7d33d200 JavaThread "Common-Cleaner" daemon [_thread_blocked, id=8660, stack(0x000000ff2ea00000,0x000000ff2eb00000)]
  0x0000021a7d345910 JavaThread "Notification Thread" daemon [_thread_blocked, id=16632, stack(0x000000ff2eb00000,0x000000ff2ec00000)]
  0x0000021a7d463900 JavaThread "Java2D Disposer" daemon [_thread_blocked, id=5104, stack(0x000000ff2ed00000,0x000000ff2ee00000)]
  0x0000021a7d568600 JavaThread "AWT-Shutdown" [_thread_blocked, id=11888, stack(0x000000ff2ee00000,0x000000ff2ef00000)]
  0x0000021a7d568ac0 JavaThread "AWT-Windows" daemon [_thread_in_native, id=8164, stack(0x000000ff2ef00000,0x000000ff2f000000)]
  0x0000021a7d59c760 JavaThread "AWT-EventQueue-0" [_thread_in_vm, id=12352, stack(0x000000ff2f000000,0x000000ff2f100000)]
  0x0000021a60c52420 JavaThread "DestroyJavaVM" [_thread_blocked, id=14708, stack(0x000000ff2da00000,0x000000ff2db00000)]
  0x0000021a7d65abc0 JavaThread "Image Fetcher 0" daemon [_thread_blocked, id=7456, stack(0x000000ff2f100000,0x000000ff2f200000)]
  0x0000021a7df2ef60 JavaThread "C2 CompilerThread1" daemon [_thread_blocked, id=7976, stack(0x000000ff2f500000,0x000000ff2f600000)]

Other Threads:
  0x0000021a60cb8420 VMThread "VM Thread" [stack: 0x000000ff2e000000,0x000000ff2e100000] [id=5416]
  0x0000021a7d349020 WatcherThread "VM Periodic Task Thread" [stack: 0x000000ff2ec00000,0x000000ff2ed00000] [id=11912]
  0x0000021a60c9f6a0 WorkerThread "GC Thread#0" [stack: 0x000000ff2db00000,0x000000ff2dc00000] [id=8872]
  0x0000021a60cac670 ConcurrentGCThread "G1 Main Marker" [stack: 0x000000ff2dc00000,0x000000ff2dd00000] [id=5204]
  0x0000021a60cad060 WorkerThread "G1 Conc#0" [stack: 0x000000ff2dd00000,0x000000ff2de00000] [id=17152]
  0x0000021a60ce04f0 ConcurrentGCThread "G1 Refine#0" [stack: 0x000000ff2de00000,0x000000ff2df00000] [id=10608]
  0x0000021a60ce0e00 ConcurrentGCThread "G1 Service" [stack: 0x000000ff2df00000,0x000000ff2e000000] [id=2032]

Threads with active compile tasks:
C2 CompilerThread0      718  624 % !   4       sun.awt.image.PNGImageDecoder::produceImage @ 960 (1917 bytes)

VM state: not at safepoint (normal execution)

VM Mutex/Monitor currently owned by a thread: None

Heap address: 0x00000000a3800000, size: 1480 MB, Compressed Oops mode: 32-bit

CDS archive(s) mapped at: [0x0000000800000000-0x0000000800ba0000-0x0000000800ba0000), size 12189696, SharedBaseAddress: 0x0000000800000000, ArchiveRelocationMode: 0.
Compressed class space mapped at: 0x0000000800c00000-0x0000000840c00000, reserved size: 1073741824
Narrow klass base: 0x0000000800000000, Narrow klass shift: 0, Narrow klass range: 0x100000000

GC Precious Log:
 CardTable entry size: 512
 Card Set container configuration: InlinePtr #cards 5 size 8 Array Of Cards #cards 12 size 40 Howl #buckets 4 coarsen threshold 1843 Howl Bitmap #cards 512 size 80 coarsen threshold 460 Card regions per heap region 1 cards per card region 2048
 CPUs: 4 total, 4 available
 Memory: 5919M
 Large Page Support: Disabled
 NUMA Support: Disabled
 Compressed Oops: Enabled (32-bit)
 Heap Region Size: 1M
 Heap Min Capacity: 8M
 Heap Initial Capacity: 94M
 Heap Max Capacity: 1480M
 Pre-touch: Disabled
 Parallel Workers: 4
 Concurrent Workers: 1
 Concurrent Refinement Workers: 4
 Periodic GC: Disabled

Heap:
 garbage-first heap   total 96256K, used 8192K [0x00000000a3800000, 0x0000000100000000)
  region size 1024K, 8 young (8192K), 0 survivors (0K)
 Metaspace       used 7926K, committed 8064K, reserved 1114112K
  class space    used 956K, committed 1024K, reserved 1048576K

Heap Regions: E=young(eden), S=young(survivor), O=old, HS=humongous(starts), HC=humongous(continues), CS=collection set, F=free, OA=open archive, CA=closed archive, TAMS=top-at-mark-start (previous, next)
|   0|0x00000000a3800000, 0x00000000a3900000, 0x00000000a3900000|100%|HS|  |TAMS 0x00000000a3800000, 0x00000000a3800000| Complete 
|   1|0x00000000a3900000, 0x00000000a3900000, 0x00000000a3a00000|  0%| F|  |TAMS 0x00000000a3900000, 0x00000000a3900000| Untracked 
|   2|0x00000000a3a00000, 0x00000000a3a00000, 0x00000000a3b00000|  0%| F|  |TAMS 0x00000000a3a00000, 0x00000000a3a00000| Untracked 
|   3|0x00000000a3b00000, 0x00000000a3b00000, 0x00000000a3c00000|  0%| F|  |TAMS 0x00000000a3b00000, 0x00000000a3b00000| Untracked 
|   4|0x00000000a3c00000, 0x00000000a3c00000, 0x00000000a3d00000|  0%| F|  |TAMS 0x00000000a3c00000, 0x00000000a3c00000| Untracked 
|   5|0x00000000a3d00000, 0x00000000a3d00000, 0x00000000a3e00000|  0%| F|  |TAMS 0x00000000a3d00000, 0x00000000a3d00000| Untracked 
|   6|0x00000000a3e00000, 0x00000000a3e00000, 0x00000000a3f00000|  0%| F|  |TAMS 0x00000000a3e00000, 0x00000000a3e00000| Untracked 
|   7|0x00000000a3f00000, 0x00000000a3f00000, 0x00000000a4000000|  0%| F|  |TAMS 0x00000000a3f00000, 0x00000000a3f00000| Untracked 
|   8|0x00000000a4000000, 0x00000000a4000000, 0x00000000a4100000|  0%| F|  |TAMS 0x00000000a4000000, 0x00000000a4000000| Untracked 
|   9|0x00000000a4100000, 0x00000000a4100000, 0x00000000a4200000|  0%| F|  |TAMS 0x00000000a4100000, 0x00000000a4100000| Untracked 
|  10|0x00000000a4200000, 0x00000000a4200000, 0x00000000a4300000|  0%| F|  |TAMS 0x00000000a4200000, 0x00000000a4200000| Untracked 
|  11|0x00000000a4300000, 0x00000000a4300000, 0x00000000a4400000|  0%| F|  |TAMS 0x00000000a4300000, 0x00000000a4300000| Untracked 
|  12|0x00000000a4400000, 0x00000000a4400000, 0x00000000a4500000|  0%| F|  |TAMS 0x00000000a4400000, 0x00000000a4400000| Untracked 
|  13|0x00000000a4500000, 0x00000000a4500000, 0x00000000a4600000|  0%| F|  |TAMS 0x00000000a4500000, 0x00000000a4500000| Untracked 
|  14|0x00000000a4600000, 0x00000000a4600000, 0x00000000a4700000|  0%| F|  |TAMS 0x00000000a4600000, 0x00000000a4600000| Untracked 
|  15|0x00000000a4700000, 0x00000000a4700000, 0x00000000a4800000|  0%| F|  |TAMS 0x00000000a4700000, 0x00000000a4700000| Untracked 
|  16|0x00000000a4800000, 0x00000000a4800000, 0x00000000a4900000|  0%| F|  |TAMS 0x00000000a4800000, 0x00000000a4800000| Untracked 
|  17|0x00000000a4900000, 0x00000000a4900000, 0x00000000a4a00000|  0%| F|  |TAMS 0x00000000a4900000, 0x00000000a4900000| Untracked 
|  18|0x00000000a4a00000, 0x00000000a4a00000, 0x00000000a4b00000|  0%| F|  |TAMS 0x00000000a4a00000, 0x00000000a4a00000| Untracked 
|  19|0x00000000a4b00000, 0x00000000a4b00000, 0x00000000a4c00000|  0%| F|  |TAMS 0x00000000a4b00000, 0x00000000a4b00000| Untracked 
|  20|0x00000000a4c00000, 0x00000000a4c00000, 0x00000000a4d00000|  0%| F|  |TAMS 0x00000000a4c00000, 0x00000000a4c00000| Untracked 
|  21|0x00000000a4d00000, 0x00000000a4d00000, 0x00000000a4e00000|  0%| F|  |TAMS 0x00000000a4d00000, 0x00000000a4d00000| Untracked 
|  22|0x00000000a4e00000, 0x00000000a4e00000, 0x00000000a4f00000|  0%| F|  |TAMS 0x00000000a4e00000, 0x00000000a4e00000| Untracked 
|  23|0x00000000a4f00000, 0x00000000a4f00000, 0x00000000a5000000|  0%| F|  |TAMS 0x00000000a4f00000, 0x00000000a4f00000| Untracked 
|  24|0x00000000a5000000, 0x00000000a5000000, 0x00000000a5100000|  0%| F|  |TAMS 0x00000000a5000000, 0x00000000a5000000| Untracked 
|  25|0x00000000a5100000, 0x00000000a5100000, 0x00000000a5200000|  0%| F|  |TAMS 0x00000000a5100000, 0x00000000a5100000| Untracked 
|  26|0x00000000a5200000, 0x00000000a5200000, 0x00000000a5300000|  0%| F|  |TAMS 0x00000000a5200000, 0x00000000a5200000| Untracked 
|  27|0x00000000a5300000, 0x00000000a5300000, 0x00000000a5400000|  0%| F|  |TAMS 0x00000000a5300000, 0x00000000a5300000| Untracked 
|  28|0x00000000a5400000, 0x00000000a5400000, 0x00000000a5500000|  0%| F|  |TAMS 0x00000000a5400000, 0x00000000a5400000| Untracked 
|  29|0x00000000a5500000, 0x00000000a5500000, 0x00000000a5600000|  0%| F|  |TAMS 0x00000000a5500000, 0x00000000a5500000| Untracked 
|  30|0x00000000a5600000, 0x00000000a5600000, 0x00000000a5700000|  0%| F|  |TAMS 0x00000000a5600000, 0x00000000a5600000| Untracked 
|  31|0x00000000a5700000, 0x00000000a5700000, 0x00000000a5800000|  0%| F|  |TAMS 0x00000000a5700000, 0x00000000a5700000| Untracked 
|  32|0x00000000a5800000, 0x00000000a5800000, 0x00000000a5900000|  0%| F|  |TAMS 0x00000000a5800000, 0x00000000a5800000| Untracked 
|  33|0x00000000a5900000, 0x00000000a5900000, 0x00000000a5a00000|  0%| F|  |TAMS 0x00000000a5900000, 0x00000000a5900000| Untracked 
|  34|0x00000000a5a00000, 0x00000000a5a00000, 0x00000000a5b00000|  0%| F|  |TAMS 0x00000000a5a00000, 0x00000000a5a00000| Untracked 
|  35|0x00000000a5b00000, 0x00000000a5b00000, 0x00000000a5c00000|  0%| F|  |TAMS 0x00000000a5b00000, 0x00000000a5b00000| Untracked 
|  36|0x00000000a5c00000, 0x00000000a5c00000, 0x00000000a5d00000|  0%| F|  |TAMS 0x00000000a5c00000, 0x00000000a5c00000| Untracked 
|  37|0x00000000a5d00000, 0x00000000a5d00000, 0x00000000a5e00000|  0%| F|  |TAMS 0x00000000a5d00000, 0x00000000a5d00000| Untracked 
|  38|0x00000000a5e00000, 0x00000000a5e00000, 0x00000000a5f00000|  0%| F|  |TAMS 0x00000000a5e00000, 0x00000000a5e00000| Untracked 
|  39|0x00000000a5f00000, 0x00000000a5f00000, 0x00000000a6000000|  0%| F|  |TAMS 0x00000000a5f00000, 0x00000000a5f00000| Untracked 
|  40|0x00000000a6000000, 0x00000000a6000000, 0x00000000a6100000|  0%| F|  |TAMS 0x00000000a6000000, 0x00000000a6000000| Untracked 
|  41|0x00000000a6100000, 0x00000000a6100000, 0x00000000a6200000|  0%| F|  |TAMS 0x00000000a6100000, 0x00000000a6100000| Untracked 
|  42|0x00000000a6200000, 0x00000000a6200000, 0x00000000a6300000|  0%| F|  |TAMS 0x00000000a6200000, 0x00000000a6200000| Untracked 
|  43|0x00000000a6300000, 0x00000000a6300000, 0x00000000a6400000|  0%| F|  |TAMS 0x00000000a6300000, 0x00000000a6300000| Untracked 
|  44|0x00000000a6400000, 0x00000000a6400000, 0x00000000a6500000|  0%| F|  |TAMS 0x00000000a6400000, 0x00000000a6400000| Untracked 
|  45|0x00000000a6500000, 0x00000000a6500000, 0x00000000a6600000|  0%| F|  |TAMS 0x00000000a6500000, 0x00000000a6500000| Untracked 
|  46|0x00000000a6600000, 0x00000000a6600000, 0x00000000a6700000|  0%| F|  |TAMS 0x00000000a6600000, 0x00000000a6600000| Untracked 
|  47|0x00000000a6700000, 0x00000000a6700000, 0x00000000a6800000|  0%| F|  |TAMS 0x00000000a6700000, 0x00000000a6700000| Untracked 
|  48|0x00000000a6800000, 0x00000000a6800000, 0x00000000a6900000|  0%| F|  |TAMS 0x00000000a6800000, 0x00000000a6800000| Untracked 
|  49|0x00000000a6900000, 0x00000000a6900000, 0x00000000a6a00000|  0%| F|  |TAMS 0x00000000a6900000, 0x00000000a6900000| Untracked 
|  50|0x00000000a6a00000, 0x00000000a6a00000, 0x00000000a6b00000|  0%| F|  |TAMS 0x00000000a6a00000, 0x00000000a6a00000| Untracked 
|  51|0x00000000a6b00000, 0x00000000a6b00000, 0x00000000a6c00000|  0%| F|  |TAMS 0x00000000a6b00000, 0x00000000a6b00000| Untracked 
|  52|0x00000000a6c00000, 0x00000000a6c00000, 0x00000000a6d00000|  0%| F|  |TAMS 0x00000000a6c00000, 0x00000000a6c00000| Untracked 
|  53|0x00000000a6d00000, 0x00000000a6d00000, 0x00000000a6e00000|  0%| F|  |TAMS 0x00000000a6d00000, 0x00000000a6d00000| Untracked 
|  54|0x00000000a6e00000, 0x00000000a6e00000, 0x00000000a6f00000|  0%| F|  |TAMS 0x00000000a6e00000, 0x00000000a6e00000| Untracked 
|  55|0x00000000a6f00000, 0x00000000a6f00000, 0x00000000a7000000|  0%| F|  |TAMS 0x00000000a6f00000, 0x00000000a6f00000| Untracked 
|  56|0x00000000a7000000, 0x00000000a7000000, 0x00000000a7100000|  0%| F|  |TAMS 0x00000000a7000000, 0x00000000a7000000| Untracked 
|  57|0x00000000a7100000, 0x00000000a7100000, 0x00000000a7200000|  0%| F|  |TAMS 0x00000000a7100000, 0x00000000a7100000| Untracked 
|  58|0x00000000a7200000, 0x00000000a7200000, 0x00000000a7300000|  0%| F|  |TAMS 0x00000000a7200000, 0x00000000a7200000| Untracked 
|  59|0x00000000a7300000, 0x00000000a7300000, 0x00000000a7400000|  0%| F|  |TAMS 0x00000000a7300000, 0x00000000a7300000| Untracked 
|  60|0x00000000a7400000, 0x00000000a7400000, 0x00000000a7500000|  0%| F|  |TAMS 0x00000000a7400000, 0x00000000a7400000| Untracked 
|  61|0x00000000a7500000, 0x00000000a7500000, 0x00000000a7600000|  0%| F|  |TAMS 0x00000000a7500000, 0x00000000a7500000| Untracked 
|  62|0x00000000a7600000, 0x00000000a7600000, 0x00000000a7700000|  0%| F|  |TAMS 0x00000000a7600000, 0x00000000a7600000| Untracked 
|  63|0x00000000a7700000, 0x00000000a7700000, 0x00000000a7800000|  0%| F|  |TAMS 0x00000000a7700000, 0x00000000a7700000| Untracked 
|  64|0x00000000a7800000, 0x00000000a7800000, 0x00000000a7900000|  0%| F|  |TAMS 0x00000000a7800000, 0x00000000a7800000| Untracked 
|  65|0x00000000a7900000, 0x00000000a7900000, 0x00000000a7a00000|  0%| F|  |TAMS 0x00000000a7900000, 0x00000000a7900000| Untracked 
|  66|0x00000000a7a00000, 0x00000000a7a00000, 0x00000000a7b00000|  0%| F|  |TAMS 0x00000000a7a00000, 0x00000000a7a00000| Untracked 
|  67|0x00000000a7b00000, 0x00000000a7b00000, 0x00000000a7c00000|  0%| F|  |TAMS 0x00000000a7b00000, 0x00000000a7b00000| Untracked 
|  68|0x00000000a7c00000, 0x00000000a7c00000, 0x00000000a7d00000|  0%| F|  |TAMS 0x00000000a7c00000, 0x00000000a7c00000| Untracked 
|  69|0x00000000a7d00000, 0x00000000a7d00000, 0x00000000a7e00000|  0%| F|  |TAMS 0x00000000a7d00000, 0x00000000a7d00000| Untracked 
|  70|0x00000000a7e00000, 0x00000000a7e00000, 0x00000000a7f00000|  0%| F|  |TAMS 0x00000000a7e00000, 0x00000000a7e00000| Untracked 
|  71|0x00000000a7f00000, 0x00000000a7f00000, 0x00000000a8000000|  0%| F|  |TAMS 0x00000000a7f00000, 0x00000000a7f00000| Untracked 
|  72|0x00000000a8000000, 0x00000000a8000000, 0x00000000a8100000|  0%| F|  |TAMS 0x00000000a8000000, 0x00000000a8000000| Untracked 
|  73|0x00000000a8100000, 0x00000000a8100000, 0x00000000a8200000|  0%| F|  |TAMS 0x00000000a8100000, 0x00000000a8100000| Untracked 
|  74|0x00000000a8200000, 0x00000000a8200000, 0x00000000a8300000|  0%| F|  |TAMS 0x00000000a8200000, 0x00000000a8200000| Untracked 
|  75|0x00000000a8300000, 0x00000000a8300000, 0x00000000a8400000|  0%| F|  |TAMS 0x00000000a8300000, 0x00000000a8300000| Untracked 
|  76|0x00000000a8400000, 0x00000000a8400000, 0x00000000a8500000|  0%| F|  |TAMS 0x00000000a8400000, 0x00000000a8400000| Untracked 
|  77|0x00000000a8500000, 0x00000000a8500000, 0x00000000a8600000|  0%| F|  |TAMS 0x00000000a8500000, 0x00000000a8500000| Untracked 
|  78|0x00000000a8600000, 0x00000000a8600000, 0x00000000a8700000|  0%| F|  |TAMS 0x00000000a8600000, 0x00000000a8600000| Untracked 
|  79|0x00000000a8700000, 0x00000000a8700000, 0x00000000a8800000|  0%| F|  |TAMS 0x00000000a8700000, 0x00000000a8700000| Untracked 
|  80|0x00000000a8800000, 0x00000000a8800000, 0x00000000a8900000|  0%| F|  |TAMS 0x00000000a8800000, 0x00000000a8800000| Untracked 
|  81|0x00000000a8900000, 0x00000000a8900000, 0x00000000a8a00000|  0%| F|  |TAMS 0x00000000a8900000, 0x00000000a8900000| Untracked 
|  82|0x00000000a8a00000, 0x00000000a8a00000, 0x00000000a8b00000|  0%| F|  |TAMS 0x00000000a8a00000, 0x00000000a8a00000| Untracked 
|  83|0x00000000a8b00000, 0x00000000a8b00000, 0x00000000a8c00000|  0%| F|  |TAMS 0x00000000a8b00000, 0x00000000a8b00000| Untracked 
|  84|0x00000000a8c00000, 0x00000000a8c00000, 0x00000000a8d00000|  0%| F|  |TAMS 0x00000000a8c00000, 0x00000000a8c00000| Untracked 
|  85|0x00000000a8d00000, 0x00000000a8d00000, 0x00000000a8e00000|  0%| F|  |TAMS 0x00000000a8d00000, 0x00000000a8d00000| Untracked 
|  86|0x00000000a8e00000, 0x00000000a8e85b10, 0x00000000a8f00000| 52%| E|  |TAMS 0x00000000a8e00000, 0x00000000a8e00000| Complete 
|  87|0x00000000a8f00000, 0x00000000a9000000, 0x00000000a9000000|100%| E|CS|TAMS 0x00000000a8f00000, 0x00000000a8f00000| Complete 
|  88|0x00000000a9000000, 0x00000000a9100000, 0x00000000a9100000|100%| E|CS|TAMS 0x00000000a9000000, 0x00000000a9000000| Complete 
|  89|0x00000000a9100000, 0x00000000a9200000, 0x00000000a9200000|100%| E|CS|TAMS 0x00000000a9100000, 0x00000000a9100000| Complete 
|  90|0x00000000a9200000, 0x00000000a9300000, 0x00000000a9300000|100%| E|CS|TAMS 0x00000000a9200000, 0x00000000a9200000| Complete 
|  91|0x00000000a9300000, 0x00000000a9400000, 0x00000000a9400000|100%| E|CS|TAMS 0x00000000a9300000, 0x00000000a9300000| Complete 
|  92|0x00000000a9400000, 0x00000000a9500000, 0x00000000a9500000|100%| E|CS|TAMS 0x00000000a9400000, 0x00000000a9400000| Complete 
|  93|0x00000000a9500000, 0x00000000a9600000, 0x00000000a9600000|100%| E|CS|TAMS 0x00000000a9500000, 0x00000000a9500000| Complete 

Card table byte_map: [0x0000021a77870000,0x0000021a77b60000] _byte_map_base: 0x0000021a77354000

Marking Bits (Prev, Next): (CMBitMap*) 0x0000021a60c9fca0, (CMBitMap*) 0x0000021a60c9fce0
 Prev Bits: [0x0000021a77e50000, 0x0000021a79570000)
 Next Bits: [0x0000021a79570000, 0x0000021a7ac90000)

Polling page: 0x0000021a60410000

Metaspace:

Usage:
  Non-class:      6.91 MB used.
      Class:    971.85 KB used.
       Both:      7.86 MB used.

Virtual space:
  Non-class space:       64.00 MB reserved,       7.00 MB ( 11%) committed,  1 nodes.
      Class space:        1.00 GB reserved,       1.00 MB ( <1%) committed,  1 nodes.
             Both:        1.06 GB reserved,       8.00 MB ( <1%) committed. 

Chunk freelists:
   Non-Class:  1.00 MB
       Class:  3.00 MB
        Both:  4.00 MB

MaxMetaspaceSize: unlimited
CompressedClassSpaceSize: 1.00 GB
Initial GC threshold: 21.00 MB
Current GC threshold: 21.00 MB
CDS: on
MetaspaceReclaimPolicy: balanced
 - commit_granule_bytes: 65536.
 - commit_granule_words: 8192.
 - virtual_space_node_default_size: 8388608.
 - enlarge_chunks_in_place: 1.
 - new_chunks_are_fully_committed: 0.
 - uncommit_free_chunks: 1.
 - use_allocation_guard: 0.


Internal statistics:

num_allocs_failed_limit: 0.
num_arena_births: 120.
num_arena_deaths: 0.
num_vsnodes_births: 2.
num_vsnodes_deaths: 0.
num_space_committed: 128.
num_space_uncommitted: 0.
num_chunks_returned_to_freelist: 0.
num_chunks_taken_from_freelist: 175.
num_chunk_merges: 0.
num_chunk_splits: 93.
num_chunks_enlarged: 26.
num_inconsistent_stats: 0.

CodeHeap 'non-profiled nmethods': size=120000Kb used=195Kb max_used=195Kb free=119804Kb
 bounds [0x0000021a70050000, 0x0000021a702c0000, 0x0000021a77580000]
CodeHeap 'profiled nmethods': size=120000Kb used=1146Kb max_used=1146Kb free=118853Kb
 bounds [0x0000021a68b20000, 0x0000021a68d90000, 0x0000021a70050000]
CodeHeap 'non-nmethods': size=5760Kb used=1260Kb max_used=1270Kb free=4499Kb
 bounds [0x0000021a68580000, 0x0000021a687f0000, 0x0000021a68b20000]
 total_blobs=1294 nmethods=723 adapters=484
 compilation: enabled
              stopped_count=0, restarted_count=0
 full_count=0

Compilation events (20 events):
Event: 0.646 Thread 0x0000021a7d10b810 nmethod 662 0x0000021a68c1d910 code [0x0000021a68c1db80, 0x0000021a68c1e608]
Event: 0.646 Thread 0x0000021a7d10b810  663       3       java.lang.invoke.DirectMethodHandle::make (275 bytes)
Event: 0.647 Thread 0x0000021a7d10b810 nmethod 663 0x0000021a68c1e990 code [0x0000021a68c1ed20, 0x0000021a68c20198]
Event: 0.647 Thread 0x0000021a7d10b810  666       3       java.util.HashMap::putVal (300 bytes)
Event: 0.649 Thread 0x0000021a7d10b810 nmethod 666 0x0000021a68c20990 code [0x0000021a68c20c40, 0x0000021a68c21e98]
Event: 0.649 Thread 0x0000021a7d10b810  665       3       java.util.StringTokenizer::scanToken (179 bytes)
Event: 0.651 Thread 0x0000021a7d10b810 nmethod 665 0x0000021a68c22390 code [0x0000021a68c226e0, 0x0000021a68c23d38]
Event: 0.651 Thread 0x0000021a7d10b810  664       3       java.lang.invoke.MemberName::isField (8 bytes)
Event: 0.651 Thread 0x0000021a7d10b810 nmethod 664 0x0000021a68c24590 code [0x0000021a68c24740, 0x0000021a68c24978]
Event: 0.665 Thread 0x0000021a7d10b810  669       3       java.util.ArrayList$Itr::next (66 bytes)
Event: 0.666 Thread 0x0000021a7d10b810 nmethod 669 0x0000021a68c24a90 code [0x0000021a68c24c80, 0x0000021a68c25048]
Event: 0.666 Thread 0x0000021a7d10b810  670       3       java.util.ArrayList$Itr::checkForComodification (23 bytes)
Event: 0.666 Thread 0x0000021a7d10b810 nmethod 670 0x0000021a68c25210 code [0x0000021a68c253c0, 0x0000021a68c25588]
Event: 0.666 Thread 0x0000021a7d10b810  668       3       java.awt.Component::isLightweight (8 bytes)
Event: 0.666 Thread 0x0000021a7d10b810 nmethod 668 0x0000021a68c25690 code [0x0000021a68c25820, 0x0000021a68c25a58]
Event: 0.667 Thread 0x0000021a7d10b810  671   !   3       javax.swing.UIManager::getLAFState (61 bytes)
Event: 0.668 Thread 0x0000021a7d10b810 nmethod 671 0x0000021a68c25b10 code [0x0000021a68c25d60, 0x0000021a68c264c8]
Event: 0.668 Thread 0x0000021a7d10b810  672       3       sun.awt.AWTAccessor::getComponentAccessor (15 bytes)
Event: 0.668 Thread 0x0000021a7d10b810 nmethod 672 0x0000021a68c26810 code [0x0000021a68c26a00, 0x0000021a68c26da8]
Event: 0.668 Thread 0x0000021a7d10b810  673       3       java.awt.Component::getContainer (5 bytes)

GC Heap History (0 events):
No events

Deoptimization events (20 events):
Event: 0.586 Thread 0x0000021a7d65abc0 DEOPT PACKING pc=0x0000021a68bf756d sp=0x000000ff2f1fef20
Event: 0.586 Thread 0x0000021a7d65abc0 DEOPT UNPACKING pc=0x0000021a685d2b43 sp=0x000000ff2f1fe390 mode 0
Event: 0.586 Thread 0x0000021a7d65abc0 DEOPT PACKING pc=0x0000021a68bf756d sp=0x000000ff2f1fef20
Event: 0.586 Thread 0x0000021a7d65abc0 DEOPT UNPACKING pc=0x0000021a685d2b43 sp=0x000000ff2f1fe390 mode 0
Event: 0.587 Thread 0x0000021a7d65abc0 DEOPT PACKING pc=0x0000021a68bf756d sp=0x000000ff2f1fef20
Event: 0.587 Thread 0x0000021a7d65abc0 DEOPT UNPACKING pc=0x0000021a685d2b43 sp=0x000000ff2f1fe390 mode 0
Event: 0.587 Thread 0x0000021a7d65abc0 DEOPT PACKING pc=0x0000021a68bf756d sp=0x000000ff2f1fef20
Event: 0.587 Thread 0x0000021a7d65abc0 DEOPT UNPACKING pc=0x0000021a685d2b43 sp=0x000000ff2f1fe390 mode 0
Event: 0.587 Thread 0x0000021a7d65abc0 DEOPT PACKING pc=0x0000021a68bf756d sp=0x000000ff2f1fef20
Event: 0.587 Thread 0x0000021a7d65abc0 DEOPT UNPACKING pc=0x0000021a685d2b43 sp=0x000000ff2f1fe390 mode 0
Event: 0.587 Thread 0x0000021a7d65abc0 DEOPT PACKING pc=0x0000021a68bf756d sp=0x000000ff2f1fef20
Event: 0.587 Thread 0x0000021a7d65abc0 DEOPT UNPACKING pc=0x0000021a685d2b43 sp=0x000000ff2f1fe390 mode 0
Event: 0.588 Thread 0x0000021a7d65abc0 DEOPT PACKING pc=0x0000021a68bf756d sp=0x000000ff2f1fef20
Event: 0.588 Thread 0x0000021a7d65abc0 DEOPT UNPACKING pc=0x0000021a685d2b43 sp=0x000000ff2f1fe390 mode 0
Event: 0.588 Thread 0x0000021a7d65abc0 DEOPT PACKING pc=0x0000021a68bf756d sp=0x000000ff2f1fef20
Event: 0.588 Thread 0x0000021a7d65abc0 DEOPT UNPACKING pc=0x0000021a685d2b43 sp=0x000000ff2f1fe390 mode 0
Event: 0.609 Thread 0x0000021a7d59c760 Uncommon trap: trap_request=0xffffff45 fr.pc=0x0000021a70071400 relative=0x0000000000000180
Event: 0.609 Thread 0x0000021a7d59c760 Uncommon trap: reason=unstable_if action=reinterpret pc=0x0000021a70071400 method=java.lang.String.equals(Ljava/lang/Object;)Z @ 33 c2
Event: 0.609 Thread 0x0000021a7d59c760 DEOPT PACKING pc=0x0000021a70071400 sp=0x000000ff2f0fee50
Event: 0.609 Thread 0x0000021a7d59c760 DEOPT UNPACKING pc=0x0000021a685d23a3 sp=0x000000ff2f0fedf0 mode 2

Classes loaded (20 events):
Event: 0.650 Loading class javax/swing/DefaultBoundedRangeModel
Event: 0.650 Loading class javax/swing/BoundedRangeModel
Event: 0.650 Loading class javax/swing/BoundedRangeModel done
Event: 0.650 Loading class javax/swing/DefaultBoundedRangeModel done
Event: 0.650 Loading class javax/swing/JTextField$ScrollRepainter
Event: 0.650 Loading class javax/swing/JTextField$ScrollRepainter done
Event: 0.651 Loading class java/awt/event/FocusEvent$Cause
Event: 0.651 Loading class java/awt/event/FocusEvent$Cause done
Event: 0.651 Loading class javax/swing/JToolBar
Event: 0.652 Loading class javax/swing/JToolBar done
Event: 0.666 Loading class javax/swing/CellRendererPane
Event: 0.666 Loading class javax/swing/CellRendererPane done
Event: 0.666 Loading class javax/swing/JLayer
Event: 0.666 Loading class javax/swing/JLayer done
Event: 0.666 Loading class javax/swing/JViewport
Event: 0.666 Loading class javax/swing/JViewport done
Event: 0.666 Loading class java/applet/Applet
Event: 0.666 Loading class java/awt/Panel
Event: 0.667 Loading class java/awt/Panel done
Event: 0.667 Loading class java/applet/Applet done

Classes unloaded (0 events):
No events

Classes redefined (0 events):
No events

Internal exceptions (12 events):
Event: 0.175 Thread 0x0000021a60c52420 Exception <a 'java/lang/ClassNotFoundException'{0x00000000a938b578}: sun/awt/resources/spi/awtProvider> (0x00000000a938b578) 
thrown [s\open\src\hotspot\share\classfile\systemDictionary.cpp, line 255]
Event: 0.212 Thread 0x0000021a60c52420 Exception <a 'java/io/FileNotFoundException'{0x00000000a93dfd18}> (0x00000000a93dfd18) 
thrown [s\open\src\hotspot\share\prims\jni.cpp, line 516]
Event: 0.223 Thread 0x0000021a60c52420 Exception <a 'java/io/FileNotFoundException'{0x00000000a920d728}> (0x00000000a920d728) 
thrown [s\open\src\hotspot\share\prims\jni.cpp, line 516]
Event: 0.266 Thread 0x0000021a60c52420 Exception <a 'java/lang/NoSuchMethodError'{0x00000000a923f138}: 'java.lang.Object java.lang.invoke.DirectMethodHandle$Holder.invokeStaticInit(java.lang.Object)'> (0x00000000a923f138) 
thrown [s\open\src\hotspot\share\interpreter\linkResolver.cpp, line 759]
Event: 0.329 Thread 0x0000021a7d59c760 Exception <a 'java/lang/NoSuchMethodError'{0x00000000a91162d8}: 'void java.lang.invoke.DirectMethodHandle$Holder.invokeSpecial(java.lang.Object, java.lang.Object, java.lang.Object)'> (0x00000000a91162d8) 
thrown [s\open\src\hotspot\share\interpreter\linkResolver.cpp, line 759]
Event: 0.340 Thread 0x0000021a7d59c760 Exception <a 'java/lang/NoSuchMethodError'{0x00000000a91411d0}: 'java.lang.Object java.lang.invoke.DirectMethodHandle$Holder.newInvokeSpecial(java.lang.Object, java.lang.Object, java.lang.Object, java.lang.Object, java.lang.Object)'> (0x00000000a91411d0) 
thrown [s\open\src\hotspot\share\interpreter\linkResolver.cpp, line 759]
Event: 0.348 Thread 0x0000021a7d59c760 Exception <a 'java/lang/NoSuchMethodError'{0x00000000a9172f38}: 'java.lang.Object java.lang.invoke.DirectMethodHandle$Holder.invokeStatic(java.lang.Object, int, java.lang.Object)'> (0x00000000a9172f38) 
thrown [s\open\src\hotspot\share\interpreter\linkResolver.cpp, line 759]
Event: 0.386 Thread 0x0000021a7d59c760 Exception <a 'java/lang/ClassNotFoundException'{0x00000000a90305f8}: com/sun/swing/internal/plaf/metal/resources/spi/metalProvider> (0x00000000a90305f8) 
thrown [s\open\src\hotspot\share\classfile\systemDictionary.cpp, line 255]
Event: 0.387 Thread 0x0000021a7d59c760 Exception <a 'java/lang/ClassNotFoundException'{0x00000000a9034610}: com/sun/swing/internal/plaf/basic/resources/spi/basicProvider> (0x00000000a9034610) 
thrown [s\open\src\hotspot\share\classfile\systemDictionary.cpp, line 255]
Event: 0.397 Thread 0x0000021a7d59c760 Exception <a 'java/lang/NoSuchMethodError'{0x00000000a90551e0}: 'int java.lang.invoke.Invokers$Holder.invokeExact_MT(java.lang.Object, java.lang.Object)'> (0x00000000a90551e0) 
thrown [s\open\src\hotspot\share\interpreter\linkResolver.cpp, line 759]
Event: 0.425 Thread 0x0000021a7d59c760 Exception <a 'java/lang/NoSuchMethodError'{0x00000000a907bc48}: 'void java.lang.invoke.DirectMethodHandle$Holder.invokeStaticInit(java.lang.Object)'> (0x00000000a907bc48) 
thrown [s\open\src\hotspot\share\interpreter\linkResolver.cpp, line 759]
Event: 0.525 Thread 0x0000021a7d65abc0 Exception <a 'java/lang/NoSuchMethodError'{0x00000000a8f120a0}: 'java.lang.Object java.lang.invoke.DirectMethodHandle$Holder.newInvokeSpecial(java.lang.Object, java.lang.Object, java.lang.Object, int, int, int, int, int)'> (0x00000000a8f120a0) 
thrown [s\open\src\hotspot\share\interpreter\linkResolver.cpp, line 759]

VM Operations (8 events):
Event: 0.385 Executing VM operation: HandshakeAllThreads
Event: 0.385 Executing VM operation: HandshakeAllThreads done
Event: 0.412 Executing VM operation: HandshakeAllThreads
Event: 0.412 Executing VM operation: HandshakeAllThreads done
Event: 0.632 Executing VM operation: HandshakeAllThreads
Event: 0.632 Executing VM operation: HandshakeAllThreads done
Event: 0.639 Executing VM operation: HandshakeAllThreads
Event: 0.639 Executing VM operation: HandshakeAllThreads done

Events (20 events):
Event: 0.053 Thread 0x0000021a7d100b00 Thread added: 0x0000021a7d100b00
Event: 0.053 Thread 0x0000021a7d10af20 Thread added: 0x0000021a7d10af20
Event: 0.053 Thread 0x0000021a7d10b810 Thread added: 0x0000021a7d10b810
Event: 0.053 Thread 0x0000021a7d11e8d0 Thread added: 0x0000021a7d11e8d0
Event: 0.106 Thread 0x0000021a7d33d200 Thread added: 0x0000021a7d33d200
Event: 0.110 Thread 0x0000021a7d345910 Thread added: 0x0000021a7d345910
Event: 0.134 Loaded shared library C:\Program Files\Java\jdk-18.0.2.1\bin\jimage.dll
Event: 0.143 Loaded shared library C:\Program Files\Java\jdk-18.0.2.1\bin\net.dll
Event: 0.146 Loaded shared library C:\Program Files\Java\jdk-18.0.2.1\bin\nio.dll
Event: 0.150 Loaded shared library C:\Program Files\Java\jdk-18.0.2.1\bin\zip.dll
Event: 0.192 Loaded shared library C:\Program Files\Java\jdk-18.0.2.1\bin\awt.dll
Event: 0.267 Thread 0x0000021a7d463900 Thread added: 0x0000021a7d463900
Event: 0.268 Thread 0x0000021a7d568600 Thread added: 0x0000021a7d568600
Event: 0.269 Thread 0x0000021a7d568ac0 Thread added: 0x0000021a7d568ac0
Event: 0.288 Thread 0x0000021a7d59c760 Thread added: 0x0000021a7d59c760
Event: 0.288 Thread 0x0000021a60c52420 Thread exited: 0x0000021a60c52420
Event: 0.288 Thread 0x0000021a60c52420 Thread added: 0x0000021a60c52420
Event: 0.430 Loaded shared library C:\Program Files\Java\jdk-18.0.2.1\bin\freetype.dll
Event: 0.432 Loaded shared library C:\Program Files\Java\jdk-18.0.2.1\bin\fontmanager.dll
Event: 0.521 Thread 0x0000021a7d65abc0 Thread added: 0x0000021a7d65abc0


Dynamic libraries:
0x00007ff744db0000 - 0x00007ff744dc0000 	C:\Program Files\Java\jdk-18.0.2.1\bin\javaw.exe
0x00007ffd87dd0000 - 0x00007ffd87fe7000 	C:\Windows\SYSTEM32\ntdll.dll
0x00007ffd86cb0000 - 0x00007ffd86d74000 	C:\Windows\System32\KERNEL32.DLL
0x00007ffd85780000 - 0x00007ffd85b26000 	C:\Windows\System32\KERNELBASE.dll
0x00007ffd85660000 - 0x00007ffd85771000 	C:\Windows\System32\ucrtbase.dll
0x00007ffd6e990000 - 0x00007ffd6e9aa000 	C:\Program Files\Java\jdk-18.0.2.1\bin\VCRUNTIME140.dll
0x00007ffd72b40000 - 0x00007ffd72b58000 	C:\Program Files\Java\jdk-18.0.2.1\bin\jli.dll
0x00007ffd866b0000 - 0x00007ffd86760000 	C:\Windows\System32\ADVAPI32.dll
0x00007ffd87420000 - 0x00007ffd874c7000 	C:\Windows\System32\msvcrt.dll
0x00007ffd86a70000 - 0x00007ffd86b16000 	C:\Windows\System32\sechost.dll
0x00007ffd86590000 - 0x00007ffd866a7000 	C:\Windows\System32\RPCRT4.dll
0x00007ffd868c0000 - 0x00007ffd86a6d000 	C:\Windows\System32\USER32.dll
0x00007ffd85520000 - 0x00007ffd85546000 	C:\Windows\System32\win32u.dll
0x00007ffd863b0000 - 0x00007ffd863d9000 	C:\Windows\System32\GDI32.dll
0x00007ffd851d0000 - 0x00007ffd852e8000 	C:\Windows\System32\gdi32full.dll
0x00007ffd855c0000 - 0x00007ffd8565a000 	C:\Windows\System32\msvcp_win.dll
0x00007ffd6a420000 - 0x00007ffd6a6b3000 	C:\Windows\WinSxS\amd64_microsoft.windows.common-controls_6595b64144ccf1df_6.0.22621.2361_none_2712ced57382f843\COMCTL32.dll
0x00007ffd77280000 - 0x00007ffd7728a000 	C:\Windows\SYSTEM32\VERSION.dll
0x00007ffd85fb0000 - 0x00007ffd85fe1000 	C:\Windows\System32\IMM32.DLL
0x00007ffd82040000 - 0x00007ffd8204c000 	C:\Program Files\Java\jdk-18.0.2.1\bin\vcruntime140_1.dll
0x00007ffd43e30000 - 0x00007ffd43ebd000 	C:\Program Files\Java\jdk-18.0.2.1\bin\msvcp140.dll
0x00007ffd13b50000 - 0x00007ffd14761000 	C:\Program Files\Java\jdk-18.0.2.1\bin\server\jvm.dll
0x00007ffd86c40000 - 0x00007ffd86c48000 	C:\Windows\System32\PSAPI.DLL
0x00007ffd7e7d0000 - 0x00007ffd7e804000 	C:\Windows\SYSTEM32\WINMM.dll
0x00007ffd76ff0000 - 0x00007ffd76ff9000 	C:\Windows\SYSTEM32\WSOCK32.dll
0x00007ffd86070000 - 0x00007ffd860e1000 	C:\Windows\System32\WS2_32.dll
0x00007ffd84220000 - 0x00007ffd84238000 	C:\Windows\SYSTEM32\kernel.appcore.dll
0x00007ffd805a0000 - 0x00007ffd805aa000 	C:\Program Files\Java\jdk-18.0.2.1\bin\jimage.dll
0x00007ffd82820000 - 0x00007ffd82a4e000 	C:\Windows\SYSTEM32\DBGHELP.DLL
0x00007ffd87090000 - 0x00007ffd8741a000 	C:\Windows\System32\combase.dll
0x00007ffd862d0000 - 0x00007ffd863a7000 	C:\Windows\System32\OLEAUT32.dll
0x00007ffd75dc0000 - 0x00007ffd75df2000 	C:\Windows\SYSTEM32\dbgcore.DLL
0x00007ffd85150000 - 0x00007ffd851ca000 	C:\Windows\System32\bcryptPrimitives.dll
0x00007ffd68200000 - 0x00007ffd68225000 	C:\Program Files\Java\jdk-18.0.2.1\bin\java.dll
0x00007ffd3dff0000 - 0x00007ffd3e0c6000 	C:\Program Files\Java\jdk-18.0.2.1\bin\jsvml.dll
0x00007ffd87530000 - 0x00007ffd87d88000 	C:\Windows\System32\SHELL32.dll
0x00007ffd830c0000 - 0x00007ffd839b2000 	C:\Windows\SYSTEM32\windows.storage.dll
0x00007ffd82f80000 - 0x00007ffd830be000 	C:\Windows\SYSTEM32\wintypes.dll
0x00007ffd86b40000 - 0x00007ffd86c33000 	C:\Windows\System32\SHCORE.dll
0x00007ffd86c50000 - 0x00007ffd86cae000 	C:\Windows\System32\shlwapi.dll
0x00007ffd85080000 - 0x00007ffd850a6000 	C:\Windows\SYSTEM32\profapi.dll
0x00007ffd6d750000 - 0x00007ffd6d763000 	C:\Program Files\Java\jdk-18.0.2.1\bin\net.dll
0x00007ffd7e690000 - 0x00007ffd7e7c7000 	C:\Windows\SYSTEM32\WINHTTP.dll
0x00007ffd84700000 - 0x00007ffd84769000 	C:\Windows\system32\mswsock.dll
0x00007ffd67e60000 - 0x00007ffd67e76000 	C:\Program Files\Java\jdk-18.0.2.1\bin\nio.dll
0x00007ffd67e40000 - 0x00007ffd67e58000 	C:\Program Files\Java\jdk-18.0.2.1\bin\zip.dll
0x00007ffd3a4f0000 - 0x00007ffd3a67f000 	C:\Program Files\Java\jdk-18.0.2.1\bin\awt.dll
0x00007ffd82130000 - 0x00007ffd821c7000 	C:\Windows\SYSTEM32\apphelp.dll
0x00007ffd822f0000 - 0x00007ffd8239b000 	C:\Windows\system32\uxtheme.dll
0x00007ffd86770000 - 0x00007ffd868bc000 	C:\Windows\System32\MSCTF.dll
0x00007ffd863e0000 - 0x00007ffd8657f000 	C:\Windows\System32\ole32.dll
0x00007ffd827e0000 - 0x00007ffd8280b000 	C:\Windows\system32\DWMAPI.DLL
0x00007ffd5fc40000 - 0x00007ffd5fd40000 	C:\Windows\system32\opengl32.dll
0x00007ffd764d0000 - 0x00007ffd764fd000 	C:\Windows\SYSTEM32\GLU32.dll
0x00007ffd82400000 - 0x00007ffd82436000 	C:\Windows\SYSTEM32\dxcore.dll
0x00007ffd403f0000 - 0x00007ffd40476000 	C:\Program Files\Java\jdk-18.0.2.1\bin\freetype.dll
0x00007ffd3e890000 - 0x00007ffd3e938000 	C:\Program Files\Java\jdk-18.0.2.1\bin\fontmanager.dll
0x00007ffd79630000 - 0x00007ffd7977a000 	C:\Windows\SYSTEM32\textinputframework.dll
0x00007ffd860f0000 - 0x00007ffd861a0000 	C:\Windows\System32\clbcatq.dll
0x00007ffd803b0000 - 0x00007ffd80560000 	C:\Windows\SYSTEM32\WindowsCodecs.dll
0x00007ffd63f40000 - 0x00007ffd63f9e000 	C:\Windows\system32\dataexchange.dll
0x00007ffd7bba0000 - 0x00007ffd7be25000 	C:\Windows\system32\twinapi.appcore.dll

dbghelp: loaded successfully - version: 4.0.5 - missing functions: none
symbol engine: initialized successfully - sym options: 0x614 - pdb path: .;C:\Program Files\Java\jdk-18.0.2.1\bin;C:\Windows\SYSTEM32;C:\Windows\WinSxS\amd64_microsoft.windows.common-controls_6595b64144ccf1df_6.0.22621.2361_none_2712ced57382f843;C:\Program Files\Java\jdk-18.0.2.1\bin\server

VM Arguments:
jvm_args: --add-opens=java.base/java.lang=ALL-UNNAMED --add-opens=java.base/java.util=ALL-UNNAMED -Dfile.encoding=UTF-8 -XX:+ShowCodeDetailsInExceptionMessages 
java_command: UI.Login_UI
java_class_path (initial): C:\Users\cupho\Documents\HK5\PHAT_TRIEN_UNG_DUNG\nhom_PTUD\project\QuanLyLuongSanPham_Nhom12\SourceCode\QuanLyLuongSanPham_Nhom12\bin;C:\Users\cupho\Documents\HK5\PHAT_TRIEN_UNG_DUNG\nhom_PTUD\project\QuanLyLuongSanPham_Nhom12\SourceCode\QuanLyLuongSanPham_Nhom12\lib\jasper_report_lib\commons-beanutils-1.8.3.jar;C:\Users\cupho\Documents\HK5\PHAT_TRIEN_UNG_DUNG\nhom_PTUD\project\QuanLyLuongSanPham_Nhom12\SourceCode\QuanLyLuongSanPham_Nhom12\lib\jasper_report_lib\commons-collections-3.2.1-1.0.0.jar;C:\Users\cupho\Documents\HK5\PHAT_TRIEN_UNG_DUNG\nhom_PTUD\project\QuanLyLuongSanPham_Nhom12\SourceCode\QuanLyLuongSanPham_Nhom12\lib\jasper_report_lib\commons-digester-2.1.jar;C:\Users\cupho\Documents\HK5\PHAT_TRIEN_UNG_DUNG\nhom_PTUD\project\QuanLyLuongSanPham_Nhom12\SourceCode\QuanLyLuongSanPham_Nhom12\lib\jasper_report_lib\commons-logging-api-1.1.jar;C:\Users\cupho\Documents\HK5\PHAT_TRIEN_UNG_DUNG\nhom_PTUD\project\QuanLyLuongSanPham_Nhom12\SourceCode\QuanLyLuongSanPham_Nhom12\lib\jasper_report_lib\groovy-all-2.0.1.jar;C:\Users\cupho\Documents\HK5\PHAT_TRIEN_UNG_DUNG\nhom_PTUD\project\QuanLyLuongSanPham_Nhom12\SourceCode\QuanLyLuongSanPham_Nhom12\lib\jasper_report_lib\itext-2.1.7.jar;C:\Users\cupho\Documents\HK5\PHAT_TRIEN_UNG_DUNG\nhom_PTUD\project\QuanLyLuongSanPham_Nhom12\SourceCode\QuanLyLuongSanPham_Nhom12\lib\jasper_report_lib\jasperreports-5.6.0.jar;C:\Users\cupho\Documents\HK5\PHAT_TRIEN_UNG_DUNG\nhom_PTUD\project\QuanLyLuongSanPham_Nhom12\SourceCode\QuanLyLuongSanPham_Nhom12\lib\jasper_report_lib\jasperreports-fonts-5.6.0.jar;C:\Users\cupho\Documents\HK5\PHAT_TRIEN_UNG_DUNG\nhom_PTUD\project\QuanLyLuongSanPham_Nhom12\SourceCode\QuanLyLuongSanPham_Nhom12\lib\swingx-1.6.1.jar
Launcher Type: SUN_STANDARD

[Global flags]
     intx CICompilerCount                          = 3                                         {product} {ergonomic}
     uint ConcGCThreads                            = 1                                         {product} {ergonomic}
     uint G1ConcRefinementThreads                  = 4                                         {product} {ergonomic}
   size_t G1HeapRegionSize                         = 1048576                                   {product} {ergonomic}
    uintx GCDrainStackTargetSize                   = 64                                        {product} {ergonomic}
   size_t InitialHeapSize                          = 98566144                                  {product} {ergonomic}
   size_t MarkStackSize                            = 4194304                                   {product} {ergonomic}
   size_t MaxHeapSize                              = 1551892480                                {product} {ergonomic}
   size_t MaxNewSize                               = 931135488                                 {product} {ergonomic}
   size_t MinHeapDeltaBytes                        = 1048576                                   {product} {ergonomic}
   size_t MinHeapSize                              = 8388608                                   {product} {ergonomic}
    uintx NonNMethodCodeHeapSize                   = 5832780                                {pd product} {ergonomic}
    uintx NonProfiledCodeHeapSize                  = 122912730                              {pd product} {ergonomic}
    uintx ProfiledCodeHeapSize                     = 122912730                              {pd product} {ergonomic}
    uintx ReservedCodeCacheSize                    = 251658240                              {pd product} {ergonomic}
     bool SegmentedCodeCache                       = true                                      {product} {ergonomic}
     bool ShowCodeDetailsInExceptionMessages       = true                                   {manageable} {command line}
   size_t SoftMaxHeapSize                          = 1551892480                             {manageable} {ergonomic}
     bool UseCompressedClassPointers               = true                           {product lp64_product} {ergonomic}
     bool UseCompressedOops                        = true                           {product lp64_product} {ergonomic}
     bool UseG1GC                                  = true                                      {product} {ergonomic}
     bool UseLargePagesIndividualAllocation        = false                                  {pd product} {ergonomic}

Logging:
Log output configuration:
 #0: stdout all=warning uptime,level,tags foldmultilines=false
 #1: stderr all=off uptime,level,tags foldmultilines=false

Environment Variables:
PATH=C:/Program Files/Java/jdk-17.0.4.1/bin/server;C:/Program Files/Java/jdk-17.0.4.1/bin;C:\Program Files\Common Files\Oracle\Java\javapath;C:\Windows\system32;C:\Windows;C:\Windows\System32\Wbem;C:\Windows\System32\WindowsPowerShell\v1.0\;C:\Windows\System32\OpenSSH\;C:\Program Files\nodejs\;C:\Program Files\Git\cmd;D:\mongosh-1.6.1-win32-x64\mongosh-1.6.1-win32-x64\bin;C:\Program Files\Azure Data Studio\bin;C:\Program Files\Microsoft SQL Server\Client SDK\ODBC\170\Tools\Binn\;C:\Program Files (x86)\Microsoft SQL Server\150\Tools\Binn\;C:\Program Files\Microsoft SQL Server\150\Tools\Binn\;C:\Program Files\Microsoft SQL Server\150\DTS\Binn\;C:\Program Files (x86)\Microsoft SQL Server\160\DTS\Binn\;C:\Program Files\Git LFS;C:\Program Files\MongoDB\Server\6.0\bin;C:\Users\cupho\AppData\Local\Microsoft\WindowsApps;C:\Users\cupho\AppData\Local\Programs\Microsoft VS Code\bin;C:\Users\cupho\AppData\Roaming\npm;C:\Program Files\Azure Data Studio\bin;C:\Program Files\JetBrains\IntelliJ IDEA 2023.2\bin;;C:\Program Files\Java\jdk-18.0.2.1\bin;;C:\Users\cupho\eclipse\java-2022-09\eclipse;
USERNAME=cupho
OS=Windows_NT
PROCESSOR_IDENTIFIER=Intel64 Family 6 Model 42 Stepping 7, GenuineIntel



---------------  S Y S T E M  ---------------

OS:
 Windows 11 , 64 bit Build 22621 (10.0.22621.2428)
OS uptime: 3 days 18:53 hours

CPU: total 4 (initial active 4) (2 cores per cpu, 2 threads per core) family 6 model 42 stepping 7 microcode 0x2f, cx8, cmov, fxsr, ht, mmx, sse, sse2, sse3, ssse3, sse4.1, sse4.2, popcnt, tsc, tscinvbit, avx, aes, clmul, vzeroupper, clflush

Memory: 4k page, system-wide physical 5919M (412M free)
TotalPageFile size 9919M (AvailPageFile size 4M)
current process WorkingSet (physical memory assigned to process): 61M, peak: 61M
current process commit charge ("private bytes"): 181M, peak: 181M

vm_info: Java HotSpot(TM) 64-Bit Server VM (18.0.2.1+1-1) for windows-amd64 JRE (18.0.2.1+1-1), built on Aug 16 2022 01:46:33 by "mach5one" with MS VC++ 16.8 / 16.9 (VS2019)

END.
