#
# There is insufficient memory for the Java Runtime Environment to continue.
# Native memory allocation (mmap) failed to map 98566144 bytes for G1 virtual space
# Possible reasons:
#   The system is out of physical RAM or swap space
#   The process is running with CompressedOops enabled, and the Java Heap may be blocking the growth of the native heap
# Possible solutions:
#   Reduce memory load on the system
#   Increase physical memory or swap space
#   Check if swap backing store is full
#   Decrease Java heap size (-Xmx/-Xms)
#   Decrease number of Java threads
#   Decrease Java thread stack sizes (-Xss)
#   Set larger code cache with -XX:ReservedCodeCacheSize=
#   JVM is running with Unscaled Compressed Oops mode in which the Java heap is
#     placed in the first 4GB address space. The Java Heap base address is the
#     maximum limit for the native heap growth. Please use -XX:HeapBaseMinAddress
#     to set the Java Heap base and to place the Java Heap above 4GB virtual address.
# This output file may be truncated or incomplete.
#
#  Out of Memory Error (os_windows.cpp:3530), pid=8888, tid=12732
#
# JRE version:  (18.0.2.1+1) (build )
# Java VM: Java HotSpot(TM) 64-Bit Server VM (18.0.2.1+1-1, mixed mode, sharing, tiered, compressed oops, compressed class ptrs, g1 gc, windows-amd64)
# No core dump will be written. Minidumps are not enabled by default on client versions of Windows
#

---------------  S U M M A R Y ------------

Command Line: --add-opens=java.base/java.lang=ALL-UNNAMED --add-opens=java.base/java.util=ALL-UNNAMED -Dfile.encoding=UTF-8 -XX:+ShowCodeDetailsInExceptionMessages UI.Login_UI

Host: Intel(R) Core(TM) i5-2540M CPU @ 2.60GHz, 4 cores, 5G,  Windows 11 , 64 bit Build 22621 (10.0.22621.2506)
Time: Wed Nov  1 18:53:18 2023 SE Asia Standard Time elapsed time: 0.027683 seconds (0d 0h 0m 0s)

---------------  T H R E A D  ---------------

Current thread (0x0000018e910de780):  JavaThread "Unknown thread" [_thread_in_vm, id=12732, stack(0x0000003dc9f00000,0x0000003dca000000)]

Stack: [0x0000003dc9f00000,0x0000003dca000000]
Native frames: (J=compiled Java code, j=interpreted, Vv=VM code, C=native code)
V  [jvm.dll+0x6993aa]
V  [jvm.dll+0x7f46dd]
V  [jvm.dll+0x7f5fee]
V  [jvm.dll+0x7f66a3]
V  [jvm.dll+0x25cf1f]
V  [jvm.dll+0x6962f9]
V  [jvm.dll+0x68ae2a]
V  [jvm.dll+0x32255b]
V  [jvm.dll+0x329f36]
V  [jvm.dll+0x37eade]
V  [jvm.dll+0x37ed0f]
V  [jvm.dll+0x2fa2da]
V  [jvm.dll+0x2fb33d]
V  [jvm.dll+0x7c3310]
V  [jvm.dll+0x38be61]
V  [jvm.dll+0x7a2023]
V  [jvm.dll+0x40dc3f]
V  [jvm.dll+0x40f611]
C  [jli.dll+0x526b]
C  [ucrtbase.dll+0x29363]
C  [KERNEL32.DLL+0x1257d]
C  [ntdll.dll+0x5aa58]


---------------  P R O C E S S  ---------------

Threads class SMR info:
_java_thread_list=0x00007fffea8ce550, length=0, elements={
}

Java Threads: ( => current thread )

Other Threads:
  0x0000018e9112ea30 WorkerThread "GC Thread#0" [stack: 0x0000003dca000000,0x0000003dca100000] [id=14824]
  0x0000018e9113ba00 ConcurrentGCThread "G1 Main Marker" [stack: 0x0000003dca100000,0x0000003dca200000] [id=16036]
  0x0000018e9113c3f0 WorkerThread "G1 Conc#0" [stack: 0x0000003dca200000,0x0000003dca300000] [id=13660]

[error occurred during error reporting (printing all threads), id 0xc0000005, EXCEPTION_ACCESS_VIOLATION (0xc0000005) at pc=0x00007fffea0fa877]

VM state: not at safepoint (not fully initialized)

VM Mutex/Monitor currently owned by a thread:  ([mutex/lock_event])
[0x0000018e910d90c0] Heap_lock - owner thread: 0x0000018e910de780

Heap address: 0x00000000a3800000, size: 1480 MB, Compressed Oops mode: 32-bit

CDS archive(s) mapped at: [0x0000000000000000-0x0000000000000000-0x0000000000000000), size 0, SharedBaseAddress: 0x0000000800000000, ArchiveRelocationMode: 0.
Narrow klass base: 0x0000000000000000, Narrow klass shift: 0, Narrow klass range: 0x0

GC Precious Log:
 CardTable entry size: 512
 Card Set container configuration: InlinePtr #cards 5 size 8 Array Of Cards #cards 12 size 40 Howl #buckets 4 coarsen threshold 1843 Howl Bitmap #cards 512 size 80 coarsen threshold 460 Card regions per heap region 1 cards per card region 2048

Heap:
 garbage-first heap   total 0K, used 0K [0x00000000a3800000, 0x0000000100000000)
  region size 1024K, 0 young (0K), 0 survivors (0K)

[error occurred during error reporting (printing heap information), id 0xc0000005, EXCEPTION_ACCESS_VIOLATION (0xc0000005) at pc=0x00007fffea4e1839]

GC Heap History (0 events):
No events

Deoptimization events (0 events):
No events

Classes loaded (0 events):
No events

Classes unloaded (0 events):
No events

Classes redefined (0 events):
No events

Internal exceptions (0 events):
No events

VM Operations (0 events):
No events

Events (1 events):
Event: 0.015 Loaded shared library C:\Program Files\Java\jdk-18.0.2.1\bin\java.dll


Dynamic libraries:
0x00007ff6e2670000 - 0x00007ff6e2680000 	C:\Program Files\Java\jdk-18.0.2.1\bin\javaw.exe
0x00007ff832530000 - 0x00007ff832747000 	C:\Windows\SYSTEM32\ntdll.dll
0x00007ff830c20000 - 0x00007ff830ce4000 	C:\Windows\System32\KERNEL32.DLL
0x00007ff82f8e0000 - 0x00007ff82fc87000 	C:\Windows\System32\KERNELBASE.dll
0x00007ff82fe30000 - 0x00007ff82ff41000 	C:\Windows\System32\ucrtbase.dll
0x00007ff829ba0000 - 0x00007ff829bb8000 	C:\Program Files\Java\jdk-18.0.2.1\bin\jli.dll
0x00007ff829da0000 - 0x00007ff829dba000 	C:\Program Files\Java\jdk-18.0.2.1\bin\VCRUNTIME140.dll
0x00007ff8313d0000 - 0x00007ff831480000 	C:\Windows\System32\ADVAPI32.dll
0x00007ff831100000 - 0x00007ff8311a7000 	C:\Windows\System32\msvcrt.dll
0x00007ff831ab0000 - 0x00007ff831b56000 	C:\Windows\System32\sechost.dll
0x00007ff8311b0000 - 0x00007ff8312c7000 	C:\Windows\System32\RPCRT4.dll
0x00007ff831900000 - 0x00007ff831aae000 	C:\Windows\System32\USER32.dll
0x00007ff82f8b0000 - 0x00007ff82f8d6000 	C:\Windows\System32\win32u.dll
0x00007ff831d30000 - 0x00007ff831d59000 	C:\Windows\System32\GDI32.dll
0x00007ff82fd10000 - 0x00007ff82fe29000 	C:\Windows\System32\gdi32full.dll
0x00007ff82ff50000 - 0x00007ff82ffea000 	C:\Windows\System32\msvcp_win.dll
0x00007ff819730000 - 0x00007ff8199c3000 	C:\Windows\WinSxS\amd64_microsoft.windows.common-controls_6595b64144ccf1df_6.0.22621.2506_none_270c5ae97388e100\COMCTL32.dll
0x00007ff827760000 - 0x00007ff82776a000 	C:\Windows\SYSTEM32\VERSION.dll
0x00007ff8321c0000 - 0x00007ff8321f1000 	C:\Windows\System32\IMM32.DLL
0x00007ff82a2f0000 - 0x00007ff82a2fc000 	C:\Program Files\Java\jdk-18.0.2.1\bin\vcruntime140_1.dll
0x00007ff8276d0000 - 0x00007ff82775d000 	C:\Program Files\Java\jdk-18.0.2.1\bin\msvcp140.dll
0x00007fffe9df0000 - 0x00007fffeaa01000 	C:\Program Files\Java\jdk-18.0.2.1\bin\server\jvm.dll
0x00007ff830cf0000 - 0x00007ff830cf8000 	C:\Windows\System32\PSAPI.DLL
0x00007ff829e10000 - 0x00007ff829e19000 	C:\Windows\SYSTEM32\WSOCK32.dll
0x00007ff8312d0000 - 0x00007ff831341000 	C:\Windows\System32\WS2_32.dll
0x00007ff829990000 - 0x00007ff8299c4000 	C:\Windows\SYSTEM32\WINMM.dll
0x00007ff82e940000 - 0x00007ff82e958000 	C:\Windows\SYSTEM32\kernel.appcore.dll
0x00007ff82a030000 - 0x00007ff82a03a000 	C:\Program Files\Java\jdk-18.0.2.1\bin\jimage.dll
0x00007ff82d4b0000 - 0x00007ff82d6e3000 	C:\Windows\SYSTEM32\DBGHELP.DLL
0x00007ff830d70000 - 0x00007ff8310f9000 	C:\Windows\System32\combase.dll
0x00007ff831fb0000 - 0x00007ff832087000 	C:\Windows\System32\OLEAUT32.dll
0x00007ff829060000 - 0x00007ff829092000 	C:\Windows\SYSTEM32\dbgcore.DLL
0x00007ff82fc90000 - 0x00007ff82fd0a000 	C:\Windows\System32\bcryptPrimitives.dll
0x00007ff829b70000 - 0x00007ff829b95000 	C:\Program Files\Java\jdk-18.0.2.1\bin\java.dll

dbghelp: loaded successfully - version: 4.0.5 - missing functions: none
symbol engine: initialized successfully - sym options: 0x614 - pdb path: .;C:\Program Files\Java\jdk-18.0.2.1\bin;C:\Windows\SYSTEM32;C:\Windows\WinSxS\amd64_microsoft.windows.common-controls_6595b64144ccf1df_6.0.22621.2506_none_270c5ae97388e100;C:\Program Files\Java\jdk-18.0.2.1\bin\server

VM Arguments:
jvm_args: --add-opens=java.base/java.lang=ALL-UNNAMED --add-opens=java.base/java.util=ALL-UNNAMED -Dfile.encoding=UTF-8 -XX:+ShowCodeDetailsInExceptionMessages 
java_command: UI.Login_UI
java_class_path (initial): C:\Users\cupho\Documents\HK5\PHAT_TRIEN_UNG_DUNG\nhom_PTUD\project\QuanLyLuongSanPham_Nhom12\SourceCode\QuanLyLuongSanPham_Nhom12\bin;C:\Users\cupho\Documents\HK5\PHAT_TRIEN_UNG_DUNG\nhom_PTUD\project\QuanLyLuongSanPham_Nhom12\SourceCode\QuanLyLuongSanPham_Nhom12\lib\jasper_report_lib\commons-beanutils-1.8.3.jar;C:\Users\cupho\Documents\HK5\PHAT_TRIEN_UNG_DUNG\nhom_PTUD\project\QuanLyLuongSanPham_Nhom12\SourceCode\QuanLyLuongSanPham_Nhom12\lib\jasper_report_lib\commons-collections-3.2.1-1.0.0.jar;C:\Users\cupho\Documents\HK5\PHAT_TRIEN_UNG_DUNG\nhom_PTUD\project\QuanLyLuongSanPham_Nhom12\SourceCode\QuanLyLuongSanPham_Nhom12\lib\jasper_report_lib\commons-digester-2.1.jar;C:\Users\cupho\Documents\HK5\PHAT_TRIEN_UNG_DUNG\nhom_PTUD\project\QuanLyLuongSanPham_Nhom12\SourceCode\QuanLyLuongSanPham_Nhom12\lib\jasper_report_lib\commons-logging-api-1.1.jar;C:\Users\cupho\Documents\HK5\PHAT_TRIEN_UNG_DUNG\nhom_PTUD\project\QuanLyLuongSanPham_Nhom12\SourceCode\QuanLyLuongSanPham_Nhom12\lib\jasper_report_lib\groovy-all-2.0.1.jar;C:\Users\cupho\Documents\HK5\PHAT_TRIEN_UNG_DUNG\nhom_PTUD\project\QuanLyLuongSanPham_Nhom12\SourceCode\QuanLyLuongSanPham_Nhom12\lib\jasper_report_lib\itext-2.1.7.jar;C:\Users\cupho\Documents\HK5\PHAT_TRIEN_UNG_DUNG\nhom_PTUD\project\QuanLyLuongSanPham_Nhom12\SourceCode\QuanLyLuongSanPham_Nhom12\lib\jasper_report_lib\jasperreports-5.6.0.jar;C:\Users\cupho\Documents\HK5\PHAT_TRIEN_UNG_DUNG\nhom_PTUD\project\QuanLyLuongSanPham_Nhom12\SourceCode\QuanLyLuongSanPham_Nhom12\lib\jasper_report_lib\jasperreports-fonts-5.6.0.jar;C:\Users\cupho\Documents\HK5\PHAT_TRIEN_UNG_DUNG\nhom_PTUD\project\QuanLyLuongSanPham_Nhom12\SourceCode\QuanLyLuongSanPham_Nhom12\lib\swingx-1.6.1.jar;C:\Users\cupho\Documents\HK5\PHAT_TRIEN_UNG_DUNG\nhom_PTUD\project\QuanLyLuongSanPham_Nhom12\SourceCode\QuanLyLuongSanPham_Nhom12\lib\sqljdbc42.jar
Launcher Type: SUN_STANDARD

[Global flags]
     intx CICompilerCount                          = 3                                         {product} {ergonomic}
     uint ConcGCThreads                            = 1                                         {product} {ergonomic}
     uint G1ConcRefinementThreads                  = 4                                         {product} {ergonomic}
   size_t G1HeapRegionSize                         = 1048576                                   {product} {ergonomic}
    uintx GCDrainStackTargetSize                   = 64                                        {product} {ergonomic}
   size_t InitialHeapSize                          = 98566144                                  {product} {ergonomic}
   size_t MarkStackSize                            = 4194304                                   {product} {ergonomic}
   size_t MaxHeapSize                              = 1551892480                                {product} {ergonomic}
   size_t MinHeapDeltaBytes                        = 1048576                                   {product} {ergonomic}
   size_t MinHeapSize                              = 8388608                                   {product} {ergonomic}
    uintx NonNMethodCodeHeapSize                   = 5832780                                {pd product} {ergonomic}
    uintx NonProfiledCodeHeapSize                  = 122912730                              {pd product} {ergonomic}
    uintx ProfiledCodeHeapSize                     = 122912730                              {pd product} {ergonomic}
    uintx ReservedCodeCacheSize                    = 251658240                              {pd product} {ergonomic}
     bool SegmentedCodeCache                       = true                                      {product} {ergonomic}
     bool ShowCodeDetailsInExceptionMessages       = true                                   {manageable} {command line}
   size_t SoftMaxHeapSize                          = 1551892480                             {manageable} {ergonomic}
     bool UseCompressedClassPointers               = true                           {product lp64_product} {ergonomic}
     bool UseCompressedOops                        = true                           {product lp64_product} {ergonomic}
     bool UseG1GC                                  = true                                      {product} {ergonomic}
     bool UseLargePagesIndividualAllocation        = false                                  {pd product} {ergonomic}

Logging:
Log output configuration:
 #0: stdout all=warning uptime,level,tags foldmultilines=false
 #1: stderr all=off uptime,level,tags foldmultilines=false

Environment Variables:
PATH=C:/Program Files/Java/jdk-17.0.4.1/bin/server;C:/Program Files/Java/jdk-17.0.4.1/bin;C:\Program Files\Common Files\Oracle\Java\javapath;C:\Windows\system32;C:\Windows;C:\Windows\System32\Wbem;C:\Windows\System32\WindowsPowerShell\v1.0\;C:\Windows\System32\OpenSSH\;C:\Program Files\nodejs\;C:\Program Files\Git\cmd;D:\mongosh-1.6.1-win32-x64\mongosh-1.6.1-win32-x64\bin;C:\Program Files\Azure Data Studio\bin;C:\Program Files\Microsoft SQL Server\Client SDK\ODBC\170\Tools\Binn\;C:\Program Files (x86)\Microsoft SQL Server\150\Tools\Binn\;C:\Program Files\Microsoft SQL Server\150\Tools\Binn\;C:\Program Files\Microsoft SQL Server\150\DTS\Binn\;C:\Program Files (x86)\Microsoft SQL Server\160\DTS\Binn\;C:\Program Files\Git LFS;C:\Program Files\MongoDB\Server\6.0\bin;C:\Users\cupho\AppData\Local\Microsoft\WindowsApps;C:\Users\cupho\AppData\Local\Programs\Microsoft VS Code\bin;C:\Users\cupho\AppData\Roaming\npm;C:\Program Files\Azure Data Studio\bin;C:\Program Files\JetBrains\IntelliJ IDEA 2023.2\bin;;C:\Program Files\Java\jdk-18.0.2.1\bin;;C:\Users\cupho\eclipse\java-2022-09\eclipse;
USERNAME=cupho
OS=Windows_NT
PROCESSOR_IDENTIFIER=Intel64 Family 6 Model 42 Stepping 7, GenuineIntel



---------------  S Y S T E M  ---------------

OS:
 Windows 11 , 64 bit Build 22621 (10.0.22621.2506)
OS uptime: 1 days 0:29 hours

CPU: total 4 (initial active 4) (2 cores per cpu, 2 threads per core) family 6 model 42 stepping 7 microcode 0x2f, cx8, cmov, fxsr, ht, mmx, sse, sse2, sse3, ssse3, sse4.1, sse4.2, popcnt, tsc, tscinvbit, avx, aes, clmul, vzeroupper, clflush

Memory: 4k page, system-wide physical 5919M (323M free)
TotalPageFile size 9919M (AvailPageFile size 69M)
current process WorkingSet (physical memory assigned to process): 11M, peak: 11M
current process commit charge ("private bytes"): 52M, peak: 145M

vm_info: Java HotSpot(TM) 64-Bit Server VM (18.0.2.1+1-1) for windows-amd64 JRE (18.0.2.1+1-1), built on Aug 16 2022 01:46:33 by "mach5one" with MS VC++ 16.8 / 16.9 (VS2019)

END.
